2020-02-10 14:58:45.951 +08:00 [ServiceA] [Information] SkyApm.InstrumentStartup : Initializing ...
2020-02-10 14:58:46.029 +08:00 [ServiceA] [Information] SkyApm.Service.RegisterService : Loaded instrument service [SkyApm.Service.RegisterService].
2020-02-10 14:58:46.030 +08:00 [ServiceA] [Information] SkyApm.Service.PingService : Loaded instrument service [SkyApm.Service.PingService].
2020-02-10 14:58:46.030 +08:00 [ServiceA] [Information] SkyApm.Service.ServiceDiscoveryV5Service : Loaded instrument service [SkyApm.Service.ServiceDiscoveryV5Service].
2020-02-10 14:58:46.031 +08:00 [ServiceA] [Information] SkyApm.Service.SegmentReportService : Loaded instrument service [SkyApm.Service.SegmentReportService].
2020-02-10 14:58:46.031 +08:00 [ServiceA] [Information] SkyApm.Service.CLRStatsService : Loaded instrument service [SkyApm.Service.CLRStatsService].
2020-02-10 14:58:46.032 +08:00 [ServiceA] [Information] SkyApm.Sampling.SimpleCountSamplingInterceptor : Loaded instrument service [SkyApm.Sampling.SimpleCountSamplingInterceptor].
2020-02-10 14:58:46.032 +08:00 [ServiceA] [Information] SkyApm.Transport.Grpc.V6.ConnectService : Loaded instrument service [SkyApm.Transport.Grpc.V6.ConnectService].
2020-02-10 14:58:46.101 +08:00 [ServiceA] [Information] SkyApm.Diagnostics.TracingDiagnosticProcessorObserver : Loaded diagnostic listener [Microsoft.AspNetCore].
2020-02-10 14:58:46.102 +08:00 [ServiceA] [Information] SkyApm.InstrumentStartup : Started SkyAPM .NET Core Agent.
2020-02-10 14:58:46.563 +08:00 [ServiceA] [Information] SkyApm.Transport.Grpc.ConnectionManager : Connected server[192.168.124.4:11800].
2020-02-10 14:58:46.755 +08:00 [ServiceA] [Information] SkyApm.Diagnostics.TracingDiagnosticProcessorObserver : Loaded diagnostic listener [HttpHandlerDiagnosticListener].
2020-02-10 14:59:16.058 +08:00 [ServiceA] [Information] SkyApm.Service.RegisterService : Registered Service[Id=3].
2020-02-10 14:59:16.621 +08:00 [ServiceA] [Information] SkyApm.Service.RegisterService : Registered ServiceInstance[Id=3].
2020-02-10 14:59:46.072 +08:00 [ServiceA] [Information] SkyApm.Service.CLRStatsService : Report CLR Stats. CPU UsagePercent 0 GenCollectCount 23 21 4 1M ThreadPool 32765 32767 1000 1000
2020-02-10 15:00:16.054 +08:00 [ServiceA] [Information] SkyApm.Service.CLRStatsService : Report CLR Stats. CPU UsagePercent 0 GenCollectCount 15 0 0 1M ThreadPool 32761 32767 1000 1000
2020-02-10 15:00:16.065 +08:00 [ServiceA] [Information] SkyApm.Service.PingService : Ping server @2020/2/10 7:00:16 +00:00
2020-02-10 15:00:46.063 +08:00 [ServiceA] [Information] SkyApm.Service.CLRStatsService : Report CLR Stats. CPU UsagePercent 0 GenCollectCount 10 0 0 1M ThreadPool 32761 32767 1000 1000
2020-02-10 15:01:16.042 +08:00 [ServiceA] [Information] SkyApm.Service.CLRStatsService : Report CLR Stats. CPU UsagePercent 0 GenCollectCount 13 0 0 1M ThreadPool 32753 32767 1000 1000
2020-02-10 15:01:16.042 +08:00 [ServiceA] [Information] SkyApm.Service.PingService : Ping server @2020/2/10 7:01:16 +00:00
2020-02-10 15:01:46.051 +08:00 [ServiceA] [Information] SkyApm.Service.CLRStatsService : Report CLR Stats. CPU UsagePercent 0 GenCollectCount 16 15 1 1M ThreadPool 32763 32767 1000 1000
2020-02-10 15:02:16.054 +08:00 [ServiceA] [Information] SkyApm.Service.PingService : Ping server @2020/2/10 7:02:16 +00:00
2020-02-10 15:02:16.054 +08:00 [ServiceA] [Information] SkyApm.Service.CLRStatsService : Report CLR Stats. CPU UsagePercent 0 GenCollectCount 6 6 1 1M ThreadPool 32760 32767 1000 1000
2020-02-10 15:02:46.049 +08:00 [ServiceA] [Information] SkyApm.Service.CLRStatsService : Report CLR Stats. CPU UsagePercent 0 GenCollectCount 2 2 0 2M ThreadPool 32762 32767 1000 1000
2020-02-10 15:03:16.046 +08:00 [ServiceA] [Information] SkyApm.Service.CLRStatsService : Report CLR Stats. CPU UsagePercent 0 GenCollectCount 0 0 0 2M ThreadPool 32756 32767 1000 1000
2020-02-10 15:03:16.046 +08:00 [ServiceA] [Information] SkyApm.Service.PingService : Ping server @2020/2/10 7:03:16 +00:00
2020-02-10 15:04:12.721 +08:00 [ServiceA] [Information] SkyApm.InstrumentStartup : Initializing ...
2020-02-10 15:04:12.768 +08:00 [ServiceA] [Information] SkyApm.Service.RegisterService : Loaded instrument service [SkyApm.Service.RegisterService].
2020-02-10 15:04:12.768 +08:00 [ServiceA] [Information] SkyApm.Service.PingService : Loaded instrument service [SkyApm.Service.PingService].
2020-02-10 15:04:12.768 +08:00 [ServiceA] [Information] SkyApm.Service.ServiceDiscoveryV5Service : Loaded instrument service [SkyApm.Service.ServiceDiscoveryV5Service].
2020-02-10 15:04:12.768 +08:00 [ServiceA] [Information] SkyApm.Service.SegmentReportService : Loaded instrument service [SkyApm.Service.SegmentReportService].
2020-02-10 15:04:12.769 +08:00 [ServiceA] [Information] SkyApm.Service.CLRStatsService : Loaded instrument service [SkyApm.Service.CLRStatsService].
2020-02-10 15:04:12.769 +08:00 [ServiceA] [Information] SkyApm.Sampling.SimpleCountSamplingInterceptor : Loaded instrument service [SkyApm.Sampling.SimpleCountSamplingInterceptor].
2020-02-10 15:04:12.769 +08:00 [ServiceA] [Information] SkyApm.Transport.Grpc.V6.ConnectService : Loaded instrument service [SkyApm.Transport.Grpc.V6.ConnectService].
2020-02-10 15:04:12.809 +08:00 [ServiceA] [Information] SkyApm.Diagnostics.TracingDiagnosticProcessorObserver : Loaded diagnostic listener [Microsoft.AspNetCore].
2020-02-10 15:04:12.809 +08:00 [ServiceA] [Information] SkyApm.InstrumentStartup : Started SkyAPM .NET Core Agent.
2020-02-10 15:04:12.858 +08:00 [ServiceA] [Information] SkyApm.Transport.Grpc.ConnectionManager : Connected server[192.168.124.4:11800].
2020-02-10 15:04:13.338 +08:00 [ServiceA] [Information] SkyApm.Service.RegisterService : Registered Service[Id=3].
2020-02-10 15:04:13.895 +08:00 [ServiceA] [Information] SkyApm.Service.RegisterService : Registered ServiceInstance[Id=4].
2020-02-10 15:04:42.801 +08:00 [ServiceA] [Information] SkyApm.Service.PingService : Ping server @2020/2/10 7:04:42 +00:00
2020-02-10 15:04:42.801 +08:00 [ServiceA] [Information] SkyApm.Service.CLRStatsService : Report CLR Stats. CPU UsagePercent 0 GenCollectCount 0 0 0 5M ThreadPool 32764 32767 1000 1000
2020-02-10 15:04:50.212 +08:00 [ServiceA] [Information] SkyApm.InstrumentStartup : Initializing ...
2020-02-10 15:04:50.261 +08:00 [ServiceA] [Information] SkyApm.Service.RegisterService : Loaded instrument service [SkyApm.Service.RegisterService].
2020-02-10 15:04:50.261 +08:00 [ServiceA] [Information] SkyApm.Service.PingService : Loaded instrument service [SkyApm.Service.PingService].
2020-02-10 15:04:50.262 +08:00 [ServiceA] [Information] SkyApm.Service.ServiceDiscoveryV5Service : Loaded instrument service [SkyApm.Service.ServiceDiscoveryV5Service].
2020-02-10 15:04:50.262 +08:00 [ServiceA] [Information] SkyApm.Service.SegmentReportService : Loaded instrument service [SkyApm.Service.SegmentReportService].
2020-02-10 15:04:50.262 +08:00 [ServiceA] [Information] SkyApm.Service.CLRStatsService : Loaded instrument service [SkyApm.Service.CLRStatsService].
2020-02-10 15:04:50.263 +08:00 [ServiceA] [Information] SkyApm.Sampling.SimpleCountSamplingInterceptor : Loaded instrument service [SkyApm.Sampling.SimpleCountSamplingInterceptor].
2020-02-10 15:04:50.263 +08:00 [ServiceA] [Information] SkyApm.Transport.Grpc.V6.ConnectService : Loaded instrument service [SkyApm.Transport.Grpc.V6.ConnectService].
2020-02-10 15:04:50.310 +08:00 [ServiceA] [Information] SkyApm.Diagnostics.TracingDiagnosticProcessorObserver : Loaded diagnostic listener [Microsoft.AspNetCore].
2020-02-10 15:04:50.310 +08:00 [ServiceA] [Information] SkyApm.InstrumentStartup : Started SkyAPM .NET Core Agent.
2020-02-10 15:04:50.424 +08:00 [ServiceA] [Information] SkyApm.Transport.Grpc.ConnectionManager : Connected server[192.168.124.4:11800].
2020-02-10 15:04:50.584 +08:00 [ServiceA] [Information] SkyApm.Diagnostics.TracingDiagnosticProcessorObserver : Loaded diagnostic listener [HttpHandlerDiagnosticListener].
2020-02-10 15:04:50.895 +08:00 [ServiceA] [Information] SkyApm.Service.RegisterService : Registered Service[Id=3].
2020-02-10 15:04:51.459 +08:00 [ServiceA] [Information] SkyApm.Service.RegisterService : Registered ServiceInstance[Id=5].
2020-02-10 15:04:55.264 +08:00 [ServiceA] [Debug] SkyApm.Transport.AsyncQueueSegmentDispatcher : Dispatch trace segment. [SegmentId]=0.11.15813182905880003.
2020-02-10 15:04:55.373 +08:00 [ServiceA] [Debug] SkyApm.Transport.AsyncQueueSegmentDispatcher : Dispatch trace segment. [SegmentId]=0.11.15813182904610002.
2020-02-10 15:04:56.341 +08:00 [ServiceA] [Information] SkyApm.Transport.Grpc.V6.SegmentReporter : Report 2 trace segment. cost: 00:00:00.0647359s
2020-02-10 15:05:20.287 +08:00 [ServiceA] [Information] SkyApm.Service.PingService : Ping server @2020/2/10 7:05:20 +00:00
2020-02-10 15:05:20.291 +08:00 [ServiceA] [Information] SkyApm.Service.CLRStatsService : Report CLR Stats. CPU UsagePercent 0 GenCollectCount 0 0 0 7M ThreadPool 32764 32767 1000 1000
2020-02-10 15:05:50.272 +08:00 [ServiceA] [Information] SkyApm.Service.CLRStatsService : Report CLR Stats. CPU UsagePercent 0 GenCollectCount 0 0 0 7M ThreadPool 32765 32767 1000 1000
2020-02-10 15:06:20.275 +08:00 [ServiceA] [Information] SkyApm.Service.CLRStatsService : Report CLR Stats. CPU UsagePercent 0 GenCollectCount 0 0 0 7M ThreadPool 32754 32767 1000 1000
2020-02-10 15:06:20.275 +08:00 [ServiceA] [Information] SkyApm.Service.PingService : Ping server @2020/2/10 7:06:20 +00:00
2020-02-10 15:06:50.274 +08:00 [ServiceA] [Information] SkyApm.Service.CLRStatsService : Report CLR Stats. CPU UsagePercent 0 GenCollectCount 0 0 0 8M ThreadPool 32763 32767 1000 1000
2020-02-10 15:07:20.276 +08:00 [ServiceA] [Information] SkyApm.Service.CLRStatsService : Report CLR Stats. CPU UsagePercent 0 GenCollectCount 0 0 0 8M ThreadPool 32760 32767 1000 1000
2020-02-10 15:07:20.276 +08:00 [ServiceA] [Information] SkyApm.Service.PingService : Ping server @2020/2/10 7:07:20 +00:00
2020-02-10 15:07:50.280 +08:00 [ServiceA] [Information] SkyApm.Service.CLRStatsService : Report CLR Stats. CPU UsagePercent 0 GenCollectCount 2 2 0 2M ThreadPool 32762 32767 1000 1000
2020-02-10 15:08:20.274 +08:00 [ServiceA] [Information] SkyApm.Service.PingService : Ping server @2020/2/10 7:08:20 +00:00
2020-02-10 15:08:20.274 +08:00 [ServiceA] [Information] SkyApm.Service.CLRStatsService : Report CLR Stats. CPU UsagePercent 0 GenCollectCount 15 15 3 1M ThreadPool 32757 32767 1000 1000
2020-02-10 15:08:50.328 +08:00 [ServiceA] [Information] SkyApm.Service.CLRStatsService : Report CLR Stats. CPU UsagePercent 0 GenCollectCount 14 14 2 1M ThreadPool 32761 32767 1000 1000
2020-02-10 15:09:20.281 +08:00 [ServiceA] [Information] SkyApm.Service.CLRStatsService : Report CLR Stats. CPU UsagePercent 0 GenCollectCount 11 11 2 1M ThreadPool 32761 32767 1000 1000
2020-02-10 15:09:20.281 +08:00 [ServiceA] [Information] SkyApm.Service.PingService : Ping server @2020/2/10 7:09:20 +00:00
2020-02-10 15:09:50.276 +08:00 [ServiceA] [Information] SkyApm.Service.CLRStatsService : Report CLR Stats. CPU UsagePercent 0 GenCollectCount 4 3 1 1M ThreadPool 32760 32767 1000 1000
2020-02-10 15:10:12.345 +08:00 [ServiceA] [Debug] SkyApm.Transport.AsyncQueueSegmentDispatcher : Dispatch trace segment. [SegmentId]=5.27.15813186083090003.
2020-02-10 15:10:12.390 +08:00 [ServiceA] [Debug] SkyApm.Transport.AsyncQueueSegmentDispatcher : Dispatch trace segment. [SegmentId]=5.27.15813186082970002.
2020-02-10 15:10:14.291 +08:00 [ServiceA] [Information] SkyApm.Transport.Grpc.V6.SegmentReporter : Report 2 trace segment. cost: 00:00:00.0286957s
2020-02-10 15:10:20.282 +08:00 [ServiceA] [Information] SkyApm.Service.CLRStatsService : Report CLR Stats. CPU UsagePercent 0 GenCollectCount 2 0 0 1M ThreadPool 32762 32767 1000 1000
2020-02-10 15:10:20.282 +08:00 [ServiceA] [Information] SkyApm.Service.PingService : Ping server @2020/2/10 7:10:20 +00:00
2020-02-10 15:10:50.285 +08:00 [ServiceA] [Information] SkyApm.Service.CLRStatsService : Report CLR Stats. CPU UsagePercent 0 GenCollectCount 4 0 0 2M ThreadPool 32762 32767 1000 1000
2020-02-10 15:11:20.332 +08:00 [ServiceA] [Information] SkyApm.Service.CLRStatsService : Report CLR Stats. CPU UsagePercent 0 GenCollectCount 0 0 0 2M ThreadPool 32761 32767 1000 1000
2020-02-10 15:11:20.332 +08:00 [ServiceA] [Information] SkyApm.Service.PingService : Ping server @2020/2/10 7:11:20 +00:00
2020-02-10 15:11:50.277 +08:00 [ServiceA] [Information] SkyApm.Service.CLRStatsService : Report CLR Stats. CPU UsagePercent 0 GenCollectCount 0 0 0 2M ThreadPool 32758 32767 1000 1000
2020-02-10 15:11:52.182 +08:00 [ServiceA] [Debug] SkyApm.Transport.AsyncQueueSegmentDispatcher : Dispatch trace segment. [SegmentId]=5.36.15813187121520002.
2020-02-10 15:11:53.279 +08:00 [ServiceA] [Information] SkyApm.Transport.Grpc.V6.SegmentReporter : Report 1 trace segment. cost: 00:00:00.0176826s
2020-02-10 15:12:20.310 +08:00 [ServiceA] [Information] SkyApm.Service.PingService : Ping server @2020/2/10 7:12:20 +00:00
2020-02-10 15:12:20.317 +08:00 [ServiceA] [Information] SkyApm.Service.CLRStatsService : Report CLR Stats. CPU UsagePercent 0 GenCollectCount 0 0 0 2M ThreadPool 32763 32767 1000 1000
2020-02-10 15:12:50.285 +08:00 [ServiceA] [Information] SkyApm.Service.CLRStatsService : Report CLR Stats. CPU UsagePercent 0 GenCollectCount 0 0 0 3M ThreadPool 32761 32767 1000 1000
2020-02-10 15:13:20.304 +08:00 [ServiceA] [Information] SkyApm.Service.PingService : Ping server @2020/2/10 7:13:20 +00:00
2020-02-10 15:13:20.309 +08:00 [ServiceA] [Information] SkyApm.Service.CLRStatsService : Report CLR Stats. CPU UsagePercent 0 GenCollectCount 5 0 0 1M ThreadPool 32760 32767 1000 1000
2020-02-10 15:13:50.288 +08:00 [ServiceA] [Information] SkyApm.Service.CLRStatsService : Report CLR Stats. CPU UsagePercent 0 GenCollectCount 9 0 0 2M ThreadPool 32759 32767 1000 1000
2020-02-10 15:14:12.523 +08:00 [ServiceA] [Debug] SkyApm.Transport.AsyncQueueSegmentDispatcher : Dispatch trace segment. [SegmentId]=5.41.15813188484950002.
2020-02-10 15:14:12.574 +08:00 [ServiceA] [Debug] SkyApm.Transport.AsyncQueueSegmentDispatcher : Dispatch trace segment. [SegmentId]=5.41.15813188484900001.
2020-02-10 15:14:14.282 +08:00 [ServiceA] [Information] SkyApm.Transport.Grpc.V6.SegmentReporter : Report 2 trace segment. cost: 00:00:00.0092055s
2020-02-10 15:14:20.344 +08:00 [ServiceA] [Information] SkyApm.Service.PingService : Ping server @2020/2/10 7:14:20 +00:00
2020-02-10 15:14:20.349 +08:00 [ServiceA] [Information] SkyApm.Service.CLRStatsService : Report CLR Stats. CPU UsagePercent 0 GenCollectCount 9 0 0 2M ThreadPool 32761 32767 1000 1000
2020-02-10 15:14:50.292 +08:00 [ServiceA] [Information] SkyApm.Service.CLRStatsService : Report CLR Stats. CPU UsagePercent 0 GenCollectCount 6 0 0 2M ThreadPool 32762 32767 1000 1000
2020-02-10 15:15:20.282 +08:00 [ServiceA] [Information] SkyApm.Service.PingService : Ping server @2020/2/10 7:15:20 +00:00
2020-02-10 15:15:20.296 +08:00 [ServiceA] [Information] SkyApm.Service.CLRStatsService : Report CLR Stats. CPU UsagePercent 0 GenCollectCount 0 0 0 2M ThreadPool 32761 32767 1000 1000
2020-02-10 15:15:50.271 +08:00 [ServiceA] [Information] SkyApm.Service.CLRStatsService : Report CLR Stats. CPU UsagePercent 0 GenCollectCount 0 0 0 2M ThreadPool 32758 32767 1000 1000
2020-02-10 15:16:20.276 +08:00 [ServiceA] [Information] SkyApm.Service.PingService : Ping server @2020/2/10 7:16:20 +00:00
2020-02-10 15:16:20.276 +08:00 [ServiceA] [Information] SkyApm.Service.CLRStatsService : Report CLR Stats. CPU UsagePercent 0 GenCollectCount 1 0 0 2M ThreadPool 32762 32767 1000 1000
2020-02-10 15:16:28.769 +08:00 [ServiceA] [Debug] SkyApm.Transport.AsyncQueueSegmentDispatcher : Dispatch trace segment. [SegmentId]=5.64.15813189847240002.
2020-02-10 15:16:28.780 +08:00 [ServiceA] [Debug] SkyApm.Transport.AsyncQueueSegmentDispatcher : Dispatch trace segment. [SegmentId]=5.64.15813189847220001.
2020-02-10 15:16:29.282 +08:00 [ServiceA] [Information] SkyApm.Transport.Grpc.V6.SegmentReporter : Report 2 trace segment. cost: 00:00:00.0130693s
2020-02-10 15:16:50.277 +08:00 [ServiceA] [Information] SkyApm.Service.CLRStatsService : Report CLR Stats. CPU UsagePercent 0 GenCollectCount 0 0 0 3M ThreadPool 32761 32767 1000 1000
2020-02-10 15:17:20.303 +08:00 [ServiceA] [Information] SkyApm.Service.CLRStatsService : Report CLR Stats. CPU UsagePercent 0 GenCollectCount 0 0 0 3M ThreadPool 32761 32767 1000 1000
2020-02-10 15:17:20.303 +08:00 [ServiceA] [Information] SkyApm.Service.PingService : Ping server @2020/2/10 7:17:20 +00:00
2020-02-10 15:17:49.569 +08:00 [ServiceA] [Debug] SkyApm.Transport.AsyncQueueSegmentDispatcher : Dispatch trace segment. [SegmentId]=5.70.15813190695330002.
2020-02-10 15:17:49.577 +08:00 [ServiceA] [Debug] SkyApm.Transport.AsyncQueueSegmentDispatcher : Dispatch trace segment. [SegmentId]=5.70.15813190695310001.
2020-02-10 15:17:50.305 +08:00 [ServiceA] [Information] SkyApm.Transport.Grpc.V6.SegmentReporter : Report 2 trace segment. cost: 00:00:00.0327481s
2020-02-10 15:17:50.345 +08:00 [ServiceA] [Information] SkyApm.Service.CLRStatsService : Report CLR Stats. CPU UsagePercent 0.0625 GenCollectCount 0 0 0 3M ThreadPool 32758 32767 1000 1000
2020-02-10 15:17:55.783 +08:00 [ServiceA] [Debug] SkyApm.Transport.AsyncQueueSegmentDispatcher : Dispatch trace segment. [SegmentId]=5.76.15813190757590002.
2020-02-10 15:17:55.788 +08:00 [ServiceA] [Debug] SkyApm.Transport.AsyncQueueSegmentDispatcher : Dispatch trace segment. [SegmentId]=5.76.15813190757560001.
2020-02-10 15:17:55.798 +08:00 [ServiceA] [Debug] SkyApm.Transport.AsyncQueueSegmentDispatcher : Dispatch trace segment. [SegmentId]=5.77.15813190746860003.
2020-02-10 15:17:56.290 +08:00 [ServiceA] [Information] SkyApm.Transport.Grpc.V6.SegmentReporter : Report 3 trace segment. cost: 00:00:00.0219321s
2020-02-10 15:17:57.894 +08:00 [ServiceA] [Debug] SkyApm.Transport.AsyncQueueSegmentDispatcher : Dispatch trace segment. [SegmentId]=5.57.15813190778660002.
2020-02-10 15:17:57.900 +08:00 [ServiceA] [Debug] SkyApm.Transport.AsyncQueueSegmentDispatcher : Dispatch trace segment. [SegmentId]=5.57.15813190778620001.
2020-02-10 15:17:57.909 +08:00 [ServiceA] [Debug] SkyApm.Transport.AsyncQueueSegmentDispatcher : Dispatch trace segment. [SegmentId]=5.77.15813190758130004.
2020-02-10 15:17:59.277 +08:00 [ServiceA] [Information] SkyApm.Transport.Grpc.V6.SegmentReporter : Report 3 trace segment. cost: 00:00:00.0084906s
2020-02-10 15:18:00.995 +08:00 [ServiceA] [Debug] SkyApm.Transport.AsyncQueueSegmentDispatcher : Dispatch trace segment. [SegmentId]=5.64.15813190809840004.
2020-02-10 15:18:00.997 +08:00 [ServiceA] [Debug] SkyApm.Transport.AsyncQueueSegmentDispatcher : Dispatch trace segment. [SegmentId]=5.64.15813190809830003.
2020-02-10 15:18:01.000 +08:00 [ServiceA] [Debug] SkyApm.Transport.AsyncQueueSegmentDispatcher : Dispatch trace segment. [SegmentId]=5.77.15813190779550005.
2020-02-10 15:18:02.285 +08:00 [ServiceA] [Information] SkyApm.Transport.Grpc.V6.SegmentReporter : Report 3 trace segment. cost: 00:00:00.0098250s
2020-02-10 15:18:08.071 +08:00 [ServiceA] [Debug] SkyApm.Transport.AsyncQueueSegmentDispatcher : Dispatch trace segment. [SegmentId]=5.78.15813190880410002.
2020-02-10 15:18:08.077 +08:00 [ServiceA] [Debug] SkyApm.Transport.AsyncQueueSegmentDispatcher : Dispatch trace segment. [SegmentId]=5.78.15813190880380001.
2020-02-10 15:18:08.099 +08:00 [ServiceA] [Debug] SkyApm.Transport.AsyncQueueSegmentDispatcher : Dispatch trace segment. [SegmentId]=5.77.15813190810070006.
2020-02-10 15:18:08.281 +08:00 [ServiceA] [Information] SkyApm.Transport.Grpc.V6.SegmentReporter : Report 3 trace segment. cost: 00:00:00.0075722s
2020-02-10 15:18:14.183 +08:00 [ServiceA] [Debug] SkyApm.Transport.AsyncQueueSegmentDispatcher : Dispatch trace segment. [SegmentId]=5.57.15813190941570004.
2020-02-10 15:18:14.187 +08:00 [ServiceA] [Debug] SkyApm.Transport.AsyncQueueSegmentDispatcher : Dispatch trace segment. [SegmentId]=5.57.15813190941520003.
2020-02-10 15:18:14.195 +08:00 [ServiceA] [Debug] SkyApm.Transport.AsyncQueueSegmentDispatcher : Dispatch trace segment. [SegmentId]=5.77.15813190881240007.
2020-02-10 15:18:14.284 +08:00 [ServiceA] [Information] SkyApm.Transport.Grpc.V6.SegmentReporter : Report 3 trace segment. cost: 00:00:00.0131405s
2020-02-10 15:18:15.277 +08:00 [ServiceA] [Debug] SkyApm.Transport.AsyncQueueSegmentDispatcher : Dispatch trace segment. [SegmentId]=5.78.15813190952490004.
2020-02-10 15:18:15.284 +08:00 [ServiceA] [Debug] SkyApm.Transport.AsyncQueueSegmentDispatcher : Dispatch trace segment. [SegmentId]=5.78.15813190952440003.
2020-02-10 15:18:15.293 +08:00 [ServiceA] [Debug] SkyApm.Transport.AsyncQueueSegmentDispatcher : Dispatch trace segment. [SegmentId]=5.77.15813190942000008.
2020-02-10 15:18:15.366 +08:00 [ServiceA] [Debug] SkyApm.Transport.AsyncQueueSegmentDispatcher : Dispatch trace segment. [SegmentId]=5.77.15813190746840002.
2020-02-10 15:18:17.337 +08:00 [ServiceA] [Information] SkyApm.Transport.Grpc.V6.SegmentReporter : Report 4 trace segment. cost: 00:00:00.0664595s
2020-02-10 15:18:20.290 +08:00 [ServiceA] [Information] SkyApm.Service.CLRStatsService : Report CLR Stats. CPU UsagePercent 0 GenCollectCount 1 0 0 3M ThreadPool 32761 32767 1000 1000
2020-02-10 15:18:20.290 +08:00 [ServiceA] [Information] SkyApm.Service.PingService : Ping server @2020/2/10 7:18:20 +00:00
2020-02-10 15:18:50.284 +08:00 [ServiceA] [Information] SkyApm.Service.CLRStatsService : Report CLR Stats. CPU UsagePercent 0 GenCollectCount 6 6 2 2M ThreadPool 32760 32767 1000 1000
2020-02-10 15:19:20.283 +08:00 [ServiceA] [Information] SkyApm.Service.CLRStatsService : Report CLR Stats. CPU UsagePercent 0 GenCollectCount 1 1 0 2M ThreadPool 32758 32767 1000 1000
2020-02-10 15:19:20.283 +08:00 [ServiceA] [Information] SkyApm.Service.PingService : Ping server @2020/2/10 7:19:20 +00:00
2020-02-10 15:19:50.293 +08:00 [ServiceA] [Information] SkyApm.Service.CLRStatsService : Report CLR Stats. CPU UsagePercent 0.015625 GenCollectCount 6 6 1 2M ThreadPool 32761 32767 1000 1000
2020-02-10 15:20:20.284 +08:00 [ServiceA] [Information] SkyApm.Service.CLRStatsService : Report CLR Stats. CPU UsagePercent 0 GenCollectCount 0 0 0 2M ThreadPool 32754 32767 1000 1000
2020-02-10 15:20:20.284 +08:00 [ServiceA] [Information] SkyApm.Service.PingService : Ping server @2020/2/10 7:20:20 +00:00
2020-02-10 15:20:50.278 +08:00 [ServiceA] [Information] SkyApm.Service.CLRStatsService : Report CLR Stats. CPU UsagePercent 0 GenCollectCount 0 0 0 2M ThreadPool 32759 32767 1000 1000
2020-02-10 15:21:20.292 +08:00 [ServiceA] [Information] SkyApm.Service.CLRStatsService : Report CLR Stats. CPU UsagePercent 0 GenCollectCount 0 0 0 3M ThreadPool 32759 32767 1000 1000
2020-02-10 15:21:20.292 +08:00 [ServiceA] [Information] SkyApm.Service.PingService : Ping server @2020/2/10 7:21:20 +00:00
2020-02-10 15:21:50.283 +08:00 [ServiceA] [Information] SkyApm.Service.CLRStatsService : Report CLR Stats. CPU UsagePercent 0 GenCollectCount 0 0 0 3M ThreadPool 32758 32767 1000 1000
2020-02-10 15:22:20.274 +08:00 [ServiceA] [Information] SkyApm.Service.CLRStatsService : Report CLR Stats. CPU UsagePercent 0 GenCollectCount 0 0 0 3M ThreadPool 32756 32767 1000 1000
2020-02-10 15:22:20.281 +08:00 [ServiceA] [Information] SkyApm.Service.PingService : Ping server @2020/2/10 7:22:20 +00:00
2020-02-10 15:22:50.306 +08:00 [ServiceA] [Information] SkyApm.Service.CLRStatsService : Report CLR Stats. CPU UsagePercent 0 GenCollectCount 0 0 0 3M ThreadPool 32759 32767 1000 1000
2020-02-10 15:23:20.279 +08:00 [ServiceA] [Information] SkyApm.Service.CLRStatsService : Report CLR Stats. CPU UsagePercent 0 GenCollectCount 0 0 0 4M ThreadPool 32758 32767 1000 1000
2020-02-10 15:23:20.279 +08:00 [ServiceA] [Information] SkyApm.Service.PingService : Ping server @2020/2/10 7:23:20 +00:00
2020-02-10 15:23:50.287 +08:00 [ServiceA] [Information] SkyApm.Service.CLRStatsService : Report CLR Stats. CPU UsagePercent 0 GenCollectCount 0 0 0 4M ThreadPool 32763 32767 1000 1000
2020-02-10 15:24:20.278 +08:00 [ServiceA] [Information] SkyApm.Service.CLRStatsService : Report CLR Stats. CPU UsagePercent 0 GenCollectCount 0 0 0 4M ThreadPool 32754 32767 1000 1000
2020-02-10 15:24:20.278 +08:00 [ServiceA] [Information] SkyApm.Service.PingService : Ping server @2020/2/10 7:24:20 +00:00
2020-02-10 15:24:50.280 +08:00 [ServiceA] [Information] SkyApm.Service.CLRStatsService : Report CLR Stats. CPU UsagePercent 0 GenCollectCount 0 0 0 4M ThreadPool 32762 32767 1000 1000
2020-02-10 15:25:20.275 +08:00 [ServiceA] [Information] SkyApm.Service.CLRStatsService : Report CLR Stats. CPU UsagePercent 0 GenCollectCount 0 0 0 5M ThreadPool 32760 32767 1000 1000
2020-02-10 15:25:20.275 +08:00 [ServiceA] [Information] SkyApm.Service.PingService : Ping server @2020/2/10 7:25:20 +00:00
2020-02-10 15:25:50.279 +08:00 [ServiceA] [Information] SkyApm.Service.CLRStatsService : Report CLR Stats. CPU UsagePercent 0 GenCollectCount 0 0 0 5M ThreadPool 32757 32767 1000 1000
2020-02-10 15:26:20.294 +08:00 [ServiceA] [Information] SkyApm.Service.CLRStatsService : Report CLR Stats. CPU UsagePercent 0 GenCollectCount 0 0 0 5M ThreadPool 32755 32767 1000 1000
2020-02-10 15:26:20.294 +08:00 [ServiceA] [Information] SkyApm.Service.PingService : Ping server @2020/2/10 7:26:20 +00:00
2020-02-10 15:26:50.283 +08:00 [ServiceA] [Information] SkyApm.Service.CLRStatsService : Report CLR Stats. CPU UsagePercent 0 GenCollectCount 0 0 0 6M ThreadPool 32763 32767 1000 1000
2020-02-10 15:27:20.275 +08:00 [ServiceA] [Information] SkyApm.Service.CLRStatsService : Report CLR Stats. CPU UsagePercent 0 GenCollectCount 0 0 0 6M ThreadPool 32757 32767 1000 1000
2020-02-10 15:27:20.277 +08:00 [ServiceA] [Information] SkyApm.Service.PingService : Ping server @2020/2/10 7:27:20 +00:00
2020-02-10 15:27:50.281 +08:00 [ServiceA] [Information] SkyApm.Service.CLRStatsService : Report CLR Stats. CPU UsagePercent 0 GenCollectCount 0 0 0 6M ThreadPool 32760 32767 1000 1000
2020-02-10 15:28:20.277 +08:00 [ServiceA] [Information] SkyApm.Service.CLRStatsService : Report CLR Stats. CPU UsagePercent 0 GenCollectCount 0 0 0 6M ThreadPool 32756 32767 1000 1000
2020-02-10 15:28:20.277 +08:00 [ServiceA] [Information] SkyApm.Service.PingService : Ping server @2020/2/10 7:28:20 +00:00
2020-02-10 15:28:50.280 +08:00 [ServiceA] [Information] SkyApm.Service.CLRStatsService : Report CLR Stats. CPU UsagePercent 0 GenCollectCount 0 0 0 7M ThreadPool 32761 32767 1000 1000
2020-02-10 15:29:20.283 +08:00 [ServiceA] [Information] SkyApm.Service.PingService : Ping server @2020/2/10 7:29:20 +00:00
2020-02-10 15:29:20.283 +08:00 [ServiceA] [Information] SkyApm.Service.CLRStatsService : Report CLR Stats. CPU UsagePercent 0 GenCollectCount 0 0 0 7M ThreadPool 32757 32767 1000 1000
2020-02-10 15:29:50.281 +08:00 [ServiceA] [Information] SkyApm.Service.CLRStatsService : Report CLR Stats. CPU UsagePercent 0 GenCollectCount 0 0 0 7M ThreadPool 32757 32767 1000 1000
2020-02-10 15:30:20.304 +08:00 [ServiceA] [Information] SkyApm.Service.CLRStatsService : Report CLR Stats. CPU UsagePercent 0 GenCollectCount 0 0 0 7M ThreadPool 32755 32767 1000 1000
2020-02-10 15:30:20.304 +08:00 [ServiceA] [Information] SkyApm.Service.PingService : Ping server @2020/2/10 7:30:20 +00:00
2020-02-10 15:30:50.282 +08:00 [ServiceA] [Information] SkyApm.Service.CLRStatsService : Report CLR Stats. CPU UsagePercent 0 GenCollectCount 0 0 0 8M ThreadPool 32761 32767 1000 1000
2020-02-10 15:31:20.286 +08:00 [ServiceA] [Information] SkyApm.Service.PingService : Ping server @2020/2/10 7:31:20 +00:00
2020-02-10 15:31:20.290 +08:00 [ServiceA] [Information] SkyApm.Service.CLRStatsService : Report CLR Stats. CPU UsagePercent 0 GenCollectCount 0 0 0 8M ThreadPool 32757 32767 1000 1000
2020-02-10 15:31:50.284 +08:00 [ServiceA] [Information] SkyApm.Service.CLRStatsService : Report CLR Stats. CPU UsagePercent 0 GenCollectCount 0 0 0 8M ThreadPool 32758 32767 1000 1000
2020-02-10 15:32:20.291 +08:00 [ServiceA] [Information] SkyApm.Service.CLRStatsService : Report CLR Stats. CPU UsagePercent 0 GenCollectCount 0 0 0 9M ThreadPool 32756 32767 1000 1000
2020-02-10 15:32:20.298 +08:00 [ServiceA] [Information] SkyApm.Service.PingService : Ping server @2020/2/10 7:32:20 +00:00
2020-02-10 15:32:50.284 +08:00 [ServiceA] [Information] SkyApm.Service.CLRStatsService : Report CLR Stats. CPU UsagePercent 0 GenCollectCount 0 0 0 9M ThreadPool 32762 32767 1000 1000
2020-02-10 15:33:20.292 +08:00 [ServiceA] [Information] SkyApm.Service.CLRStatsService : Report CLR Stats. CPU UsagePercent 0 GenCollectCount 0 0 0 9M ThreadPool 32759 32767 1000 1000
2020-02-10 15:33:20.303 +08:00 [ServiceA] [Information] SkyApm.Service.PingService : Ping server @2020/2/10 7:33:20 +00:00
2020-02-10 15:33:50.278 +08:00 [ServiceA] [Information] SkyApm.Service.CLRStatsService : Report CLR Stats. CPU UsagePercent 0 GenCollectCount 0 0 0 9M ThreadPool 32757 32767 1000 1000
2020-02-10 15:34:20.276 +08:00 [ServiceA] [Information] SkyApm.Service.CLRStatsService : Report CLR Stats. CPU UsagePercent 0 GenCollectCount 0 0 0 10M ThreadPool 32756 32767 1000 1000
2020-02-10 15:34:20.278 +08:00 [ServiceA] [Information] SkyApm.Service.PingService : Ping server @2020/2/10 7:34:20 +00:00
2020-02-10 15:34:50.282 +08:00 [ServiceA] [Information] SkyApm.Service.CLRStatsService : Report CLR Stats. CPU UsagePercent 0 GenCollectCount 0 0 0 10M ThreadPool 32763 32767 1000 1000
2020-02-10 15:35:20.278 +08:00 [ServiceA] [Information] SkyApm.Service.CLRStatsService : Report CLR Stats. CPU UsagePercent 0.015625 GenCollectCount 0 0 0 10M ThreadPool 32759 32767 1000 1000
2020-02-10 15:35:20.279 +08:00 [ServiceA] [Information] SkyApm.Service.PingService : Ping server @2020/2/10 7:35:20 +00:00
2020-02-10 15:35:50.273 +08:00 [ServiceA] [Information] SkyApm.Service.CLRStatsService : Report CLR Stats. CPU UsagePercent 0 GenCollectCount 1 1 0 2M ThreadPool 32765 32767 1000 1000
2020-02-10 15:36:20.273 +08:00 [ServiceA] [Information] SkyApm.Service.CLRStatsService : Report CLR Stats. CPU UsagePercent 0 GenCollectCount 0 0 0 2M ThreadPool 32758 32767 1000 1000
2020-02-10 15:36:20.273 +08:00 [ServiceA] [Information] SkyApm.Service.PingService : Ping server @2020/2/10 7:36:20 +00:00
2020-02-10 15:36:50.280 +08:00 [ServiceA] [Information] SkyApm.Service.CLRStatsService : Report CLR Stats. CPU UsagePercent 0 GenCollectCount 0 0 0 2M ThreadPool 32759 32767 1000 1000
2020-02-10 15:37:20.278 +08:00 [ServiceA] [Information] SkyApm.Service.CLRStatsService : Report CLR Stats. CPU UsagePercent 0 GenCollectCount 0 0 0 3M ThreadPool 32759 32767 1000 1000
2020-02-10 15:37:20.278 +08:00 [ServiceA] [Information] SkyApm.Service.PingService : Ping server @2020/2/10 7:37:20 +00:00
2020-02-10 15:37:50.271 +08:00 [ServiceA] [Information] SkyApm.Service.CLRStatsService : Report CLR Stats. CPU UsagePercent 0 GenCollectCount 0 0 0 3M ThreadPool 32761 32767 1000 1000
2020-02-10 15:38:20.276 +08:00 [ServiceA] [Information] SkyApm.Service.CLRStatsService : Report CLR Stats. CPU UsagePercent 0 GenCollectCount 0 0 0 3M ThreadPool 32757 32767 1000 1000
2020-02-10 15:38:20.276 +08:00 [ServiceA] [Information] SkyApm.Service.PingService : Ping server @2020/2/10 7:38:20 +00:00
2020-02-10 15:38:50.283 +08:00 [ServiceA] [Information] SkyApm.Service.CLRStatsService : Report CLR Stats. CPU UsagePercent 0 GenCollectCount 0 0 0 3M ThreadPool 32757 32767 1000 1000
2020-02-10 15:39:20.284 +08:00 [ServiceA] [Information] SkyApm.Service.PingService : Ping server @2020/2/10 7:39:20 +00:00
2020-02-10 15:39:20.295 +08:00 [ServiceA] [Information] SkyApm.Service.CLRStatsService : Report CLR Stats. CPU UsagePercent 0 GenCollectCount 0 0 0 4M ThreadPool 32759 32767 1000 1000
2020-02-10 15:39:50.283 +08:00 [ServiceA] [Information] SkyApm.Service.CLRStatsService : Report CLR Stats. CPU UsagePercent 0.015625 GenCollectCount 0 0 0 4M ThreadPool 32762 32767 1000 1000
2020-02-10 15:40:20.285 +08:00 [ServiceA] [Information] SkyApm.Service.PingService : Ping server @2020/2/10 7:40:20 +00:00
2020-02-10 15:40:20.285 +08:00 [ServiceA] [Information] SkyApm.Service.CLRStatsService : Report CLR Stats. CPU UsagePercent 0 GenCollectCount 0 0 0 4M ThreadPool 32757 32767 1000 1000
2020-02-10 15:40:50.275 +08:00 [ServiceA] [Information] SkyApm.Service.CLRStatsService : Report CLR Stats. CPU UsagePercent 0 GenCollectCount 0 0 0 5M ThreadPool 32760 32767 1000 1000
2020-02-10 15:41:20.324 +08:00 [ServiceA] [Information] SkyApm.Service.CLRStatsService : Report CLR Stats. CPU UsagePercent 0 GenCollectCount 0 0 0 5M ThreadPool 32757 32767 1000 1000
2020-02-10 15:41:20.324 +08:00 [ServiceA] [Information] SkyApm.Service.PingService : Ping server @2020/2/10 7:41:20 +00:00
2020-02-10 15:41:50.286 +08:00 [ServiceA] [Information] SkyApm.Service.CLRStatsService : Report CLR Stats. CPU UsagePercent 0 GenCollectCount 0 0 0 5M ThreadPool 32759 32767 1000 1000
2020-02-10 15:42:20.281 +08:00 [ServiceA] [Information] SkyApm.Service.PingService : Ping server @2020/2/10 7:42:20 +00:00
2020-02-10 15:42:20.281 +08:00 [ServiceA] [Information] SkyApm.Service.CLRStatsService : Report CLR Stats. CPU UsagePercent 0 GenCollectCount 0 0 0 5M ThreadPool 32759 32767 1000 1000
2020-02-10 15:42:50.282 +08:00 [ServiceA] [Information] SkyApm.Service.CLRStatsService : Report CLR Stats. CPU UsagePercent 0 GenCollectCount 0 0 0 6M ThreadPool 32757 32767 1000 1000
2020-02-10 15:43:20.280 +08:00 [ServiceA] [Information] SkyApm.Service.CLRStatsService : Report CLR Stats. CPU UsagePercent 0 GenCollectCount 0 0 0 6M ThreadPool 32757 32767 1000 1000
2020-02-10 15:43:20.280 +08:00 [ServiceA] [Information] SkyApm.Service.PingService : Ping server @2020/2/10 7:43:20 +00:00
2020-02-10 15:43:50.285 +08:00 [ServiceA] [Information] SkyApm.Service.CLRStatsService : Report CLR Stats. CPU UsagePercent 0 GenCollectCount 0 0 0 6M ThreadPool 32759 32767 1000 1000
2020-02-10 15:44:20.288 +08:00 [ServiceA] [Information] SkyApm.Service.PingService : Ping server @2020/2/10 7:44:20 +00:00
2020-02-10 15:44:20.293 +08:00 [ServiceA] [Information] SkyApm.Service.CLRStatsService : Report CLR Stats. CPU UsagePercent 0 GenCollectCount 0 0 0 6M ThreadPool 32759 32767 1000 1000
2020-02-10 15:44:50.288 +08:00 [ServiceA] [Information] SkyApm.Service.CLRStatsService : Report CLR Stats. CPU UsagePercent 0 GenCollectCount 0 0 0 7M ThreadPool 32761 32767 1000 1000
2020-02-10 15:45:20.279 +08:00 [ServiceA] [Information] SkyApm.Service.CLRStatsService : Report CLR Stats. CPU UsagePercent 0 GenCollectCount 0 0 0 7M ThreadPool 32758 32767 1000 1000
2020-02-10 15:45:20.279 +08:00 [ServiceA] [Information] SkyApm.Service.PingService : Ping server @2020/2/10 7:45:20 +00:00
2020-02-10 15:45:50.282 +08:00 [ServiceA] [Information] SkyApm.Service.CLRStatsService : Report CLR Stats. CPU UsagePercent 0 GenCollectCount 0 0 0 7M ThreadPool 32761 32767 1000 1000
2020-02-10 15:46:20.304 +08:00 [ServiceA] [Information] SkyApm.Service.PingService : Ping server @2020/2/10 7:46:20 +00:00
2020-02-10 15:46:20.304 +08:00 [ServiceA] [Information] SkyApm.Service.CLRStatsService : Report CLR Stats. CPU UsagePercent 0 GenCollectCount 0 0 0 8M ThreadPool 32759 32767 1000 1000
2020-02-10 15:46:50.272 +08:00 [ServiceA] [Information] SkyApm.Service.CLRStatsService : Report CLR Stats. CPU UsagePercent 0 GenCollectCount 0 0 0 8M ThreadPool 32762 32767 1000 1000
2020-02-10 15:47:20.279 +08:00 [ServiceA] [Information] SkyApm.Service.CLRStatsService : Report CLR Stats. CPU UsagePercent 0 GenCollectCount 0 0 0 8M ThreadPool 32758 32767 1000 1000
2020-02-10 15:47:20.279 +08:00 [ServiceA] [Information] SkyApm.Service.PingService : Ping server @2020/2/10 7:47:20 +00:00
2020-02-10 15:47:50.274 +08:00 [ServiceA] [Information] SkyApm.Service.CLRStatsService : Report CLR Stats. CPU UsagePercent 0 GenCollectCount 0 0 0 8M ThreadPool 32760 32767 1000 1000
2020-02-10 15:48:20.273 +08:00 [ServiceA] [Information] SkyApm.Service.CLRStatsService : Report CLR Stats. CPU UsagePercent 0 GenCollectCount 0 0 0 9M ThreadPool 32757 32767 1000 1000
2020-02-10 15:48:20.275 +08:00 [ServiceA] [Information] SkyApm.Service.PingService : Ping server @2020/2/10 7:48:20 +00:00
2020-02-10 15:48:50.278 +08:00 [ServiceA] [Information] SkyApm.Service.CLRStatsService : Report CLR Stats. CPU UsagePercent 0 GenCollectCount 0 0 0 9M ThreadPool 32759 32767 1000 1000
2020-02-10 15:49:20.291 +08:00 [ServiceA] [Information] SkyApm.Service.CLRStatsService : Report CLR Stats. CPU UsagePercent 0 GenCollectCount 0 0 0 9M ThreadPool 32759 32767 1000 1000
2020-02-10 15:49:20.291 +08:00 [ServiceA] [Information] SkyApm.Service.PingService : Ping server @2020/2/10 7:49:20 +00:00
2020-02-10 15:49:50.283 +08:00 [ServiceA] [Information] SkyApm.Service.CLRStatsService : Report CLR Stats. CPU UsagePercent 0 GenCollectCount 0 0 0 10M ThreadPool 32760 32767 1000 1000
2020-02-10 15:50:20.285 +08:00 [ServiceA] [Information] SkyApm.Service.CLRStatsService : Report CLR Stats. CPU UsagePercent 0 GenCollectCount 0 0 0 10M ThreadPool 32763 32767 1000 1000
2020-02-10 15:50:20.285 +08:00 [ServiceA] [Information] SkyApm.Service.PingService : Ping server @2020/2/10 7:50:20 +00:00
2020-02-10 15:50:50.280 +08:00 [ServiceA] [Information] SkyApm.Service.CLRStatsService : Report CLR Stats. CPU UsagePercent 0 GenCollectCount 0 0 0 10M ThreadPool 32758 32767 1000 1000
2020-02-10 15:51:20.274 +08:00 [ServiceA] [Information] SkyApm.Service.PingService : Ping server @2020/2/10 7:51:20 +00:00
2020-02-10 15:51:20.274 +08:00 [ServiceA] [Information] SkyApm.Service.CLRStatsService : Report CLR Stats. CPU UsagePercent 0 GenCollectCount 0 0 0 10M ThreadPool 32758 32767 1000 1000
2020-02-10 15:51:50.273 +08:00 [ServiceA] [Information] SkyApm.Service.CLRStatsService : Report CLR Stats. CPU UsagePercent 0 GenCollectCount 0 0 0 11M ThreadPool 32761 32767 1000 1000
2020-02-10 15:52:20.291 +08:00 [ServiceA] [Information] SkyApm.Service.CLRStatsService : Report CLR Stats. CPU UsagePercent 0 GenCollectCount 0 0 0 11M ThreadPool 32759 32767 1000 1000
2020-02-10 15:52:20.291 +08:00 [ServiceA] [Information] SkyApm.Service.PingService : Ping server @2020/2/10 7:52:20 +00:00
2020-02-10 15:52:50.275 +08:00 [ServiceA] [Information] SkyApm.Service.CLRStatsService : Report CLR Stats. CPU UsagePercent 0 GenCollectCount 0 0 0 11M ThreadPool 32759 32767 1000 1000
2020-02-10 15:53:20.299 +08:00 [ServiceA] [Information] SkyApm.Service.CLRStatsService : Report CLR Stats. CPU UsagePercent 0 GenCollectCount 1 1 1 2M ThreadPool 32760 32767 1000 1000
2020-02-10 15:53:20.301 +08:00 [ServiceA] [Information] SkyApm.Service.PingService : Ping server @2020/2/10 7:53:20 +00:00
2020-02-10 15:53:50.278 +08:00 [ServiceA] [Information] SkyApm.Service.CLRStatsService : Report CLR Stats. CPU UsagePercent 0 GenCollectCount 0 0 0 2M ThreadPool 32760 32767 1000 1000
2020-02-10 15:54:20.283 +08:00 [ServiceA] [Information] SkyApm.Service.CLRStatsService : Report CLR Stats. CPU UsagePercent 0 GenCollectCount 0 0 0 3M ThreadPool 32758 32767 1000 1000
2020-02-10 15:54:20.283 +08:00 [ServiceA] [Information] SkyApm.Service.PingService : Ping server @2020/2/10 7:54:20 +00:00
2020-02-10 15:54:50.278 +08:00 [ServiceA] [Information] SkyApm.Service.CLRStatsService : Report CLR Stats. CPU UsagePercent 0 GenCollectCount 0 0 0 3M ThreadPool 32762 32767 1000 1000
2020-02-10 15:55:20.309 +08:00 [ServiceA] [Information] SkyApm.Service.PingService : Ping server @2020/2/10 7:55:20 +00:00
2020-02-10 15:55:20.324 +08:00 [ServiceA] [Information] SkyApm.Service.CLRStatsService : Report CLR Stats. CPU UsagePercent 0 GenCollectCount 0 0 0 3M ThreadPool 32758 32767 1000 1000
2020-02-10 15:55:26.577 +08:00 [ServiceA] [Debug] SkyApm.Transport.AsyncQueueSegmentDispatcher : Dispatch trace segment. [SegmentId]=5.20.15813213265610002.
2020-02-10 15:55:26.581 +08:00 [ServiceA] [Debug] SkyApm.Transport.AsyncQueueSegmentDispatcher : Dispatch trace segment. [SegmentId]=5.20.15813213265580001.
2020-02-10 15:55:29.294 +08:00 [ServiceA] [Information] SkyApm.Transport.Grpc.V6.SegmentReporter : Report 2 trace segment. cost: 00:00:00.0221899s
2020-02-10 15:55:50.278 +08:00 [ServiceA] [Information] SkyApm.Service.CLRStatsService : Report CLR Stats. CPU UsagePercent 0 GenCollectCount 0 0 0 3M ThreadPool 32761 32767 1000 1000
2020-02-10 15:56:20.277 +08:00 [ServiceA] [Information] SkyApm.Service.CLRStatsService : Report CLR Stats. CPU UsagePercent 0 GenCollectCount 0 0 0 4M ThreadPool 32758 32767 1000 1000
2020-02-10 15:56:20.277 +08:00 [ServiceA] [Information] SkyApm.Service.PingService : Ping server @2020/2/10 7:56:20 +00:00
2020-02-10 15:56:50.280 +08:00 [ServiceA] [Information] SkyApm.Service.CLRStatsService : Report CLR Stats. CPU UsagePercent 0 GenCollectCount 0 0 0 4M ThreadPool 32763 32767 1000 1000
2020-02-10 15:57:20.321 +08:00 [ServiceA] [Information] SkyApm.Service.PingService : Ping server @2020/2/10 7:57:20 +00:00
2020-02-10 15:57:20.321 +08:00 [ServiceA] [Information] SkyApm.Service.CLRStatsService : Report CLR Stats. CPU UsagePercent 0 GenCollectCount 4 4 0 2M ThreadPool 32759 32767 1000 1000
2020-02-10 15:57:50.279 +08:00 [ServiceA] [Information] SkyApm.Service.CLRStatsService : Report CLR Stats. CPU UsagePercent 0 GenCollectCount 3 3 1 2M ThreadPool 32763 32767 1000 1000
2020-02-10 15:58:20.279 +08:00 [ServiceA] [Information] SkyApm.Service.PingService : Ping server @2020/2/10 7:58:20 +00:00
2020-02-10 15:58:20.281 +08:00 [ServiceA] [Information] SkyApm.Service.CLRStatsService : Report CLR Stats. CPU UsagePercent 0 GenCollectCount 4 4 0 2M ThreadPool 32758 32767 1000 1000
2020-02-10 15:58:50.284 +08:00 [ServiceA] [Information] SkyApm.Service.CLRStatsService : Report CLR Stats. CPU UsagePercent 0 GenCollectCount 5 5 1 2M ThreadPool 32758 32767 1000 1000
2020-02-10 15:59:20.275 +08:00 [ServiceA] [Information] SkyApm.Service.PingService : Ping server @2020/2/10 7:59:20 +00:00
2020-02-10 15:59:20.275 +08:00 [ServiceA] [Information] SkyApm.Service.CLRStatsService : Report CLR Stats. CPU UsagePercent 0 GenCollectCount 15 15 3 2M ThreadPool 32763 32767 1000 1000
2020-02-10 15:59:50.274 +08:00 [ServiceA] [Information] SkyApm.Service.CLRStatsService : Report CLR Stats. CPU UsagePercent 0 GenCollectCount 8 8 1 2M ThreadPool 32762 32767 1000 1000
2020-02-10 16:00:20.291 +08:00 [ServiceA] [Information] SkyApm.Service.CLRStatsService : Report CLR Stats. CPU UsagePercent 0 GenCollectCount 0 0 0 2M ThreadPool 32759 32767 1000 1000
2020-02-10 16:00:20.291 +08:00 [ServiceA] [Information] SkyApm.Service.PingService : Ping server @2020/2/10 8:00:20 +00:00
2020-02-10 16:00:50.277 +08:00 [ServiceA] [Information] SkyApm.Service.CLRStatsService : Report CLR Stats. CPU UsagePercent 0 GenCollectCount 0 0 0 2M ThreadPool 32759 32767 1000 1000
2020-02-10 16:01:20.279 +08:00 [ServiceA] [Information] SkyApm.Service.PingService : Ping server @2020/2/10 8:01:20 +00:00
2020-02-10 16:01:20.279 +08:00 [ServiceA] [Information] SkyApm.Service.CLRStatsService : Report CLR Stats. CPU UsagePercent 0 GenCollectCount 0 0 0 2M ThreadPool 32759 32767 1000 1000
2020-02-10 16:01:50.275 +08:00 [ServiceA] [Information] SkyApm.Service.CLRStatsService : Report CLR Stats. CPU UsagePercent 0 GenCollectCount 0 0 0 3M ThreadPool 32758 32767 1000 1000
2020-02-10 16:02:20.292 +08:00 [ServiceA] [Information] SkyApm.Service.CLRStatsService : Report CLR Stats. CPU UsagePercent 0 GenCollectCount 0 0 0 3M ThreadPool 32758 32767 1000 1000
2020-02-10 16:02:20.292 +08:00 [ServiceA] [Information] SkyApm.Service.PingService : Ping server @2020/2/10 8:02:20 +00:00
2020-02-10 16:02:50.280 +08:00 [ServiceA] [Information] SkyApm.Service.CLRStatsService : Report CLR Stats. CPU UsagePercent 0 GenCollectCount 0 0 0 3M ThreadPool 32758 32767 1000 1000
2020-02-10 16:03:20.278 +08:00 [ServiceA] [Information] SkyApm.Service.PingService : Ping server @2020/2/10 8:03:20 +00:00
2020-02-10 16:03:20.278 +08:00 [ServiceA] [Information] SkyApm.Service.CLRStatsService : Report CLR Stats. CPU UsagePercent 0 GenCollectCount 4 3 1 2M ThreadPool 32759 32767 1000 1000
2020-02-10 16:03:50.266 +08:00 [ServiceA] [Information] SkyApm.Service.CLRStatsService : Report CLR Stats. CPU UsagePercent 0 GenCollectCount 3 0 0 2M ThreadPool 32763 32767 1000 1000
2020-02-10 16:04:20.283 +08:00 [ServiceA] [Information] SkyApm.Service.PingService : Ping server @2020/2/10 8:04:20 +00:00
2020-02-10 16:04:20.285 +08:00 [ServiceA] [Information] SkyApm.Service.CLRStatsService : Report CLR Stats. CPU UsagePercent 0.015625 GenCollectCount 1 0 0 2M ThreadPool 32758 32767 1000 1000
2020-02-10 16:04:50.279 +08:00 [ServiceA] [Information] SkyApm.Service.CLRStatsService : Report CLR Stats. CPU UsagePercent 0 GenCollectCount 0 0 0 2M ThreadPool 32764 32767 1000 1000
2020-02-10 16:05:20.272 +08:00 [ServiceA] [Information] SkyApm.Service.CLRStatsService : Report CLR Stats. CPU UsagePercent 0 GenCollectCount 0 0 0 2M ThreadPool 32761 32767 1000 1000
2020-02-10 16:05:20.273 +08:00 [ServiceA] [Information] SkyApm.Service.PingService : Ping server @2020/2/10 8:05:20 +00:00
2020-02-10 16:05:50.275 +08:00 [ServiceA] [Information] SkyApm.Service.CLRStatsService : Report CLR Stats. CPU UsagePercent 0 GenCollectCount 0 0 0 2M ThreadPool 32760 32767 1000 1000
2020-02-10 16:06:20.291 +08:00 [ServiceA] [Information] SkyApm.Service.CLRStatsService : Report CLR Stats. CPU UsagePercent 0 GenCollectCount 0 0 0 3M ThreadPool 32762 32767 1000 1000
2020-02-10 16:06:20.294 +08:00 [ServiceA] [Information] SkyApm.Service.PingService : Ping server @2020/2/10 8:06:20 +00:00
2020-02-10 16:06:50.296 +08:00 [ServiceA] [Information] SkyApm.Service.CLRStatsService : Report CLR Stats. CPU UsagePercent 0 GenCollectCount 0 0 0 3M ThreadPool 32763 32767 1000 1000
2020-02-10 16:07:20.280 +08:00 [ServiceA] [Information] SkyApm.Service.CLRStatsService : Report CLR Stats. CPU UsagePercent 0 GenCollectCount 0 0 0 3M ThreadPool 32758 32767 1000 1000
2020-02-10 16:07:20.280 +08:00 [ServiceA] [Information] SkyApm.Service.PingService : Ping server @2020/2/10 8:07:20 +00:00
2020-02-10 16:07:50.293 +08:00 [ServiceA] [Information] SkyApm.Service.CLRStatsService : Report CLR Stats. CPU UsagePercent 0 GenCollectCount 0 0 0 3M ThreadPool 32762 32767 1000 1000
2020-02-10 16:08:20.285 +08:00 [ServiceA] [Information] SkyApm.Service.CLRStatsService : Report CLR Stats. CPU UsagePercent 0 GenCollectCount 0 0 0 4M ThreadPool 32761 32767 1000 1000
2020-02-10 16:08:20.288 +08:00 [ServiceA] [Information] SkyApm.Service.PingService : Ping server @2020/2/10 8:08:20 +00:00
2020-02-10 16:08:50.287 +08:00 [ServiceA] [Information] SkyApm.Service.CLRStatsService : Report CLR Stats. CPU UsagePercent 0 GenCollectCount 0 0 0 4M ThreadPool 32759 32767 1000 1000
2020-02-10 16:09:20.282 +08:00 [ServiceA] [Information] SkyApm.Service.PingService : Ping server @2020/2/10 8:09:20 +00:00
2020-02-10 16:09:20.282 +08:00 [ServiceA] [Information] SkyApm.Service.CLRStatsService : Report CLR Stats. CPU UsagePercent 0 GenCollectCount 0 0 0 4M ThreadPool 32759 32767 1000 1000
2020-02-10 16:09:50.275 +08:00 [ServiceA] [Information] SkyApm.Service.CLRStatsService : Report CLR Stats. CPU UsagePercent 0 GenCollectCount 0 0 0 5M ThreadPool 32763 32767 1000 1000
2020-02-10 16:10:20.279 +08:00 [ServiceA] [Information] SkyApm.Service.CLRStatsService : Report CLR Stats. CPU UsagePercent 0 GenCollectCount 0 0 0 5M ThreadPool 32758 32767 1000 1000
2020-02-10 16:10:20.279 +08:00 [ServiceA] [Information] SkyApm.Service.PingService : Ping server @2020/2/10 8:10:20 +00:00
2020-02-10 16:10:50.276 +08:00 [ServiceA] [Information] SkyApm.Service.CLRStatsService : Report CLR Stats. CPU UsagePercent 0 GenCollectCount 0 0 0 5M ThreadPool 32761 32767 1000 1000
2020-02-10 16:11:20.288 +08:00 [ServiceA] [Information] SkyApm.Service.CLRStatsService : Report CLR Stats. CPU UsagePercent 0 GenCollectCount 0 0 0 5M ThreadPool 32761 32767 1000 1000
2020-02-10 16:11:20.289 +08:00 [ServiceA] [Information] SkyApm.Service.PingService : Ping server @2020/2/10 8:11:20 +00:00
2020-02-10 16:11:50.275 +08:00 [ServiceA] [Information] SkyApm.Service.CLRStatsService : Report CLR Stats. CPU UsagePercent 0 GenCollectCount 0 0 0 6M ThreadPool 32762 32767 1000 1000
2020-02-10 16:12:20.282 +08:00 [ServiceA] [Information] SkyApm.Service.PingService : Ping server @2020/2/10 8:12:20 +00:00
2020-02-10 16:12:20.282 +08:00 [ServiceA] [Information] SkyApm.Service.CLRStatsService : Report CLR Stats. CPU UsagePercent 0.015625 GenCollectCount 0 0 0 6M ThreadPool 32759 32767 1000 1000
2020-02-10 16:12:50.276 +08:00 [ServiceA] [Information] SkyApm.Service.CLRStatsService : Report CLR Stats. CPU UsagePercent 0 GenCollectCount 0 0 0 6M ThreadPool 32758 32767 1000 1000
2020-02-10 16:13:20.293 +08:00 [ServiceA] [Information] SkyApm.Service.PingService : Ping server @2020/2/10 8:13:20 +00:00
2020-02-10 16:13:20.296 +08:00 [ServiceA] [Information] SkyApm.Service.CLRStatsService : Report CLR Stats. CPU UsagePercent 0 GenCollectCount 0 0 0 6M ThreadPool 32762 32767 1000 1000
2020-02-10 16:13:48.950 +08:00 [ServiceA] [Debug] SkyApm.Transport.AsyncQueueSegmentDispatcher : Dispatch trace segment. [SegmentId]=5.110.15813224289320002.
2020-02-10 16:13:50.137 +08:00 [ServiceA] [Debug] SkyApm.Transport.AsyncQueueSegmentDispatcher : Dispatch trace segment. [SegmentId]=5.122.15813224301340002.
2020-02-10 16:13:50.274 +08:00 [ServiceA] [Information] SkyApm.Service.CLRStatsService : Report CLR Stats. CPU UsagePercent 0.03125 GenCollectCount 7 0 0 2M ThreadPool 32759 32767 1000 1000
2020-02-10 16:13:50.278 +08:00 [ServiceA] [Information] SkyApm.Transport.Grpc.V6.SegmentReporter : Report 2 trace segment. cost: 00:00:00.0106703s
2020-02-10 16:13:50.299 +08:00 [ServiceA] [Debug] SkyApm.Transport.AsyncQueueSegmentDispatcher : Dispatch trace segment. [SegmentId]=5.124.15813224302970002.
2020-02-10 16:13:50.525 +08:00 [ServiceA] [Debug] SkyApm.Transport.AsyncQueueSegmentDispatcher : Dispatch trace segment. [SegmentId]=5.123.15813224305170002.
2020-02-10 16:13:50.703 +08:00 [ServiceA] [Debug] SkyApm.Transport.AsyncQueueSegmentDispatcher : Dispatch trace segment. [SegmentId]=5.114.15813224306980002.
2020-02-10 16:13:53.293 +08:00 [ServiceA] [Information] SkyApm.Transport.Grpc.V6.SegmentReporter : Report 3 trace segment. cost: 00:00:00.0219942s
2020-02-10 16:14:20.284 +08:00 [ServiceA] [Information] SkyApm.Service.CLRStatsService : Report CLR Stats. CPU UsagePercent 0 GenCollectCount 13 0 0 2M ThreadPool 32757 32767 1000 1000
2020-02-10 16:14:20.284 +08:00 [ServiceA] [Information] SkyApm.Service.PingService : Ping server @2020/2/10 8:14:20 +00:00
2020-02-10 16:14:50.284 +08:00 [ServiceA] [Information] SkyApm.Service.CLRStatsService : Report CLR Stats. CPU UsagePercent 0 GenCollectCount 1 0 0 2M ThreadPool 32759 32767 1000 1000
2020-02-10 16:15:20.273 +08:00 [ServiceA] [Information] SkyApm.Service.PingService : Ping server @2020/2/10 8:15:20 +00:00
2020-02-10 16:15:20.273 +08:00 [ServiceA] [Information] SkyApm.Service.CLRStatsService : Report CLR Stats. CPU UsagePercent 0.015625 GenCollectCount 0 0 0 2M ThreadPool 32757 32767 1000 1000
2020-02-10 16:15:43.870 +08:00 [ServiceA] [Debug] SkyApm.Transport.AsyncQueueSegmentDispatcher : Dispatch trace segment. [SegmentId]=5.93.15813225438170003.
2020-02-10 16:15:43.876 +08:00 [ServiceA] [Debug] SkyApm.Transport.AsyncQueueSegmentDispatcher : Dispatch trace segment. [SegmentId]=5.93.15813225438130002.
2020-02-10 16:15:44.283 +08:00 [ServiceA] [Information] SkyApm.Transport.Grpc.V6.SegmentReporter : Report 2 trace segment. cost: 00:00:00.0139942s
2020-02-10 16:15:50.275 +08:00 [ServiceA] [Information] SkyApm.Service.CLRStatsService : Report CLR Stats. CPU UsagePercent 0 GenCollectCount 0 0 0 3M ThreadPool 32761 32767 1000 1000
2020-02-10 16:16:20.278 +08:00 [ServiceA] [Information] SkyApm.Service.PingService : Ping server @2020/2/10 8:16:20 +00:00
2020-02-10 16:16:20.280 +08:00 [ServiceA] [Information] SkyApm.Service.CLRStatsService : Report CLR Stats. CPU UsagePercent 0 GenCollectCount 0 0 0 3M ThreadPool 32759 32767 1000 1000
2020-02-10 16:16:50.286 +08:00 [ServiceA] [Information] SkyApm.Service.CLRStatsService : Report CLR Stats. CPU UsagePercent 0 GenCollectCount 0 0 0 3M ThreadPool 32762 32767 1000 1000
2020-02-10 16:17:20.277 +08:00 [ServiceA] [Information] SkyApm.Service.PingService : Ping server @2020/2/10 8:17:20 +00:00
2020-02-10 16:17:20.282 +08:00 [ServiceA] [Information] SkyApm.Service.CLRStatsService : Report CLR Stats. CPU UsagePercent 0 GenCollectCount 0 0 0 3M ThreadPool 32760 32767 1000 1000
2020-02-10 16:17:50.273 +08:00 [ServiceA] [Information] SkyApm.Service.CLRStatsService : Report CLR Stats. CPU UsagePercent 0 GenCollectCount 0 0 0 4M ThreadPool 32758 32767 1000 1000
2020-02-10 16:17:56.370 +08:00 [ServiceA] [Debug] SkyApm.Transport.AsyncQueueSegmentDispatcher : Dispatch trace segment. [SegmentId]=5.44.15813226763570002.
2020-02-10 16:17:56.372 +08:00 [ServiceA] [Debug] SkyApm.Transport.AsyncQueueSegmentDispatcher : Dispatch trace segment. [SegmentId]=5.44.15813226763560001.
2020-02-10 16:17:56.376 +08:00 [ServiceA] [Debug] SkyApm.Transport.AsyncQueueSegmentDispatcher : Dispatch trace segment. [SegmentId]=5.66.15813226752800003.
2020-02-10 16:17:58.401 +08:00 [ServiceA] [Debug] SkyApm.Transport.AsyncQueueSegmentDispatcher : Dispatch trace segment. [SegmentId]=5.43.15813226783940002.
2020-02-10 16:17:58.442 +08:00 [ServiceA] [Debug] SkyApm.Transport.AsyncQueueSegmentDispatcher : Dispatch trace segment. [SegmentId]=5.43.15813226783930001.
2020-02-10 16:17:58.449 +08:00 [ServiceA] [Debug] SkyApm.Transport.AsyncQueueSegmentDispatcher : Dispatch trace segment. [SegmentId]=5.66.15813226763770004.
2020-02-10 16:17:59.286 +08:00 [ServiceA] [Information] SkyApm.Transport.Grpc.V6.SegmentReporter : Report 6 trace segment. cost: 00:00:00.0124700s
2020-02-10 16:18:01.489 +08:00 [ServiceA] [Debug] SkyApm.Transport.AsyncQueueSegmentDispatcher : Dispatch trace segment. [SegmentId]=5.44.15813226814790004.
2020-02-10 16:18:01.490 +08:00 [ServiceA] [Debug] SkyApm.Transport.AsyncQueueSegmentDispatcher : Dispatch trace segment. [SegmentId]=5.44.15813226814780003.
2020-02-10 16:18:01.493 +08:00 [ServiceA] [Debug] SkyApm.Transport.AsyncQueueSegmentDispatcher : Dispatch trace segment. [SegmentId]=5.66.15813226784550005.
2020-02-10 16:18:02.287 +08:00 [ServiceA] [Information] SkyApm.Transport.Grpc.V6.SegmentReporter : Report 3 trace segment. cost: 00:00:00.0175631s
2020-02-10 16:18:08.577 +08:00 [ServiceA] [Debug] SkyApm.Transport.AsyncQueueSegmentDispatcher : Dispatch trace segment. [SegmentId]=5.27.15813226885670002.
2020-02-10 16:18:08.578 +08:00 [ServiceA] [Debug] SkyApm.Transport.AsyncQueueSegmentDispatcher : Dispatch trace segment. [SegmentId]=5.27.15813226885670001.
2020-02-10 16:18:08.580 +08:00 [ServiceA] [Debug] SkyApm.Transport.AsyncQueueSegmentDispatcher : Dispatch trace segment. [SegmentId]=5.66.15813226814960006.
2020-02-10 16:18:11.274 +08:00 [ServiceA] [Information] SkyApm.Transport.Grpc.V6.SegmentReporter : Report 3 trace segment. cost: 00:00:00.0046142s
2020-02-10 16:18:14.616 +08:00 [ServiceA] [Debug] SkyApm.Transport.AsyncQueueSegmentDispatcher : Dispatch trace segment. [SegmentId]=5.91.15813226946090002.
2020-02-10 16:18:14.617 +08:00 [ServiceA] [Debug] SkyApm.Transport.AsyncQueueSegmentDispatcher : Dispatch trace segment. [SegmentId]=5.91.15813226946080001.
2020-02-10 16:18:14.619 +08:00 [ServiceA] [Debug] SkyApm.Transport.AsyncQueueSegmentDispatcher : Dispatch trace segment. [SegmentId]=5.66.15813226885830007.
2020-02-10 16:18:15.660 +08:00 [ServiceA] [Debug] SkyApm.Transport.AsyncQueueSegmentDispatcher : Dispatch trace segment. [SegmentId]=5.44.15813226956420006.
2020-02-10 16:18:15.663 +08:00 [ServiceA] [Debug] SkyApm.Transport.AsyncQueueSegmentDispatcher : Dispatch trace segment. [SegmentId]=5.44.15813226956420005.
2020-02-10 16:18:15.666 +08:00 [ServiceA] [Debug] SkyApm.Transport.AsyncQueueSegmentDispatcher : Dispatch trace segment. [SegmentId]=5.66.15813226946200008.
2020-02-10 16:18:15.668 +08:00 [ServiceA] [Debug] SkyApm.Transport.AsyncQueueSegmentDispatcher : Dispatch trace segment. [SegmentId]=5.66.15813226752780002.
2020-02-10 16:18:17.280 +08:00 [ServiceA] [Information] SkyApm.Transport.Grpc.V6.SegmentReporter : Report 7 trace segment. cost: 00:00:00.0085120s
2020-02-10 16:18:20.275 +08:00 [ServiceA] [Information] SkyApm.Service.PingService : Ping server @2020/2/10 8:18:20 +00:00
2020-02-10 16:18:20.283 +08:00 [ServiceA] [Information] SkyApm.Service.CLRStatsService : Report CLR Stats. CPU UsagePercent 0 GenCollectCount 0 0 0 5M ThreadPool 32763 32767 1000 1000
2020-02-10 16:18:50.277 +08:00 [ServiceA] [Information] SkyApm.Service.CLRStatsService : Report CLR Stats. CPU UsagePercent 0.015625 GenCollectCount 1 0 0 2M ThreadPool 32761 32767 1000 1000
2020-02-10 16:19:20.321 +08:00 [ServiceA] [Information] SkyApm.Service.CLRStatsService : Report CLR Stats. CPU UsagePercent 0 GenCollectCount 0 0 0 2M ThreadPool 32757 32767 1000 1000
2020-02-10 16:19:20.321 +08:00 [ServiceA] [Information] SkyApm.Service.PingService : Ping server @2020/2/10 8:19:20 +00:00
2020-02-10 16:19:50.280 +08:00 [ServiceA] [Information] SkyApm.Service.CLRStatsService : Report CLR Stats. CPU UsagePercent 0 GenCollectCount 0 0 0 3M ThreadPool 32759 32767 1000 1000
2020-02-10 16:20:20.290 +08:00 [ServiceA] [Information] SkyApm.Service.PingService : Ping server @2020/2/10 8:20:20 +00:00
2020-02-10 16:20:20.290 +08:00 [ServiceA] [Information] SkyApm.Service.CLRStatsService : Report CLR Stats. CPU UsagePercent 0 GenCollectCount 0 0 0 3M ThreadPool 32761 32767 1000 1000
2020-02-10 16:20:50.276 +08:00 [ServiceA] [Information] SkyApm.Service.CLRStatsService : Report CLR Stats. CPU UsagePercent 0 GenCollectCount 0 0 0 3M ThreadPool 32762 32767 1000 1000
2020-02-10 16:21:20.280 +08:00 [ServiceA] [Information] SkyApm.Service.CLRStatsService : Report CLR Stats. CPU UsagePercent 0 GenCollectCount 0 0 0 3M ThreadPool 32761 32767 1000 1000
2020-02-10 16:21:20.280 +08:00 [ServiceA] [Information] SkyApm.Service.PingService : Ping server @2020/2/10 8:21:20 +00:00
2020-02-10 16:21:50.276 +08:00 [ServiceA] [Information] SkyApm.Service.CLRStatsService : Report CLR Stats. CPU UsagePercent 0 GenCollectCount 0 0 0 4M ThreadPool 32764 32767 1000 1000
2020-02-10 16:22:20.286 +08:00 [ServiceA] [Information] SkyApm.Service.CLRStatsService : Report CLR Stats. CPU UsagePercent 0 GenCollectCount 0 0 0 4M ThreadPool 32762 32767 1000 1000
2020-02-10 16:22:20.286 +08:00 [ServiceA] [Information] SkyApm.Service.PingService : Ping server @2020/2/10 8:22:20 +00:00
2020-02-10 16:22:50.282 +08:00 [ServiceA] [Information] SkyApm.Service.CLRStatsService : Report CLR Stats. CPU UsagePercent 0 GenCollectCount 0 0 0 4M ThreadPool 32759 32767 1000 1000
2020-02-10 16:23:20.286 +08:00 [ServiceA] [Information] SkyApm.Service.PingService : Ping server @2020/2/10 8:23:20 +00:00
2020-02-10 16:23:20.297 +08:00 [ServiceA] [Information] SkyApm.Service.CLRStatsService : Report CLR Stats. CPU UsagePercent 0 GenCollectCount 0 0 0 4M ThreadPool 32758 32767 1000 1000
2020-02-10 16:23:50.278 +08:00 [ServiceA] [Information] SkyApm.Service.CLRStatsService : Report CLR Stats. CPU UsagePercent 0 GenCollectCount 0 0 0 5M ThreadPool 32759 32767 1000 1000
2020-02-10 16:24:20.281 +08:00 [ServiceA] [Information] SkyApm.Service.CLRStatsService : Report CLR Stats. CPU UsagePercent 0 GenCollectCount 0 0 0 5M ThreadPool 32758 32767 1000 1000
2020-02-10 16:24:20.281 +08:00 [ServiceA] [Information] SkyApm.Service.PingService : Ping server @2020/2/10 8:24:20 +00:00
2020-02-10 16:24:50.302 +08:00 [ServiceA] [Information] SkyApm.Service.CLRStatsService : Report CLR Stats. CPU UsagePercent 0 GenCollectCount 0 0 0 5M ThreadPool 32759 32767 1000 1000
2020-02-10 16:25:20.452 +08:00 [ServiceA] [Information] SkyApm.Service.PingService : Ping server @2020/2/10 8:25:20 +00:00
2020-02-10 16:25:20.453 +08:00 [ServiceA] [Information] SkyApm.Service.CLRStatsService : Report CLR Stats. CPU UsagePercent 0 GenCollectCount 0 0 0 6M ThreadPool 32759 32767 1000 1000
2020-02-10 16:25:50.272 +08:00 [ServiceA] [Information] SkyApm.Service.CLRStatsService : Report CLR Stats. CPU UsagePercent 0 GenCollectCount 0 0 0 6M ThreadPool 32759 32767 1000 1000
2020-02-10 16:26:20.287 +08:00 [ServiceA] [Information] SkyApm.Service.PingService : Ping server @2020/2/10 8:26:20 +00:00
2020-02-10 16:26:20.287 +08:00 [ServiceA] [Information] SkyApm.Service.CLRStatsService : Report CLR Stats. CPU UsagePercent 0 GenCollectCount 0 0 0 6M ThreadPool 32758 32767 1000 1000
2020-02-10 16:26:50.278 +08:00 [ServiceA] [Information] SkyApm.Service.CLRStatsService : Report CLR Stats. CPU UsagePercent 0 GenCollectCount 0 0 0 6M ThreadPool 32761 32767 1000 1000
2020-02-10 16:27:20.279 +08:00 [ServiceA] [Information] SkyApm.Service.PingService : Ping server @2020/2/10 8:27:20 +00:00
2020-02-10 16:27:20.282 +08:00 [ServiceA] [Information] SkyApm.Service.CLRStatsService : Report CLR Stats. CPU UsagePercent 0.015625 GenCollectCount 0 0 0 7M ThreadPool 32758 32767 1000 1000
2020-02-10 16:27:50.277 +08:00 [ServiceA] [Information] SkyApm.Service.CLRStatsService : Report CLR Stats. CPU UsagePercent 0 GenCollectCount 0 0 0 7M ThreadPool 32763 32767 1000 1000
2020-02-10 16:28:06.912 +08:00 [ServiceA] [Debug] SkyApm.Transport.AsyncQueueSegmentDispatcher : Dispatch trace segment. [SegmentId]=5.189.15813232868920002.
2020-02-10 16:28:08.273 +08:00 [ServiceA] [Information] SkyApm.Transport.Grpc.V6.SegmentReporter : Report 1 trace segment. cost: 00:00:00.0045056s
2020-02-10 16:28:20.283 +08:00 [ServiceA] [Information] SkyApm.Service.CLRStatsService : Report CLR Stats. CPU UsagePercent 0 GenCollectCount 0 0 0 7M ThreadPool 32761 32767 1000 1000
2020-02-10 16:28:20.290 +08:00 [ServiceA] [Information] SkyApm.Service.PingService : Ping server @2020/2/10 8:28:20 +00:00
2020-02-10 16:28:50.281 +08:00 [ServiceA] [Information] SkyApm.Service.CLRStatsService : Report CLR Stats. CPU UsagePercent 0.015625 GenCollectCount 0 0 0 8M ThreadPool 32758 32767 1000 1000
2020-02-10 16:29:20.277 +08:00 [ServiceA] [Information] SkyApm.Service.PingService : Ping server @2020/2/10 8:29:20 +00:00
2020-02-10 16:29:20.277 +08:00 [ServiceA] [Information] SkyApm.Service.CLRStatsService : Report CLR Stats. CPU UsagePercent 0 GenCollectCount 0 0 0 8M ThreadPool 32760 32767 1000 1000
2020-02-10 16:29:50.274 +08:00 [ServiceA] [Information] SkyApm.Service.CLRStatsService : Report CLR Stats. CPU UsagePercent 0.015625 GenCollectCount 0 0 0 8M ThreadPool 32762 32767 1000 1000
2020-02-10 16:29:53.109 +08:00 [ServiceA] [Debug] SkyApm.Transport.AsyncQueueSegmentDispatcher : Dispatch trace segment. [SegmentId]=5.170.15813233931070002.
2020-02-10 16:29:53.293 +08:00 [ServiceA] [Information] SkyApm.Transport.Grpc.V6.SegmentReporter : Report 1 trace segment. cost: 00:00:00.0233141s
2020-02-10 16:30:01.766 +08:00 [ServiceA] [Debug] SkyApm.Transport.AsyncQueueSegmentDispatcher : Dispatch trace segment. [SegmentId]=5.175.15813233976710003.
2020-02-10 16:30:01.827 +08:00 [ServiceA] [Debug] SkyApm.Transport.AsyncQueueSegmentDispatcher : Dispatch trace segment. [SegmentId]=5.175.15813233976530002.
2020-02-10 16:30:02.291 +08:00 [ServiceA] [Information] SkyApm.Transport.Grpc.V6.SegmentReporter : Report 2 trace segment. cost: 00:00:00.0218661s
2020-02-10 16:30:20.275 +08:00 [ServiceA] [Information] SkyApm.Service.CLRStatsService : Report CLR Stats. CPU UsagePercent 0 GenCollectCount 0 0 0 10M ThreadPool 32758 32767 1000 1000
2020-02-10 16:30:20.275 +08:00 [ServiceA] [Information] SkyApm.Service.PingService : Ping server @2020/2/10 8:30:20 +00:00
2020-02-10 16:30:50.289 +08:00 [ServiceA] [Information] SkyApm.Service.CLRStatsService : Report CLR Stats. CPU UsagePercent 0 GenCollectCount 0 0 0 10M ThreadPool 32758 32767 1000 1000
2020-02-10 16:31:20.285 +08:00 [ServiceA] [Information] SkyApm.Service.CLRStatsService : Report CLR Stats. CPU UsagePercent 0 GenCollectCount 0 0 0 10M ThreadPool 32758 32767 1000 1000
2020-02-10 16:31:20.285 +08:00 [ServiceA] [Information] SkyApm.Service.PingService : Ping server @2020/2/10 8:31:20 +00:00
2020-02-10 16:31:50.284 +08:00 [ServiceA] [Information] SkyApm.Service.CLRStatsService : Report CLR Stats. CPU UsagePercent 0 GenCollectCount 0 0 0 11M ThreadPool 32761 32767 1000 1000
2020-02-10 16:32:20.279 +08:00 [ServiceA] [Information] SkyApm.Service.PingService : Ping server @2020/2/10 8:32:20 +00:00
2020-02-10 16:32:20.280 +08:00 [ServiceA] [Information] SkyApm.Service.CLRStatsService : Report CLR Stats. CPU UsagePercent 0 GenCollectCount 0 0 0 11M ThreadPool 32759 32767 1000 1000
2020-02-10 16:32:21.954 +08:00 [ServiceA] [Debug] SkyApm.Transport.AsyncQueueSegmentDispatcher : Dispatch trace segment. [SegmentId]=5.152.15813235379110003.
2020-02-10 16:32:21.983 +08:00 [ServiceA] [Debug] SkyApm.Transport.AsyncQueueSegmentDispatcher : Dispatch trace segment. [SegmentId]=5.152.15813235379050002.
2020-02-10 16:32:23.280 +08:00 [ServiceA] [Information] SkyApm.Transport.Grpc.V6.SegmentReporter : Report 2 trace segment. cost: 00:00:00.0108291s
2020-02-10 16:32:25.946 +08:00 [ServiceA] [Debug] SkyApm.Transport.AsyncQueueSegmentDispatcher : Dispatch trace segment. [SegmentId]=5.60.15813235419290003.
2020-02-10 16:32:26.030 +08:00 [ServiceA] [Debug] SkyApm.Transport.AsyncQueueSegmentDispatcher : Dispatch trace segment. [SegmentId]=5.60.15813235419270002.
2020-02-10 16:32:26.279 +08:00 [ServiceA] [Information] SkyApm.Transport.Grpc.V6.SegmentReporter : Report 2 trace segment. cost: 00:00:00.0102860s
2020-02-10 16:32:50.272 +08:00 [ServiceA] [Information] SkyApm.Service.CLRStatsService : Report CLR Stats. CPU UsagePercent 0 GenCollectCount 0 0 0 14M ThreadPool 32758 32767 1000 1000
2020-02-10 16:33:20.277 +08:00 [ServiceA] [Information] SkyApm.Service.PingService : Ping server @2020/2/10 8:33:20 +00:00
2020-02-10 16:33:20.279 +08:00 [ServiceA] [Information] SkyApm.Service.CLRStatsService : Report CLR Stats. CPU UsagePercent 0 GenCollectCount 0 0 0 14M ThreadPool 32758 32767 1000 1000
2020-02-10 16:33:50.272 +08:00 [ServiceA] [Information] SkyApm.Service.CLRStatsService : Report CLR Stats. CPU UsagePercent 0 GenCollectCount 0 0 0 14M ThreadPool 32764 32767 1000 1000
2020-02-10 16:34:20.286 +08:00 [ServiceA] [Information] SkyApm.Service.PingService : Ping server @2020/2/10 8:34:20 +00:00
2020-02-10 16:34:20.301 +08:00 [ServiceA] [Information] SkyApm.Service.CLRStatsService : Report CLR Stats. CPU UsagePercent 0 GenCollectCount 0 0 0 15M ThreadPool 32755 32767 1000 1000
2020-02-10 16:34:50.276 +08:00 [ServiceA] [Information] SkyApm.Service.CLRStatsService : Report CLR Stats. CPU UsagePercent 0 GenCollectCount 0 0 0 15M ThreadPool 32760 32767 1000 1000
2020-02-10 16:35:20.270 +08:00 [ServiceA] [Information] SkyApm.Service.PingService : Ping server @2020/2/10 8:35:20 +00:00
2020-02-10 16:35:20.276 +08:00 [ServiceA] [Information] SkyApm.Service.CLRStatsService : Report CLR Stats. CPU UsagePercent 0 GenCollectCount 0 0 0 15M ThreadPool 32762 32767 1000 1000
2020-02-10 16:35:50.275 +08:00 [ServiceA] [Information] SkyApm.Service.CLRStatsService : Report CLR Stats. CPU UsagePercent 0 GenCollectCount 1 0 0 2M ThreadPool 32761 32767 1000 1000
2020-02-10 16:36:20.279 +08:00 [ServiceA] [Information] SkyApm.Service.CLRStatsService : Report CLR Stats. CPU UsagePercent 0 GenCollectCount 0 0 0 2M ThreadPool 32761 32767 1000 1000
2020-02-10 16:36:20.279 +08:00 [ServiceA] [Information] SkyApm.Service.PingService : Ping server @2020/2/10 8:36:20 +00:00
2020-02-10 16:36:50.278 +08:00 [ServiceA] [Information] SkyApm.Service.CLRStatsService : Report CLR Stats. CPU UsagePercent 0 GenCollectCount 0 0 0 3M ThreadPool 32759 32767 1000 1000
2020-02-10 16:37:20.292 +08:00 [ServiceA] [Information] SkyApm.Service.CLRStatsService : Report CLR Stats. CPU UsagePercent 0 GenCollectCount 0 0 0 3M ThreadPool 32761 32767 1000 1000
2020-02-10 16:37:20.301 +08:00 [ServiceA] [Information] SkyApm.Service.PingService : Ping server @2020/2/10 8:37:20 +00:00
2020-02-10 16:37:50.280 +08:00 [ServiceA] [Information] SkyApm.Service.CLRStatsService : Report CLR Stats. CPU UsagePercent 0 GenCollectCount 0 0 0 3M ThreadPool 32762 32767 1000 1000
2020-02-10 16:38:20.278 +08:00 [ServiceA] [Information] SkyApm.Service.PingService : Ping server @2020/2/10 8:38:20 +00:00
2020-02-10 16:38:20.278 +08:00 [ServiceA] [Information] SkyApm.Service.CLRStatsService : Report CLR Stats. CPU UsagePercent 0 GenCollectCount 0 0 0 4M ThreadPool 32758 32767 1000 1000
2020-02-10 16:38:50.275 +08:00 [ServiceA] [Information] SkyApm.Service.CLRStatsService : Report CLR Stats. CPU UsagePercent 0 GenCollectCount 0 0 0 4M ThreadPool 32762 32767 1000 1000
2020-02-10 16:39:20.273 +08:00 [ServiceA] [Information] SkyApm.Service.CLRStatsService : Report CLR Stats. CPU UsagePercent 0 GenCollectCount 0 0 0 4M ThreadPool 32760 32767 1000 1000
2020-02-10 16:39:20.273 +08:00 [ServiceA] [Information] SkyApm.Service.PingService : Ping server @2020/2/10 8:39:20 +00:00
2020-02-10 16:39:50.274 +08:00 [ServiceA] [Information] SkyApm.Service.CLRStatsService : Report CLR Stats. CPU UsagePercent 0 GenCollectCount 0 0 0 4M ThreadPool 32759 32767 1000 1000
2020-02-10 16:40:20.296 +08:00 [ServiceA] [Information] SkyApm.Service.PingService : Ping server @2020/2/10 8:40:20 +00:00
2020-02-10 16:40:20.296 +08:00 [ServiceA] [Information] SkyApm.Service.CLRStatsService : Report CLR Stats. CPU UsagePercent 0.015625 GenCollectCount 0 0 0 5M ThreadPool 32758 32767 1000 1000
2020-02-10 16:40:50.284 +08:00 [ServiceA] [Information] SkyApm.Service.CLRStatsService : Report CLR Stats. CPU UsagePercent 0 GenCollectCount 0 0 0 5M ThreadPool 32760 32767 1000 1000
2020-02-10 16:41:20.282 +08:00 [ServiceA] [Information] SkyApm.Service.CLRStatsService : Report CLR Stats. CPU UsagePercent 0 GenCollectCount 0 0 0 5M ThreadPool 32761 32767 1000 1000
2020-02-10 16:41:20.282 +08:00 [ServiceA] [Information] SkyApm.Service.PingService : Ping server @2020/2/10 8:41:20 +00:00
2020-02-10 16:41:50.284 +08:00 [ServiceA] [Information] SkyApm.Service.CLRStatsService : Report CLR Stats. CPU UsagePercent 0 GenCollectCount 0 0 0 6M ThreadPool 32763 32767 1000 1000
2020-02-10 16:42:20.300 +08:00 [ServiceA] [Information] SkyApm.Service.PingService : Ping server @2020/2/10 8:42:20 +00:00
2020-02-10 16:42:20.300 +08:00 [ServiceA] [Information] SkyApm.Service.CLRStatsService : Report CLR Stats. CPU UsagePercent 0 GenCollectCount 0 0 0 6M ThreadPool 32762 32767 1000 1000
2020-02-10 16:42:50.284 +08:00 [ServiceA] [Information] SkyApm.Service.CLRStatsService : Report CLR Stats. CPU UsagePercent 0 GenCollectCount 0 0 0 6M ThreadPool 32763 32767 1000 1000
2020-02-10 16:43:20.274 +08:00 [ServiceA] [Information] SkyApm.Service.PingService : Ping server @2020/2/10 8:43:20 +00:00
2020-02-10 16:43:20.323 +08:00 [ServiceA] [Information] SkyApm.Service.CLRStatsService : Report CLR Stats. CPU UsagePercent 0 GenCollectCount 0 0 0 6M ThreadPool 32758 32767 1000 1000
2020-02-10 16:43:50.274 +08:00 [ServiceA] [Information] SkyApm.Service.CLRStatsService : Report CLR Stats. CPU UsagePercent 0 GenCollectCount 0 0 0 7M ThreadPool 32758 32767 1000 1000
2020-02-10 16:44:20.284 +08:00 [ServiceA] [Information] SkyApm.Service.PingService : Ping server @2020/2/10 8:44:20 +00:00
2020-02-10 16:44:20.287 +08:00 [ServiceA] [Information] SkyApm.Service.CLRStatsService : Report CLR Stats. CPU UsagePercent 0 GenCollectCount 0 0 0 7M ThreadPool 32758 32767 1000 1000
2020-02-10 16:44:50.278 +08:00 [ServiceA] [Information] SkyApm.Service.CLRStatsService : Report CLR Stats. CPU UsagePercent 0 GenCollectCount 2 2 1 2M ThreadPool 32759 32767 1000 1000
2020-02-10 16:45:20.292 +08:00 [ServiceA] [Information] SkyApm.Service.PingService : Ping server @2020/2/10 8:45:20 +00:00
2020-02-10 16:45:20.301 +08:00 [ServiceA] [Information] SkyApm.Service.CLRStatsService : Report CLR Stats. CPU UsagePercent 0 GenCollectCount 0 0 0 2M ThreadPool 32759 32767 1000 1000
2020-02-10 16:45:50.278 +08:00 [ServiceA] [Information] SkyApm.Service.CLRStatsService : Report CLR Stats. CPU UsagePercent 0 GenCollectCount 0 0 0 2M ThreadPool 32761 32767 1000 1000
2020-02-10 16:46:20.275 +08:00 [ServiceA] [Information] SkyApm.Service.CLRStatsService : Report CLR Stats. CPU UsagePercent 0 GenCollectCount 0 0 0 3M ThreadPool 32759 32767 1000 1000
2020-02-10 16:46:20.275 +08:00 [ServiceA] [Information] SkyApm.Service.PingService : Ping server @2020/2/10 8:46:20 +00:00
2020-02-10 16:46:50.276 +08:00 [ServiceA] [Information] SkyApm.Service.CLRStatsService : Report CLR Stats. CPU UsagePercent 0 GenCollectCount 0 0 0 3M ThreadPool 32762 32767 1000 1000
2020-02-10 16:47:20.275 +08:00 [ServiceA] [Information] SkyApm.Service.CLRStatsService : Report CLR Stats. CPU UsagePercent 0 GenCollectCount 0 0 0 3M ThreadPool 32761 32767 1000 1000
2020-02-10 16:47:20.275 +08:00 [ServiceA] [Information] SkyApm.Service.PingService : Ping server @2020/2/10 8:47:20 +00:00
2020-02-10 16:47:50.285 +08:00 [ServiceA] [Information] SkyApm.Service.CLRStatsService : Report CLR Stats. CPU UsagePercent 0 GenCollectCount 0 0 0 3M ThreadPool 32762 32767 1000 1000
2020-02-10 16:48:20.281 +08:00 [ServiceA] [Information] SkyApm.Service.PingService : Ping server @2020/2/10 8:48:20 +00:00
2020-02-10 16:48:20.282 +08:00 [ServiceA] [Information] SkyApm.Service.CLRStatsService : Report CLR Stats. CPU UsagePercent 0 GenCollectCount 0 0 0 4M ThreadPool 32762 32767 1000 1000
2020-02-10 16:48:50.276 +08:00 [ServiceA] [Information] SkyApm.Service.CLRStatsService : Report CLR Stats. CPU UsagePercent 0 GenCollectCount 0 0 0 4M ThreadPool 32762 32767 1000 1000
2020-02-10 16:49:20.279 +08:00 [ServiceA] [Information] SkyApm.Service.PingService : Ping server @2020/2/10 8:49:20 +00:00
2020-02-10 16:49:20.279 +08:00 [ServiceA] [Information] SkyApm.Service.CLRStatsService : Report CLR Stats. CPU UsagePercent 0 GenCollectCount 0 0 0 4M ThreadPool 32759 32767 1000 1000
2020-02-10 16:49:50.275 +08:00 [ServiceA] [Information] SkyApm.Service.CLRStatsService : Report CLR Stats. CPU UsagePercent 0 GenCollectCount 0 0 0 5M ThreadPool 32758 32767 1000 1000
2020-02-10 16:50:20.280 +08:00 [ServiceA] [Information] SkyApm.Service.CLRStatsService : Report CLR Stats. CPU UsagePercent 0 GenCollectCount 0 0 0 5M ThreadPool 32758 32767 1000 1000
2020-02-10 16:50:20.280 +08:00 [ServiceA] [Information] SkyApm.Service.PingService : Ping server @2020/2/10 8:50:20 +00:00
2020-02-10 16:50:50.275 +08:00 [ServiceA] [Information] SkyApm.Service.CLRStatsService : Report CLR Stats. CPU UsagePercent 0 GenCollectCount 0 0 0 5M ThreadPool 32761 32767 1000 1000
2020-02-10 16:51:20.285 +08:00 [ServiceA] [Information] SkyApm.Service.CLRStatsService : Report CLR Stats. CPU UsagePercent 0 GenCollectCount 0 0 0 5M ThreadPool 32759 32767 1000 1000
2020-02-10 16:51:20.285 +08:00 [ServiceA] [Information] SkyApm.Service.PingService : Ping server @2020/2/10 8:51:20 +00:00
2020-02-10 16:51:50.276 +08:00 [ServiceA] [Information] SkyApm.Service.CLRStatsService : Report CLR Stats. CPU UsagePercent 0 GenCollectCount 0 0 0 6M ThreadPool 32761 32767 1000 1000
2020-02-10 16:52:20.276 +08:00 [ServiceA] [Information] SkyApm.Service.CLRStatsService : Report CLR Stats. CPU UsagePercent 0 GenCollectCount 0 0 0 6M ThreadPool 32758 32767 1000 1000
2020-02-10 16:52:20.276 +08:00 [ServiceA] [Information] SkyApm.Service.PingService : Ping server @2020/2/10 8:52:20 +00:00
2020-02-10 16:52:50.274 +08:00 [ServiceA] [Information] SkyApm.Service.CLRStatsService : Report CLR Stats. CPU UsagePercent 0 GenCollectCount 0 0 0 6M ThreadPool 32760 32767 1000 1000
2020-02-10 16:53:20.283 +08:00 [ServiceA] [Information] SkyApm.Service.CLRStatsService : Report CLR Stats. CPU UsagePercent 0 GenCollectCount 0 0 0 6M ThreadPool 32758 32767 1000 1000
2020-02-10 16:53:20.283 +08:00 [ServiceA] [Information] SkyApm.Service.PingService : Ping server @2020/2/10 8:53:20 +00:00
2020-02-10 16:53:50.277 +08:00 [ServiceA] [Information] SkyApm.Service.CLRStatsService : Report CLR Stats. CPU UsagePercent 0 GenCollectCount 0 0 0 7M ThreadPool 32759 32767 1000 1000
2020-02-10 16:54:20.283 +08:00 [ServiceA] [Information] SkyApm.Service.CLRStatsService : Report CLR Stats. CPU UsagePercent 0 GenCollectCount 0 0 0 7M ThreadPool 32759 32767 1000 1000
2020-02-10 16:54:20.283 +08:00 [ServiceA] [Information] SkyApm.Service.PingService : Ping server @2020/2/10 8:54:20 +00:00
2020-02-10 16:54:50.281 +08:00 [ServiceA] [Information] SkyApm.Service.CLRStatsService : Report CLR Stats. CPU UsagePercent 0 GenCollectCount 0 0 0 7M ThreadPool 32763 32767 1000 1000
2020-02-10 16:55:20.277 +08:00 [ServiceA] [Information] SkyApm.Service.CLRStatsService : Report CLR Stats. CPU UsagePercent 0 GenCollectCount 0 0 0 7M ThreadPool 32758 32767 1000 1000
2020-02-10 16:55:20.282 +08:00 [ServiceA] [Information] SkyApm.Service.PingService : Ping server @2020/2/10 8:55:20 +00:00
2020-02-10 16:55:50.279 +08:00 [ServiceA] [Information] SkyApm.Service.CLRStatsService : Report CLR Stats. CPU UsagePercent 0 GenCollectCount 0 0 0 8M ThreadPool 32760 32767 1000 1000
2020-02-10 16:56:20.286 +08:00 [ServiceA] [Information] SkyApm.Service.PingService : Ping server @2020/2/10 8:56:20 +00:00
2020-02-10 16:56:20.292 +08:00 [ServiceA] [Information] SkyApm.Service.CLRStatsService : Report CLR Stats. CPU UsagePercent 0 GenCollectCount 0 0 0 8M ThreadPool 32761 32767 1000 1000
2020-02-10 16:56:50.280 +08:00 [ServiceA] [Information] SkyApm.Service.CLRStatsService : Report CLR Stats. CPU UsagePercent 0.015625 GenCollectCount 0 0 0 8M ThreadPool 32762 32767 1000 1000
2020-02-10 16:57:20.288 +08:00 [ServiceA] [Information] SkyApm.Service.PingService : Ping server @2020/2/10 8:57:20 +00:00
2020-02-10 16:57:20.294 +08:00 [ServiceA] [Information] SkyApm.Service.CLRStatsService : Report CLR Stats. CPU UsagePercent 0 GenCollectCount 0 0 0 9M ThreadPool 32759 32767 1000 1000
2020-02-10 16:57:50.283 +08:00 [ServiceA] [Information] SkyApm.Service.CLRStatsService : Report CLR Stats. CPU UsagePercent 0 GenCollectCount 0 0 0 9M ThreadPool 32762 32767 1000 1000
2020-02-10 16:58:20.274 +08:00 [ServiceA] [Information] SkyApm.Service.CLRStatsService : Report CLR Stats. CPU UsagePercent 0 GenCollectCount 0 0 0 9M ThreadPool 32758 32767 1000 1000
2020-02-10 16:58:20.274 +08:00 [ServiceA] [Information] SkyApm.Service.PingService : Ping server @2020/2/10 8:58:20 +00:00
2020-02-10 16:58:50.280 +08:00 [ServiceA] [Information] SkyApm.Service.CLRStatsService : Report CLR Stats. CPU UsagePercent 0 GenCollectCount 0 0 0 9M ThreadPool 32759 32767 1000 1000
2020-02-10 16:59:20.289 +08:00 [ServiceA] [Information] SkyApm.Service.CLRStatsService : Report CLR Stats. CPU UsagePercent 0 GenCollectCount 0 0 0 10M ThreadPool 32758 32767 1000 1000
2020-02-10 16:59:20.289 +08:00 [ServiceA] [Information] SkyApm.Service.PingService : Ping server @2020/2/10 8:59:20 +00:00
2020-02-10 16:59:50.281 +08:00 [ServiceA] [Information] SkyApm.Service.CLRStatsService : Report CLR Stats. CPU UsagePercent 0 GenCollectCount 0 0 0 10M ThreadPool 32763 32767 1000 1000
2020-02-10 17:00:20.286 +08:00 [ServiceA] [Information] SkyApm.Service.PingService : Ping server @2020/2/10 9:00:20 +00:00
2020-02-10 17:00:20.294 +08:00 [ServiceA] [Information] SkyApm.Service.CLRStatsService : Report CLR Stats. CPU UsagePercent 0 GenCollectCount 0 0 0 10M ThreadPool 32759 32767 1000 1000
2020-02-10 17:00:50.282 +08:00 [ServiceA] [Information] SkyApm.Service.CLRStatsService : Report CLR Stats. CPU UsagePercent 0 GenCollectCount 0 0 0 10M ThreadPool 32764 32767 1000 1000
2020-02-10 17:01:20.284 +08:00 [ServiceA] [Information] SkyApm.Service.CLRStatsService : Report CLR Stats. CPU UsagePercent 0.015625 GenCollectCount 0 0 0 11M ThreadPool 32760 32767 1000 1000
2020-02-10 17:01:20.284 +08:00 [ServiceA] [Information] SkyApm.Service.PingService : Ping server @2020/2/10 9:01:20 +00:00
2020-02-10 17:01:50.282 +08:00 [ServiceA] [Information] SkyApm.Service.CLRStatsService : Report CLR Stats. CPU UsagePercent 0.015625 GenCollectCount 0 0 0 11M ThreadPool 32758 32767 1000 1000
2020-02-10 17:02:20.272 +08:00 [ServiceA] [Information] SkyApm.Service.PingService : Ping server @2020/2/10 9:02:20 +00:00
2020-02-10 17:02:20.282 +08:00 [ServiceA] [Information] SkyApm.Service.CLRStatsService : Report CLR Stats. CPU UsagePercent 0 GenCollectCount 0 0 0 11M ThreadPool 32762 32767 1000 1000
2020-02-10 17:02:50.281 +08:00 [ServiceA] [Information] SkyApm.Service.CLRStatsService : Report CLR Stats. CPU UsagePercent 0 GenCollectCount 0 0 0 12M ThreadPool 32762 32767 1000 1000
2020-02-10 17:03:20.281 +08:00 [ServiceA] [Information] SkyApm.Service.PingService : Ping server @2020/2/10 9:03:20 +00:00
2020-02-10 17:03:20.287 +08:00 [ServiceA] [Information] SkyApm.Service.CLRStatsService : Report CLR Stats. CPU UsagePercent 0 GenCollectCount 0 0 0 12M ThreadPool 32760 32767 1000 1000
2020-02-10 17:03:50.283 +08:00 [ServiceA] [Information] SkyApm.Service.CLRStatsService : Report CLR Stats. CPU UsagePercent 0 GenCollectCount 0 0 0 12M ThreadPool 32758 32767 1000 1000
2020-02-10 17:04:20.289 +08:00 [ServiceA] [Information] SkyApm.Service.PingService : Ping server @2020/2/10 9:04:20 +00:00
2020-02-10 17:04:20.289 +08:00 [ServiceA] [Information] SkyApm.Service.CLRStatsService : Report CLR Stats. CPU UsagePercent 0 GenCollectCount 0 0 0 12M ThreadPool 32759 32767 1000 1000
2020-02-10 17:04:50.280 +08:00 [ServiceA] [Information] SkyApm.Service.CLRStatsService : Report CLR Stats. CPU UsagePercent 0 GenCollectCount 0 0 0 13M ThreadPool 32762 32767 1000 1000
2020-02-10 17:05:20.277 +08:00 [ServiceA] [Information] SkyApm.Service.PingService : Ping server @2020/2/10 9:05:20 +00:00
2020-02-10 17:05:20.277 +08:00 [ServiceA] [Information] SkyApm.Service.CLRStatsService : Report CLR Stats. CPU UsagePercent 0 GenCollectCount 0 0 0 13M ThreadPool 32759 32767 1000 1000
2020-02-10 17:05:50.284 +08:00 [ServiceA] [Information] SkyApm.Service.CLRStatsService : Report CLR Stats. CPU UsagePercent 0 GenCollectCount 0 0 0 13M ThreadPool 32761 32767 1000 1000
2020-02-10 17:06:20.275 +08:00 [ServiceA] [Information] SkyApm.Service.CLRStatsService : Report CLR Stats. CPU UsagePercent 0 GenCollectCount 0 0 0 13M ThreadPool 32758 32767 1000 1000
2020-02-10 17:06:20.275 +08:00 [ServiceA] [Information] SkyApm.Service.PingService : Ping server @2020/2/10 9:06:20 +00:00
2020-02-10 17:06:50.279 +08:00 [ServiceA] [Information] SkyApm.Service.CLRStatsService : Report CLR Stats. CPU UsagePercent 0.015625 GenCollectCount 0 0 0 14M ThreadPool 32761 32767 1000 1000
2020-02-10 17:07:20.276 +08:00 [ServiceA] [Information] SkyApm.Service.CLRStatsService : Report CLR Stats. CPU UsagePercent 0 GenCollectCount 0 0 0 14M ThreadPool 32758 32767 1000 1000
2020-02-10 17:07:20.277 +08:00 [ServiceA] [Information] SkyApm.Service.PingService : Ping server @2020/2/10 9:07:20 +00:00
2020-02-10 17:07:50.274 +08:00 [ServiceA] [Information] SkyApm.Service.CLRStatsService : Report CLR Stats. CPU UsagePercent 0 GenCollectCount 0 0 0 14M ThreadPool 32759 32767 1000 1000
2020-02-10 17:08:20.280 +08:00 [ServiceA] [Information] SkyApm.Service.CLRStatsService : Report CLR Stats. CPU UsagePercent 0 GenCollectCount 0 0 0 15M ThreadPool 32761 32767 1000 1000
2020-02-10 17:08:20.280 +08:00 [ServiceA] [Information] SkyApm.Service.PingService : Ping server @2020/2/10 9:08:20 +00:00
2020-02-10 17:08:50.279 +08:00 [ServiceA] [Information] SkyApm.Service.CLRStatsService : Report CLR Stats. CPU UsagePercent 0 GenCollectCount 0 0 0 15M ThreadPool 32761 32767 1000 1000
2020-02-10 17:09:20.268 +08:00 [ServiceA] [Information] SkyApm.Service.PingService : Ping server @2020/2/10 9:09:20 +00:00
2020-02-10 17:09:20.269 +08:00 [ServiceA] [Information] SkyApm.Service.CLRStatsService : Report CLR Stats. CPU UsagePercent 0.015625 GenCollectCount 0 0 0 15M ThreadPool 32758 32767 1000 1000
2020-02-10 17:09:50.277 +08:00 [ServiceA] [Information] SkyApm.Service.CLRStatsService : Report CLR Stats. CPU UsagePercent 0 GenCollectCount 0 0 0 15M ThreadPool 32761 32767 1000 1000
2020-02-10 17:10:20.282 +08:00 [ServiceA] [Information] SkyApm.Service.CLRStatsService : Report CLR Stats. CPU UsagePercent 0.015625 GenCollectCount 0 0 0 16M ThreadPool 32756 32767 1000 1000
2020-02-10 17:10:20.282 +08:00 [ServiceA] [Information] SkyApm.Service.PingService : Ping server @2020/2/10 9:10:20 +00:00
2020-02-10 17:10:50.277 +08:00 [ServiceA] [Information] SkyApm.Service.CLRStatsService : Report CLR Stats. CPU UsagePercent 0 GenCollectCount 0 0 0 16M ThreadPool 32757 32767 1000 1000
2020-02-10 17:11:20.289 +08:00 [ServiceA] [Information] SkyApm.Service.PingService : Ping server @2020/2/10 9:11:20 +00:00
2020-02-10 17:11:20.292 +08:00 [ServiceA] [Information] SkyApm.Service.CLRStatsService : Report CLR Stats. CPU UsagePercent 0 GenCollectCount 0 0 0 16M ThreadPool 32757 32767 1000 1000
2020-02-10 17:11:50.285 +08:00 [ServiceA] [Information] SkyApm.Service.CLRStatsService : Report CLR Stats. CPU UsagePercent 0 GenCollectCount 0 0 0 17M ThreadPool 32759 32767 1000 1000
2020-02-10 17:12:20.275 +08:00 [ServiceA] [Information] SkyApm.Service.PingService : Ping server @2020/2/10 9:12:20 +00:00
2020-02-10 17:12:20.279 +08:00 [ServiceA] [Information] SkyApm.Service.CLRStatsService : Report CLR Stats. CPU UsagePercent 0 GenCollectCount 0 0 0 17M ThreadPool 32757 32767 1000 1000
2020-02-10 17:12:50.283 +08:00 [ServiceA] [Information] SkyApm.Service.CLRStatsService : Report CLR Stats. CPU UsagePercent 0 GenCollectCount 0 0 0 17M ThreadPool 32759 32767 1000 1000
2020-02-10 17:13:20.278 +08:00 [ServiceA] [Information] SkyApm.Service.PingService : Ping server @2020/2/10 9:13:20 +00:00
2020-02-10 17:13:20.282 +08:00 [ServiceA] [Information] SkyApm.Service.CLRStatsService : Report CLR Stats. CPU UsagePercent 0 GenCollectCount 0 0 0 17M ThreadPool 32758 32767 1000 1000
2020-02-10 17:13:50.281 +08:00 [ServiceA] [Information] SkyApm.Service.CLRStatsService : Report CLR Stats. CPU UsagePercent 0 GenCollectCount 0 0 0 18M ThreadPool 32758 32767 1000 1000
2020-02-10 17:14:20.282 +08:00 [ServiceA] [Information] SkyApm.Service.PingService : Ping server @2020/2/10 9:14:20 +00:00
2020-02-10 17:14:20.287 +08:00 [ServiceA] [Information] SkyApm.Service.CLRStatsService : Report CLR Stats. CPU UsagePercent 0 GenCollectCount 0 0 0 18M ThreadPool 32758 32767 1000 1000
2020-02-10 17:14:50.271 +08:00 [ServiceA] [Information] SkyApm.Service.CLRStatsService : Report CLR Stats. CPU UsagePercent 0 GenCollectCount 1 0 0 2M ThreadPool 32760 32767 1000 1000
2020-02-10 17:15:20.279 +08:00 [ServiceA] [Information] SkyApm.Service.PingService : Ping server @2020/2/10 9:15:20 +00:00
2020-02-10 17:15:20.285 +08:00 [ServiceA] [Information] SkyApm.Service.CLRStatsService : Report CLR Stats. CPU UsagePercent 0 GenCollectCount 0 0 0 2M ThreadPool 32759 32767 1000 1000
2020-02-10 17:15:50.278 +08:00 [ServiceA] [Information] SkyApm.Service.CLRStatsService : Report CLR Stats. CPU UsagePercent 0 GenCollectCount 0 0 0 3M ThreadPool 32764 32767 1000 1000
2020-02-10 17:16:20.322 +08:00 [ServiceA] [Information] SkyApm.Service.PingService : Ping server @2020/2/10 9:16:20 +00:00
2020-02-10 17:16:20.331 +08:00 [ServiceA] [Information] SkyApm.Service.CLRStatsService : Report CLR Stats. CPU UsagePercent 0 GenCollectCount 0 0 0 3M ThreadPool 32766 32767 1000 1000
2020-02-10 17:16:50.281 +08:00 [ServiceA] [Information] SkyApm.Service.CLRStatsService : Report CLR Stats. CPU UsagePercent 0 GenCollectCount 0 0 0 3M ThreadPool 32758 32767 1000 1000
2020-02-10 17:17:20.287 +08:00 [ServiceA] [Information] SkyApm.Service.PingService : Ping server @2020/2/10 9:17:20 +00:00
2020-02-10 17:17:20.287 +08:00 [ServiceA] [Information] SkyApm.Service.CLRStatsService : Report CLR Stats. CPU UsagePercent 0 GenCollectCount 0 0 0 3M ThreadPool 32759 32767 1000 1000
2020-02-10 17:17:50.275 +08:00 [ServiceA] [Information] SkyApm.Service.CLRStatsService : Report CLR Stats. CPU UsagePercent 0 GenCollectCount 0 0 0 4M ThreadPool 32762 32767 1000 1000
2020-02-10 17:18:20.283 +08:00 [ServiceA] [Information] SkyApm.Service.PingService : Ping server @2020/2/10 9:18:20 +00:00
2020-02-10 17:18:20.292 +08:00 [ServiceA] [Information] SkyApm.Service.CLRStatsService : Report CLR Stats. CPU UsagePercent 0 GenCollectCount 0 0 0 4M ThreadPool 32758 32767 1000 1000
2020-02-10 17:18:50.273 +08:00 [ServiceA] [Information] SkyApm.Service.CLRStatsService : Report CLR Stats. CPU UsagePercent 0 GenCollectCount 0 0 0 4M ThreadPool 32762 32767 1000 1000
2020-02-10 17:19:20.284 +08:00 [ServiceA] [Information] SkyApm.Service.PingService : Ping server @2020/2/10 9:19:20 +00:00
2020-02-10 17:19:20.284 +08:00 [ServiceA] [Information] SkyApm.Service.CLRStatsService : Report CLR Stats. CPU UsagePercent 0 GenCollectCount 0 0 0 5M ThreadPool 32758 32767 1000 1000
2020-02-10 17:19:50.285 +08:00 [ServiceA] [Information] SkyApm.Service.CLRStatsService : Report CLR Stats. CPU UsagePercent 0 GenCollectCount 0 0 0 5M ThreadPool 32762 32767 1000 1000
2020-02-10 17:20:20.300 +08:00 [ServiceA] [Information] SkyApm.Service.PingService : Ping server @2020/2/10 9:20:20 +00:00
2020-02-10 17:20:20.300 +08:00 [ServiceA] [Information] SkyApm.Service.CLRStatsService : Report CLR Stats. CPU UsagePercent 0 GenCollectCount 0 0 0 5M ThreadPool 32761 32767 1000 1000
2020-02-10 17:20:50.277 +08:00 [ServiceA] [Information] SkyApm.Service.CLRStatsService : Report CLR Stats. CPU UsagePercent 0 GenCollectCount 0 0 0 5M ThreadPool 32758 32767 1000 1000
2020-02-10 17:21:20.272 +08:00 [ServiceA] [Information] SkyApm.Service.CLRStatsService : Report CLR Stats. CPU UsagePercent 0 GenCollectCount 0 0 0 6M ThreadPool 32761 32767 1000 1000
2020-02-10 17:21:20.272 +08:00 [ServiceA] [Information] SkyApm.Service.PingService : Ping server @2020/2/10 9:21:20 +00:00
2020-02-10 17:21:50.280 +08:00 [ServiceA] [Information] SkyApm.Service.CLRStatsService : Report CLR Stats. CPU UsagePercent 0 GenCollectCount 0 0 0 6M ThreadPool 32756 32767 1000 1000
2020-02-10 17:22:20.282 +08:00 [ServiceA] [Information] SkyApm.Service.CLRStatsService : Report CLR Stats. CPU UsagePercent 0 GenCollectCount 0 0 0 6M ThreadPool 32759 32767 1000 1000
2020-02-10 17:22:20.282 +08:00 [ServiceA] [Information] SkyApm.Service.PingService : Ping server @2020/2/10 9:22:20 +00:00
2020-02-10 17:22:50.279 +08:00 [ServiceA] [Information] SkyApm.Service.CLRStatsService : Report CLR Stats. CPU UsagePercent 0.015625 GenCollectCount 0 0 0 6M ThreadPool 32764 32767 1000 1000
2020-02-10 17:23:20.282 +08:00 [ServiceA] [Information] SkyApm.Service.PingService : Ping server @2020/2/10 9:23:20 +00:00
2020-02-10 17:23:20.294 +08:00 [ServiceA] [Information] SkyApm.Service.CLRStatsService : Report CLR Stats. CPU UsagePercent 0 GenCollectCount 0 0 0 7M ThreadPool 32759 32767 1000 1000
2020-02-10 17:23:50.281 +08:00 [ServiceA] [Information] SkyApm.Service.CLRStatsService : Report CLR Stats. CPU UsagePercent 0 GenCollectCount 0 0 0 7M ThreadPool 32759 32767 1000 1000
2020-02-10 17:24:20.285 +08:00 [ServiceA] [Information] SkyApm.Service.PingService : Ping server @2020/2/10 9:24:20 +00:00
2020-02-10 17:24:20.294 +08:00 [ServiceA] [Information] SkyApm.Service.CLRStatsService : Report CLR Stats. CPU UsagePercent 0 GenCollectCount 0 0 0 7M ThreadPool 32758 32767 1000 1000
2020-02-10 17:24:50.274 +08:00 [ServiceA] [Information] SkyApm.Service.CLRStatsService : Report CLR Stats. CPU UsagePercent 0 GenCollectCount 0 0 0 7M ThreadPool 32759 32767 1000 1000
2020-02-10 17:25:20.280 +08:00 [ServiceA] [Information] SkyApm.Service.CLRStatsService : Report CLR Stats. CPU UsagePercent 0 GenCollectCount 0 0 0 8M ThreadPool 32759 32767 1000 1000
2020-02-10 17:25:20.293 +08:00 [ServiceA] [Information] SkyApm.Service.PingService : Ping server @2020/2/10 9:25:20 +00:00
2020-02-10 17:25:50.279 +08:00 [ServiceA] [Information] SkyApm.Service.CLRStatsService : Report CLR Stats. CPU UsagePercent 0 GenCollectCount 0 0 0 8M ThreadPool 32760 32767 1000 1000
2020-02-10 17:26:20.285 +08:00 [ServiceA] [Information] SkyApm.Service.CLRStatsService : Report CLR Stats. CPU UsagePercent 0 GenCollectCount 0 0 0 8M ThreadPool 32759 32767 1000 1000
2020-02-10 17:26:20.285 +08:00 [ServiceA] [Information] SkyApm.Service.PingService : Ping server @2020/2/10 9:26:20 +00:00
2020-02-10 17:26:50.281 +08:00 [ServiceA] [Information] SkyApm.Service.CLRStatsService : Report CLR Stats. CPU UsagePercent 0 GenCollectCount 0 0 0 9M ThreadPool 32760 32767 1000 1000
2020-02-10 17:27:20.294 +08:00 [ServiceA] [Information] SkyApm.Service.CLRStatsService : Report CLR Stats. CPU UsagePercent 0 GenCollectCount 0 0 0 9M ThreadPool 32758 32767 1000 1000
2020-02-10 17:27:20.301 +08:00 [ServiceA] [Information] SkyApm.Service.PingService : Ping server @2020/2/10 9:27:20 +00:00
2020-02-10 17:27:50.277 +08:00 [ServiceA] [Information] SkyApm.Service.CLRStatsService : Report CLR Stats. CPU UsagePercent 0 GenCollectCount 0 0 0 9M ThreadPool 32764 32767 1000 1000
2020-02-10 17:28:20.283 +08:00 [ServiceA] [Information] SkyApm.Service.CLRStatsService : Report CLR Stats. CPU UsagePercent 0 GenCollectCount 0 0 0 9M ThreadPool 32759 32767 1000 1000
2020-02-10 17:28:20.283 +08:00 [ServiceA] [Information] SkyApm.Service.PingService : Ping server @2020/2/10 9:28:20 +00:00
2020-02-10 17:28:50.280 +08:00 [ServiceA] [Information] SkyApm.Service.CLRStatsService : Report CLR Stats. CPU UsagePercent 0 GenCollectCount 0 0 0 10M ThreadPool 32760 32767 1000 1000
2020-02-10 17:29:20.282 +08:00 [ServiceA] [Information] SkyApm.Service.CLRStatsService : Report CLR Stats. CPU UsagePercent 0 GenCollectCount 0 0 0 10M ThreadPool 32759 32767 1000 1000
2020-02-10 17:29:20.282 +08:00 [ServiceA] [Information] SkyApm.Service.PingService : Ping server @2020/2/10 9:29:20 +00:00
2020-02-10 17:29:50.279 +08:00 [ServiceA] [Information] SkyApm.Service.CLRStatsService : Report CLR Stats. CPU UsagePercent 0 GenCollectCount 0 0 0 10M ThreadPool 32761 32767 1000 1000
2020-02-10 17:30:20.289 +08:00 [ServiceA] [Information] SkyApm.Service.CLRStatsService : Report CLR Stats. CPU UsagePercent 0 GenCollectCount 0 0 0 10M ThreadPool 32758 32767 1000 1000
2020-02-10 17:30:20.289 +08:00 [ServiceA] [Information] SkyApm.Service.PingService : Ping server @2020/2/10 9:30:20 +00:00
2020-02-10 17:30:50.273 +08:00 [ServiceA] [Information] SkyApm.Service.CLRStatsService : Report CLR Stats. CPU UsagePercent 0 GenCollectCount 0 0 0 11M ThreadPool 32762 32767 1000 1000
2020-02-10 17:31:20.286 +08:00 [ServiceA] [Information] SkyApm.Service.PingService : Ping server @2020/2/10 9:31:20 +00:00
2020-02-10 17:31:20.286 +08:00 [ServiceA] [Information] SkyApm.Service.CLRStatsService : Report CLR Stats. CPU UsagePercent 0 GenCollectCount 0 0 0 11M ThreadPool 32759 32767 1000 1000
2020-02-10 17:31:50.281 +08:00 [ServiceA] [Information] SkyApm.Service.CLRStatsService : Report CLR Stats. CPU UsagePercent 0 GenCollectCount 0 0 0 11M ThreadPool 32760 32767 1000 1000
2020-02-10 17:32:20.280 +08:00 [ServiceA] [Information] SkyApm.Service.PingService : Ping server @2020/2/10 9:32:20 +00:00
2020-02-10 17:32:20.281 +08:00 [ServiceA] [Information] SkyApm.Service.CLRStatsService : Report CLR Stats. CPU UsagePercent 0 GenCollectCount 1 1 1 2M ThreadPool 32761 32767 1000 1000
