2020-02-05 00:51:40.756 +08:00 [Denggaopan.SkywalkingDemo.ServiceB] [Information] SkyApm.InstrumentStartup : Initializing ...
2020-02-05 00:51:40.825 +08:00 [Denggaopan.SkywalkingDemo.ServiceB] [Information] SkyApm.Service.RegisterService : Loaded instrument service [SkyApm.Service.RegisterService].
2020-02-05 00:51:40.826 +08:00 [Denggaopan.SkywalkingDemo.ServiceB] [Information] SkyApm.Service.PingService : Loaded instrument service [SkyApm.Service.PingService].
2020-02-05 00:51:40.826 +08:00 [Denggaopan.SkywalkingDemo.ServiceB] [Information] SkyApm.Service.ServiceDiscoveryV5Service : Loaded instrument service [SkyApm.Service.ServiceDiscoveryV5Service].
2020-02-05 00:51:40.826 +08:00 [Denggaopan.SkywalkingDemo.ServiceB] [Information] SkyApm.Service.SegmentReportService : Loaded instrument service [SkyApm.Service.SegmentReportService].
2020-02-05 00:51:40.826 +08:00 [Denggaopan.SkywalkingDemo.ServiceB] [Information] SkyApm.Service.CLRStatsService : Loaded instrument service [SkyApm.Service.CLRStatsService].
2020-02-05 00:51:40.827 +08:00 [Denggaopan.SkywalkingDemo.ServiceB] [Information] SkyApm.Sampling.SimpleCountSamplingInterceptor : Loaded instrument service [SkyApm.Sampling.SimpleCountSamplingInterceptor].
2020-02-05 00:51:40.827 +08:00 [Denggaopan.SkywalkingDemo.ServiceB] [Information] SkyApm.Transport.Grpc.V6.ConnectService : Loaded instrument service [SkyApm.Transport.Grpc.V6.ConnectService].
2020-02-05 00:51:40.881 +08:00 [Denggaopan.SkywalkingDemo.ServiceB] [Information] SkyApm.Diagnostics.TracingDiagnosticProcessorObserver : Loaded diagnostic listener [Microsoft.AspNetCore].
2020-02-05 00:51:40.882 +08:00 [Denggaopan.SkywalkingDemo.ServiceB] [Information] SkyApm.InstrumentStartup : Started SkyAPM .NET Core Agent.
2020-02-05 00:51:41.143 +08:00 [Denggaopan.SkywalkingDemo.ServiceB] [Information] SkyApm.Diagnostics.TracingDiagnosticProcessorObserver : Loaded diagnostic listener [HttpHandlerDiagnosticListener].
2020-02-05 00:51:51.006 +08:00 [Denggaopan.SkywalkingDemo.ServiceB] [Error] SkyApm.Transport.Grpc.ConnectionManager : Connect server timeout.
System.Threading.Tasks.TaskCanceledException: Reached deadline.
   at Grpc.Core.Channel.WaitForStateChangedAsync(ChannelState lastObservedState, Nullable`1 deadline)
   at Grpc.Core.Channel.ConnectAsync(Nullable`1 deadline)
   at SkyApm.Transport.Grpc.ConnectionManager.ConnectAsync()
2020-02-05 00:51:55.851 +08:00 [Denggaopan.SkywalkingDemo.ServiceB] [Information] SkyApm.Transport.Grpc.ConnectionManager : Shutdown connection[192.168.10.50:11800].
2020-02-05 00:52:05.856 +08:00 [Denggaopan.SkywalkingDemo.ServiceB] [Error] SkyApm.Transport.Grpc.ConnectionManager : Connect server timeout.
System.Threading.Tasks.TaskCanceledException: Reached deadline.
   at Grpc.Core.Channel.WaitForStateChangedAsync(ChannelState lastObservedState, Nullable`1 deadline)
   at Grpc.Core.Channel.ConnectAsync(Nullable`1 deadline)
   at SkyApm.Transport.Grpc.ConnectionManager.ConnectAsync()
2020-02-05 00:52:10.838 +08:00 [Denggaopan.SkywalkingDemo.ServiceB] [Information] SkyApm.Transport.Grpc.ConnectionManager : Shutdown connection[192.168.10.50:11800].
2020-02-05 00:52:20.846 +08:00 [Denggaopan.SkywalkingDemo.ServiceB] [Error] SkyApm.Transport.Grpc.ConnectionManager : Connect server timeout.
System.Threading.Tasks.TaskCanceledException: Reached deadline.
   at Grpc.Core.Channel.WaitForStateChangedAsync(ChannelState lastObservedState, Nullable`1 deadline)
   at Grpc.Core.Channel.ConnectAsync(Nullable`1 deadline)
   at SkyApm.Transport.Grpc.ConnectionManager.ConnectAsync()
2020-02-05 00:52:25.838 +08:00 [Denggaopan.SkywalkingDemo.ServiceB] [Information] SkyApm.Transport.Grpc.ConnectionManager : Shutdown connection[192.168.10.50:11800].
2020-02-05 00:52:35.849 +08:00 [Denggaopan.SkywalkingDemo.ServiceB] [Error] SkyApm.Transport.Grpc.ConnectionManager : Connect server timeout.
System.Threading.Tasks.TaskCanceledException: Reached deadline.
   at Grpc.Core.Channel.WaitForStateChangedAsync(ChannelState lastObservedState, Nullable`1 deadline)
   at Grpc.Core.Channel.ConnectAsync(Nullable`1 deadline)
   at SkyApm.Transport.Grpc.ConnectionManager.ConnectAsync()
2020-02-05 00:52:40.838 +08:00 [Denggaopan.SkywalkingDemo.ServiceB] [Information] SkyApm.Transport.Grpc.ConnectionManager : Shutdown connection[192.168.10.50:11800].
2020-02-05 00:52:50.842 +08:00 [Denggaopan.SkywalkingDemo.ServiceB] [Error] SkyApm.Transport.Grpc.ConnectionManager : Connect server timeout.
System.Threading.Tasks.TaskCanceledException: Reached deadline.
   at Grpc.Core.Channel.WaitForStateChangedAsync(ChannelState lastObservedState, Nullable`1 deadline)
   at Grpc.Core.Channel.ConnectAsync(Nullable`1 deadline)
   at SkyApm.Transport.Grpc.ConnectionManager.ConnectAsync()
2020-02-05 00:52:55.840 +08:00 [Denggaopan.SkywalkingDemo.ServiceB] [Information] SkyApm.Transport.Grpc.ConnectionManager : Shutdown connection[192.168.10.50:11800].
2020-02-05 00:53:05.855 +08:00 [Denggaopan.SkywalkingDemo.ServiceB] [Error] SkyApm.Transport.Grpc.ConnectionManager : Connect server timeout.
System.Threading.Tasks.TaskCanceledException: Reached deadline.
   at Grpc.Core.Channel.WaitForStateChangedAsync(ChannelState lastObservedState, Nullable`1 deadline)
   at Grpc.Core.Channel.ConnectAsync(Nullable`1 deadline)
   at SkyApm.Transport.Grpc.ConnectionManager.ConnectAsync()
2020-02-05 00:53:10.841 +08:00 [Denggaopan.SkywalkingDemo.ServiceB] [Information] SkyApm.Transport.Grpc.ConnectionManager : Shutdown connection[192.168.10.50:11800].
2020-02-05 00:53:20.854 +08:00 [Denggaopan.SkywalkingDemo.ServiceB] [Error] SkyApm.Transport.Grpc.ConnectionManager : Connect server timeout.
System.Threading.Tasks.TaskCanceledException: Reached deadline.
   at Grpc.Core.Channel.WaitForStateChangedAsync(ChannelState lastObservedState, Nullable`1 deadline)
   at Grpc.Core.Channel.ConnectAsync(Nullable`1 deadline)
   at SkyApm.Transport.Grpc.ConnectionManager.ConnectAsync()
2020-02-05 00:53:25.838 +08:00 [Denggaopan.SkywalkingDemo.ServiceB] [Information] SkyApm.Transport.Grpc.ConnectionManager : Shutdown connection[192.168.10.50:11800].
2020-02-05 00:53:35.845 +08:00 [Denggaopan.SkywalkingDemo.ServiceB] [Error] SkyApm.Transport.Grpc.ConnectionManager : Connect server timeout.
System.Threading.Tasks.TaskCanceledException: Reached deadline.
   at Grpc.Core.Channel.WaitForStateChangedAsync(ChannelState lastObservedState, Nullable`1 deadline)
   at Grpc.Core.Channel.ConnectAsync(Nullable`1 deadline)
   at SkyApm.Transport.Grpc.ConnectionManager.ConnectAsync()
2020-02-05 00:53:40.842 +08:00 [Denggaopan.SkywalkingDemo.ServiceB] [Information] SkyApm.Transport.Grpc.ConnectionManager : Shutdown connection[192.168.10.50:11800].
2020-02-05 00:53:50.854 +08:00 [Denggaopan.SkywalkingDemo.ServiceB] [Error] SkyApm.Transport.Grpc.ConnectionManager : Connect server timeout.
System.Threading.Tasks.TaskCanceledException: Reached deadline.
   at Grpc.Core.Channel.WaitForStateChangedAsync(ChannelState lastObservedState, Nullable`1 deadline)
   at Grpc.Core.Channel.ConnectAsync(Nullable`1 deadline)
   at SkyApm.Transport.Grpc.ConnectionManager.ConnectAsync()
2020-02-05 00:53:55.840 +08:00 [Denggaopan.SkywalkingDemo.ServiceB] [Information] SkyApm.Transport.Grpc.ConnectionManager : Shutdown connection[192.168.10.50:11800].
2020-02-05 00:54:05.896 +08:00 [Denggaopan.SkywalkingDemo.ServiceB] [Error] SkyApm.Transport.Grpc.ConnectionManager : Connect server timeout.
System.Threading.Tasks.TaskCanceledException: Reached deadline.
   at Grpc.Core.Channel.WaitForStateChangedAsync(ChannelState lastObservedState, Nullable`1 deadline)
   at Grpc.Core.Channel.ConnectAsync(Nullable`1 deadline)
   at SkyApm.Transport.Grpc.ConnectionManager.ConnectAsync()
2020-02-05 00:54:10.838 +08:00 [Denggaopan.SkywalkingDemo.ServiceB] [Information] SkyApm.Transport.Grpc.ConnectionManager : Shutdown connection[192.168.10.50:11800].
2020-02-05 00:54:20.843 +08:00 [Denggaopan.SkywalkingDemo.ServiceB] [Error] SkyApm.Transport.Grpc.ConnectionManager : Connect server timeout.
System.Threading.Tasks.TaskCanceledException: Reached deadline.
   at Grpc.Core.Channel.WaitForStateChangedAsync(ChannelState lastObservedState, Nullable`1 deadline)
   at Grpc.Core.Channel.ConnectAsync(Nullable`1 deadline)
   at SkyApm.Transport.Grpc.ConnectionManager.ConnectAsync()
2020-02-05 00:54:25.839 +08:00 [Denggaopan.SkywalkingDemo.ServiceB] [Information] SkyApm.Transport.Grpc.ConnectionManager : Shutdown connection[192.168.10.50:11800].
2020-02-05 00:54:35.844 +08:00 [Denggaopan.SkywalkingDemo.ServiceB] [Error] SkyApm.Transport.Grpc.ConnectionManager : Connect server timeout.
System.Threading.Tasks.TaskCanceledException: Reached deadline.
   at Grpc.Core.Channel.WaitForStateChangedAsync(ChannelState lastObservedState, Nullable`1 deadline)
   at Grpc.Core.Channel.ConnectAsync(Nullable`1 deadline)
   at SkyApm.Transport.Grpc.ConnectionManager.ConnectAsync()
2020-02-05 00:54:40.842 +08:00 [Denggaopan.SkywalkingDemo.ServiceB] [Information] SkyApm.Transport.Grpc.ConnectionManager : Shutdown connection[192.168.10.50:11800].
2020-02-05 00:54:50.848 +08:00 [Denggaopan.SkywalkingDemo.ServiceB] [Error] SkyApm.Transport.Grpc.ConnectionManager : Connect server timeout.
System.Threading.Tasks.TaskCanceledException: Reached deadline.
   at Grpc.Core.Channel.WaitForStateChangedAsync(ChannelState lastObservedState, Nullable`1 deadline)
   at Grpc.Core.Channel.ConnectAsync(Nullable`1 deadline)
   at SkyApm.Transport.Grpc.ConnectionManager.ConnectAsync()
2020-02-05 00:54:55.839 +08:00 [Denggaopan.SkywalkingDemo.ServiceB] [Information] SkyApm.Transport.Grpc.ConnectionManager : Shutdown connection[192.168.10.50:11800].
2020-02-05 00:55:05.845 +08:00 [Denggaopan.SkywalkingDemo.ServiceB] [Error] SkyApm.Transport.Grpc.ConnectionManager : Connect server timeout.
System.Threading.Tasks.TaskCanceledException: Reached deadline.
   at Grpc.Core.Channel.WaitForStateChangedAsync(ChannelState lastObservedState, Nullable`1 deadline)
   at Grpc.Core.Channel.ConnectAsync(Nullable`1 deadline)
   at SkyApm.Transport.Grpc.ConnectionManager.ConnectAsync()
2020-02-05 00:55:10.838 +08:00 [Denggaopan.SkywalkingDemo.ServiceB] [Information] SkyApm.Transport.Grpc.ConnectionManager : Shutdown connection[192.168.10.50:11800].
2020-02-05 00:55:20.842 +08:00 [Denggaopan.SkywalkingDemo.ServiceB] [Error] SkyApm.Transport.Grpc.ConnectionManager : Connect server timeout.
System.Threading.Tasks.TaskCanceledException: Reached deadline.
   at Grpc.Core.Channel.WaitForStateChangedAsync(ChannelState lastObservedState, Nullable`1 deadline)
   at Grpc.Core.Channel.ConnectAsync(Nullable`1 deadline)
   at SkyApm.Transport.Grpc.ConnectionManager.ConnectAsync()
2020-02-05 00:55:25.837 +08:00 [Denggaopan.SkywalkingDemo.ServiceB] [Information] SkyApm.Transport.Grpc.ConnectionManager : Shutdown connection[192.168.10.50:11800].
2020-02-05 00:55:35.843 +08:00 [Denggaopan.SkywalkingDemo.ServiceB] [Error] SkyApm.Transport.Grpc.ConnectionManager : Connect server timeout.
System.Threading.Tasks.TaskCanceledException: Reached deadline.
   at Grpc.Core.Channel.WaitForStateChangedAsync(ChannelState lastObservedState, Nullable`1 deadline)
   at Grpc.Core.Channel.ConnectAsync(Nullable`1 deadline)
   at SkyApm.Transport.Grpc.ConnectionManager.ConnectAsync()
2020-02-05 00:55:40.838 +08:00 [Denggaopan.SkywalkingDemo.ServiceB] [Information] SkyApm.Transport.Grpc.ConnectionManager : Shutdown connection[192.168.10.50:11800].
2020-02-05 00:55:50.841 +08:00 [Denggaopan.SkywalkingDemo.ServiceB] [Error] SkyApm.Transport.Grpc.ConnectionManager : Connect server timeout.
System.Threading.Tasks.TaskCanceledException: Reached deadline.
   at Grpc.Core.Channel.WaitForStateChangedAsync(ChannelState lastObservedState, Nullable`1 deadline)
   at Grpc.Core.Channel.ConnectAsync(Nullable`1 deadline)
   at SkyApm.Transport.Grpc.ConnectionManager.ConnectAsync()
2020-02-05 00:55:55.838 +08:00 [Denggaopan.SkywalkingDemo.ServiceB] [Information] SkyApm.Transport.Grpc.ConnectionManager : Shutdown connection[192.168.10.50:11800].
2020-02-05 00:56:05.846 +08:00 [Denggaopan.SkywalkingDemo.ServiceB] [Error] SkyApm.Transport.Grpc.ConnectionManager : Connect server timeout.
System.Threading.Tasks.TaskCanceledException: Reached deadline.
   at Grpc.Core.Channel.WaitForStateChangedAsync(ChannelState lastObservedState, Nullable`1 deadline)
   at Grpc.Core.Channel.ConnectAsync(Nullable`1 deadline)
   at SkyApm.Transport.Grpc.ConnectionManager.ConnectAsync()
2020-02-05 00:56:10.839 +08:00 [Denggaopan.SkywalkingDemo.ServiceB] [Information] SkyApm.Transport.Grpc.ConnectionManager : Shutdown connection[192.168.10.50:11800].
2020-02-05 00:56:20.843 +08:00 [Denggaopan.SkywalkingDemo.ServiceB] [Error] SkyApm.Transport.Grpc.ConnectionManager : Connect server timeout.
System.Threading.Tasks.TaskCanceledException: Reached deadline.
   at Grpc.Core.Channel.WaitForStateChangedAsync(ChannelState lastObservedState, Nullable`1 deadline)
   at Grpc.Core.Channel.ConnectAsync(Nullable`1 deadline)
   at SkyApm.Transport.Grpc.ConnectionManager.ConnectAsync()
2020-02-05 00:56:25.841 +08:00 [Denggaopan.SkywalkingDemo.ServiceB] [Information] SkyApm.Transport.Grpc.ConnectionManager : Shutdown connection[192.168.10.50:11800].
2020-02-05 00:56:35.849 +08:00 [Denggaopan.SkywalkingDemo.ServiceB] [Error] SkyApm.Transport.Grpc.ConnectionManager : Connect server timeout.
System.Threading.Tasks.TaskCanceledException: Reached deadline.
   at Grpc.Core.Channel.WaitForStateChangedAsync(ChannelState lastObservedState, Nullable`1 deadline)
   at Grpc.Core.Channel.ConnectAsync(Nullable`1 deadline)
   at SkyApm.Transport.Grpc.ConnectionManager.ConnectAsync()
2020-02-05 00:56:40.841 +08:00 [Denggaopan.SkywalkingDemo.ServiceB] [Information] SkyApm.Transport.Grpc.ConnectionManager : Shutdown connection[192.168.10.50:11800].
2020-02-05 00:58:05.206 +08:00 [Denggaopan.SkywalkingDemo.ServiceB] [Error] SkyApm.Transport.Grpc.ConnectionManager : Connect server timeout.
System.Threading.Tasks.TaskCanceledException: Reached deadline.
   at Grpc.Core.Channel.WaitForStateChangedAsync(ChannelState lastObservedState, Nullable`1 deadline)
   at Grpc.Core.Channel.ConnectAsync(Nullable`1 deadline)
   at SkyApm.Transport.Grpc.ConnectionManager.ConnectAsync()
2020-02-05 00:58:05.502 +08:00 [Denggaopan.SkywalkingDemo.ServiceB] [Information] SkyApm.Transport.Grpc.ConnectionManager : Shutdown connection[192.168.10.50:11800].
2020-02-05 00:58:15.984 +08:00 [Denggaopan.SkywalkingDemo.ServiceB] [Error] SkyApm.Transport.Grpc.ConnectionManager : Connect server timeout.
System.Threading.Tasks.TaskCanceledException: Reached deadline.
   at Grpc.Core.Channel.WaitForStateChangedAsync(ChannelState lastObservedState, Nullable`1 deadline)
   at Grpc.Core.Channel.ConnectAsync(Nullable`1 deadline)
   at SkyApm.Transport.Grpc.ConnectionManager.ConnectAsync()
2020-02-05 00:58:16.002 +08:00 [Denggaopan.SkywalkingDemo.ServiceB] [Information] SkyApm.Transport.Grpc.ConnectionManager : Shutdown connection[192.168.10.50:11800].
2020-02-05 00:58:26.129 +08:00 [Denggaopan.SkywalkingDemo.ServiceB] [Error] SkyApm.Transport.Grpc.ConnectionManager : Connect server timeout.
System.Threading.Tasks.TaskCanceledException: Reached deadline.
   at Grpc.Core.Channel.WaitForStateChangedAsync(ChannelState lastObservedState, Nullable`1 deadline)
   at Grpc.Core.Channel.ConnectAsync(Nullable`1 deadline)
   at SkyApm.Transport.Grpc.ConnectionManager.ConnectAsync()
2020-02-05 00:58:26.130 +08:00 [Denggaopan.SkywalkingDemo.ServiceB] [Information] SkyApm.Transport.Grpc.ConnectionManager : Shutdown connection[192.168.10.50:11800].
2020-02-05 00:58:36.135 +08:00 [Denggaopan.SkywalkingDemo.ServiceB] [Error] SkyApm.Transport.Grpc.ConnectionManager : Connect server timeout.
System.Threading.Tasks.TaskCanceledException: Reached deadline.
   at Grpc.Core.Channel.WaitForStateChangedAsync(ChannelState lastObservedState, Nullable`1 deadline)
   at Grpc.Core.Channel.ConnectAsync(Nullable`1 deadline)
   at SkyApm.Transport.Grpc.ConnectionManager.ConnectAsync()
2020-02-05 00:58:36.136 +08:00 [Denggaopan.SkywalkingDemo.ServiceB] [Information] SkyApm.Transport.Grpc.ConnectionManager : Shutdown connection[192.168.10.50:11800].
2020-02-05 00:58:46.142 +08:00 [Denggaopan.SkywalkingDemo.ServiceB] [Error] SkyApm.Transport.Grpc.ConnectionManager : Connect server timeout.
System.Threading.Tasks.TaskCanceledException: Reached deadline.
   at Grpc.Core.Channel.WaitForStateChangedAsync(ChannelState lastObservedState, Nullable`1 deadline)
   at Grpc.Core.Channel.ConnectAsync(Nullable`1 deadline)
   at SkyApm.Transport.Grpc.ConnectionManager.ConnectAsync()
2020-02-05 00:58:50.217 +08:00 [Denggaopan.SkywalkingDemo.ServiceB] [Information] SkyApm.Transport.Grpc.ConnectionManager : Shutdown connection[192.168.10.50:11800].
2020-02-05 00:59:00.223 +08:00 [Denggaopan.SkywalkingDemo.ServiceB] [Error] SkyApm.Transport.Grpc.ConnectionManager : Connect server timeout.
System.Threading.Tasks.TaskCanceledException: Reached deadline.
   at Grpc.Core.Channel.WaitForStateChangedAsync(ChannelState lastObservedState, Nullable`1 deadline)
   at Grpc.Core.Channel.ConnectAsync(Nullable`1 deadline)
   at SkyApm.Transport.Grpc.ConnectionManager.ConnectAsync()
2020-02-05 00:59:05.220 +08:00 [Denggaopan.SkywalkingDemo.ServiceB] [Information] SkyApm.Transport.Grpc.ConnectionManager : Shutdown connection[192.168.10.50:11800].
2020-02-05 00:59:15.232 +08:00 [Denggaopan.SkywalkingDemo.ServiceB] [Error] SkyApm.Transport.Grpc.ConnectionManager : Connect server timeout.
System.Threading.Tasks.TaskCanceledException: Reached deadline.
   at Grpc.Core.Channel.WaitForStateChangedAsync(ChannelState lastObservedState, Nullable`1 deadline)
   at Grpc.Core.Channel.ConnectAsync(Nullable`1 deadline)
   at SkyApm.Transport.Grpc.ConnectionManager.ConnectAsync()
2020-02-05 00:59:20.211 +08:00 [Denggaopan.SkywalkingDemo.ServiceB] [Information] SkyApm.Transport.Grpc.ConnectionManager : Shutdown connection[192.168.10.50:11800].
2020-02-05 00:59:30.215 +08:00 [Denggaopan.SkywalkingDemo.ServiceB] [Error] SkyApm.Transport.Grpc.ConnectionManager : Connect server timeout.
System.Threading.Tasks.TaskCanceledException: Reached deadline.
   at Grpc.Core.Channel.WaitForStateChangedAsync(ChannelState lastObservedState, Nullable`1 deadline)
   at Grpc.Core.Channel.ConnectAsync(Nullable`1 deadline)
   at SkyApm.Transport.Grpc.ConnectionManager.ConnectAsync()
2020-02-05 00:59:35.217 +08:00 [Denggaopan.SkywalkingDemo.ServiceB] [Information] SkyApm.Transport.Grpc.ConnectionManager : Shutdown connection[192.168.10.50:11800].
2020-02-05 00:59:45.231 +08:00 [Denggaopan.SkywalkingDemo.ServiceB] [Error] SkyApm.Transport.Grpc.ConnectionManager : Connect server timeout.
System.Threading.Tasks.TaskCanceledException: Reached deadline.
   at Grpc.Core.Channel.WaitForStateChangedAsync(ChannelState lastObservedState, Nullable`1 deadline)
   at Grpc.Core.Channel.ConnectAsync(Nullable`1 deadline)
   at SkyApm.Transport.Grpc.ConnectionManager.ConnectAsync()
2020-02-05 00:59:50.213 +08:00 [Denggaopan.SkywalkingDemo.ServiceB] [Information] SkyApm.Transport.Grpc.ConnectionManager : Shutdown connection[192.168.10.50:11800].
2020-02-05 01:00:00.217 +08:00 [Denggaopan.SkywalkingDemo.ServiceB] [Error] SkyApm.Transport.Grpc.ConnectionManager : Connect server timeout.
System.Threading.Tasks.TaskCanceledException: Reached deadline.
   at Grpc.Core.Channel.WaitForStateChangedAsync(ChannelState lastObservedState, Nullable`1 deadline)
   at Grpc.Core.Channel.ConnectAsync(Nullable`1 deadline)
   at SkyApm.Transport.Grpc.ConnectionManager.ConnectAsync()
2020-02-05 01:00:05.252 +08:00 [Denggaopan.SkywalkingDemo.ServiceB] [Information] SkyApm.Transport.Grpc.ConnectionManager : Shutdown connection[192.168.10.50:11800].
2020-02-05 01:00:15.259 +08:00 [Denggaopan.SkywalkingDemo.ServiceB] [Error] SkyApm.Transport.Grpc.ConnectionManager : Connect server timeout.
System.Threading.Tasks.TaskCanceledException: Reached deadline.
   at Grpc.Core.Channel.WaitForStateChangedAsync(ChannelState lastObservedState, Nullable`1 deadline)
   at Grpc.Core.Channel.ConnectAsync(Nullable`1 deadline)
   at SkyApm.Transport.Grpc.ConnectionManager.ConnectAsync()
2020-02-05 01:00:20.210 +08:00 [Denggaopan.SkywalkingDemo.ServiceB] [Information] SkyApm.Transport.Grpc.ConnectionManager : Shutdown connection[192.168.10.50:11800].
2020-02-05 01:00:30.216 +08:00 [Denggaopan.SkywalkingDemo.ServiceB] [Error] SkyApm.Transport.Grpc.ConnectionManager : Connect server timeout.
System.Threading.Tasks.TaskCanceledException: Reached deadline.
   at Grpc.Core.Channel.WaitForStateChangedAsync(ChannelState lastObservedState, Nullable`1 deadline)
   at Grpc.Core.Channel.ConnectAsync(Nullable`1 deadline)
   at SkyApm.Transport.Grpc.ConnectionManager.ConnectAsync()
2020-02-05 01:00:35.216 +08:00 [Denggaopan.SkywalkingDemo.ServiceB] [Information] SkyApm.Transport.Grpc.ConnectionManager : Shutdown connection[192.168.10.50:11800].
2020-02-05 01:00:45.219 +08:00 [Denggaopan.SkywalkingDemo.ServiceB] [Error] SkyApm.Transport.Grpc.ConnectionManager : Connect server timeout.
System.Threading.Tasks.TaskCanceledException: Reached deadline.
   at Grpc.Core.Channel.WaitForStateChangedAsync(ChannelState lastObservedState, Nullable`1 deadline)
   at Grpc.Core.Channel.ConnectAsync(Nullable`1 deadline)
   at SkyApm.Transport.Grpc.ConnectionManager.ConnectAsync()
2020-02-05 01:00:50.212 +08:00 [Denggaopan.SkywalkingDemo.ServiceB] [Information] SkyApm.Transport.Grpc.ConnectionManager : Shutdown connection[192.168.10.50:11800].
2020-02-05 01:01:00.216 +08:00 [Denggaopan.SkywalkingDemo.ServiceB] [Error] SkyApm.Transport.Grpc.ConnectionManager : Connect server timeout.
System.Threading.Tasks.TaskCanceledException: Reached deadline.
   at Grpc.Core.Channel.WaitForStateChangedAsync(ChannelState lastObservedState, Nullable`1 deadline)
   at Grpc.Core.Channel.ConnectAsync(Nullable`1 deadline)
   at SkyApm.Transport.Grpc.ConnectionManager.ConnectAsync()
2020-02-05 01:01:05.214 +08:00 [Denggaopan.SkywalkingDemo.ServiceB] [Information] SkyApm.Transport.Grpc.ConnectionManager : Shutdown connection[192.168.10.50:11800].
2020-02-05 01:01:15.220 +08:00 [Denggaopan.SkywalkingDemo.ServiceB] [Error] SkyApm.Transport.Grpc.ConnectionManager : Connect server timeout.
System.Threading.Tasks.TaskCanceledException: Reached deadline.
   at Grpc.Core.Channel.WaitForStateChangedAsync(ChannelState lastObservedState, Nullable`1 deadline)
   at Grpc.Core.Channel.ConnectAsync(Nullable`1 deadline)
   at SkyApm.Transport.Grpc.ConnectionManager.ConnectAsync()
2020-02-05 01:01:20.213 +08:00 [Denggaopan.SkywalkingDemo.ServiceB] [Information] SkyApm.Transport.Grpc.ConnectionManager : Shutdown connection[192.168.10.50:11800].
2020-02-05 01:01:30.223 +08:00 [Denggaopan.SkywalkingDemo.ServiceB] [Error] SkyApm.Transport.Grpc.ConnectionManager : Connect server timeout.
System.Threading.Tasks.TaskCanceledException: Reached deadline.
   at Grpc.Core.Channel.WaitForStateChangedAsync(ChannelState lastObservedState, Nullable`1 deadline)
   at Grpc.Core.Channel.ConnectAsync(Nullable`1 deadline)
   at SkyApm.Transport.Grpc.ConnectionManager.ConnectAsync()
2020-02-05 01:01:35.215 +08:00 [Denggaopan.SkywalkingDemo.ServiceB] [Information] SkyApm.Transport.Grpc.ConnectionManager : Shutdown connection[192.168.10.50:11800].
2020-02-05 01:01:45.235 +08:00 [Denggaopan.SkywalkingDemo.ServiceB] [Error] SkyApm.Transport.Grpc.ConnectionManager : Connect server timeout.
System.Threading.Tasks.TaskCanceledException: Reached deadline.
   at Grpc.Core.Channel.WaitForStateChangedAsync(ChannelState lastObservedState, Nullable`1 deadline)
   at Grpc.Core.Channel.ConnectAsync(Nullable`1 deadline)
   at SkyApm.Transport.Grpc.ConnectionManager.ConnectAsync()
2020-02-05 01:01:50.218 +08:00 [Denggaopan.SkywalkingDemo.ServiceB] [Information] SkyApm.Transport.Grpc.ConnectionManager : Shutdown connection[192.168.10.50:11800].
2020-02-05 01:02:00.228 +08:00 [Denggaopan.SkywalkingDemo.ServiceB] [Error] SkyApm.Transport.Grpc.ConnectionManager : Connect server timeout.
System.Threading.Tasks.TaskCanceledException: Reached deadline.
   at Grpc.Core.Channel.WaitForStateChangedAsync(ChannelState lastObservedState, Nullable`1 deadline)
   at Grpc.Core.Channel.ConnectAsync(Nullable`1 deadline)
   at SkyApm.Transport.Grpc.ConnectionManager.ConnectAsync()
2020-02-05 01:02:05.211 +08:00 [Denggaopan.SkywalkingDemo.ServiceB] [Information] SkyApm.Transport.Grpc.ConnectionManager : Shutdown connection[192.168.10.50:11800].
2020-02-05 01:02:15.216 +08:00 [Denggaopan.SkywalkingDemo.ServiceB] [Error] SkyApm.Transport.Grpc.ConnectionManager : Connect server timeout.
System.Threading.Tasks.TaskCanceledException: Reached deadline.
   at Grpc.Core.Channel.WaitForStateChangedAsync(ChannelState lastObservedState, Nullable`1 deadline)
   at Grpc.Core.Channel.ConnectAsync(Nullable`1 deadline)
   at SkyApm.Transport.Grpc.ConnectionManager.ConnectAsync()
2020-02-05 01:02:20.215 +08:00 [Denggaopan.SkywalkingDemo.ServiceB] [Information] SkyApm.Transport.Grpc.ConnectionManager : Shutdown connection[192.168.10.50:11800].
2020-02-05 01:02:30.218 +08:00 [Denggaopan.SkywalkingDemo.ServiceB] [Error] SkyApm.Transport.Grpc.ConnectionManager : Connect server timeout.
System.Threading.Tasks.TaskCanceledException: Reached deadline.
   at Grpc.Core.Channel.WaitForStateChangedAsync(ChannelState lastObservedState, Nullable`1 deadline)
   at Grpc.Core.Channel.ConnectAsync(Nullable`1 deadline)
   at SkyApm.Transport.Grpc.ConnectionManager.ConnectAsync()
2020-02-05 01:02:35.216 +08:00 [Denggaopan.SkywalkingDemo.ServiceB] [Information] SkyApm.Transport.Grpc.ConnectionManager : Shutdown connection[192.168.10.50:11800].
2020-02-05 01:02:45.223 +08:00 [Denggaopan.SkywalkingDemo.ServiceB] [Error] SkyApm.Transport.Grpc.ConnectionManager : Connect server timeout.
System.Threading.Tasks.TaskCanceledException: Reached deadline.
   at Grpc.Core.Channel.WaitForStateChangedAsync(ChannelState lastObservedState, Nullable`1 deadline)
   at Grpc.Core.Channel.ConnectAsync(Nullable`1 deadline)
   at SkyApm.Transport.Grpc.ConnectionManager.ConnectAsync()
2020-02-05 01:02:50.220 +08:00 [Denggaopan.SkywalkingDemo.ServiceB] [Information] SkyApm.Transport.Grpc.ConnectionManager : Shutdown connection[192.168.10.50:11800].
2020-02-05 01:03:00.227 +08:00 [Denggaopan.SkywalkingDemo.ServiceB] [Error] SkyApm.Transport.Grpc.ConnectionManager : Connect server timeout.
System.Threading.Tasks.TaskCanceledException: Reached deadline.
   at Grpc.Core.Channel.WaitForStateChangedAsync(ChannelState lastObservedState, Nullable`1 deadline)
   at Grpc.Core.Channel.ConnectAsync(Nullable`1 deadline)
   at SkyApm.Transport.Grpc.ConnectionManager.ConnectAsync()
2020-02-05 01:03:05.217 +08:00 [Denggaopan.SkywalkingDemo.ServiceB] [Information] SkyApm.Transport.Grpc.ConnectionManager : Shutdown connection[192.168.10.50:11800].
2020-02-05 01:03:15.221 +08:00 [Denggaopan.SkywalkingDemo.ServiceB] [Error] SkyApm.Transport.Grpc.ConnectionManager : Connect server timeout.
System.Threading.Tasks.TaskCanceledException: Reached deadline.
   at Grpc.Core.Channel.WaitForStateChangedAsync(ChannelState lastObservedState, Nullable`1 deadline)
   at Grpc.Core.Channel.ConnectAsync(Nullable`1 deadline)
   at SkyApm.Transport.Grpc.ConnectionManager.ConnectAsync()
2020-02-05 01:03:20.217 +08:00 [Denggaopan.SkywalkingDemo.ServiceB] [Information] SkyApm.Transport.Grpc.ConnectionManager : Shutdown connection[192.168.10.50:11800].
2020-02-05 01:03:30.227 +08:00 [Denggaopan.SkywalkingDemo.ServiceB] [Error] SkyApm.Transport.Grpc.ConnectionManager : Connect server timeout.
System.Threading.Tasks.TaskCanceledException: Reached deadline.
   at Grpc.Core.Channel.WaitForStateChangedAsync(ChannelState lastObservedState, Nullable`1 deadline)
   at Grpc.Core.Channel.ConnectAsync(Nullable`1 deadline)
   at SkyApm.Transport.Grpc.ConnectionManager.ConnectAsync()
2020-02-05 01:03:35.214 +08:00 [Denggaopan.SkywalkingDemo.ServiceB] [Information] SkyApm.Transport.Grpc.ConnectionManager : Shutdown connection[192.168.10.50:11800].
2020-02-05 01:03:45.218 +08:00 [Denggaopan.SkywalkingDemo.ServiceB] [Error] SkyApm.Transport.Grpc.ConnectionManager : Connect server timeout.
System.Threading.Tasks.TaskCanceledException: Reached deadline.
   at Grpc.Core.Channel.WaitForStateChangedAsync(ChannelState lastObservedState, Nullable`1 deadline)
   at Grpc.Core.Channel.ConnectAsync(Nullable`1 deadline)
   at SkyApm.Transport.Grpc.ConnectionManager.ConnectAsync()
2020-02-05 01:03:50.215 +08:00 [Denggaopan.SkywalkingDemo.ServiceB] [Information] SkyApm.Transport.Grpc.ConnectionManager : Shutdown connection[192.168.10.50:11800].
2020-02-05 01:04:00.224 +08:00 [Denggaopan.SkywalkingDemo.ServiceB] [Error] SkyApm.Transport.Grpc.ConnectionManager : Connect server timeout.
System.Threading.Tasks.TaskCanceledException: Reached deadline.
   at Grpc.Core.Channel.WaitForStateChangedAsync(ChannelState lastObservedState, Nullable`1 deadline)
   at Grpc.Core.Channel.ConnectAsync(Nullable`1 deadline)
   at SkyApm.Transport.Grpc.ConnectionManager.ConnectAsync()
2020-02-05 01:04:05.217 +08:00 [Denggaopan.SkywalkingDemo.ServiceB] [Information] SkyApm.Transport.Grpc.ConnectionManager : Shutdown connection[192.168.10.50:11800].
2020-02-05 01:04:15.220 +08:00 [Denggaopan.SkywalkingDemo.ServiceB] [Error] SkyApm.Transport.Grpc.ConnectionManager : Connect server timeout.
System.Threading.Tasks.TaskCanceledException: Reached deadline.
   at Grpc.Core.Channel.WaitForStateChangedAsync(ChannelState lastObservedState, Nullable`1 deadline)
   at Grpc.Core.Channel.ConnectAsync(Nullable`1 deadline)
   at SkyApm.Transport.Grpc.ConnectionManager.ConnectAsync()
2020-02-05 01:04:20.214 +08:00 [Denggaopan.SkywalkingDemo.ServiceB] [Information] SkyApm.Transport.Grpc.ConnectionManager : Shutdown connection[192.168.10.50:11800].
2020-02-05 01:04:30.223 +08:00 [Denggaopan.SkywalkingDemo.ServiceB] [Error] SkyApm.Transport.Grpc.ConnectionManager : Connect server timeout.
System.Threading.Tasks.TaskCanceledException: Reached deadline.
   at Grpc.Core.Channel.WaitForStateChangedAsync(ChannelState lastObservedState, Nullable`1 deadline)
   at Grpc.Core.Channel.ConnectAsync(Nullable`1 deadline)
   at SkyApm.Transport.Grpc.ConnectionManager.ConnectAsync()
2020-02-05 01:04:35.216 +08:00 [Denggaopan.SkywalkingDemo.ServiceB] [Information] SkyApm.Transport.Grpc.ConnectionManager : Shutdown connection[192.168.10.50:11800].
2020-02-05 01:04:45.223 +08:00 [Denggaopan.SkywalkingDemo.ServiceB] [Error] SkyApm.Transport.Grpc.ConnectionManager : Connect server timeout.
System.Threading.Tasks.TaskCanceledException: Reached deadline.
   at Grpc.Core.Channel.WaitForStateChangedAsync(ChannelState lastObservedState, Nullable`1 deadline)
   at Grpc.Core.Channel.ConnectAsync(Nullable`1 deadline)
   at SkyApm.Transport.Grpc.ConnectionManager.ConnectAsync()
2020-02-05 01:04:50.213 +08:00 [Denggaopan.SkywalkingDemo.ServiceB] [Information] SkyApm.Transport.Grpc.ConnectionManager : Shutdown connection[192.168.10.50:11800].
2020-02-05 01:59:35.797 +08:00 [Denggaopan.SkywalkingDemo.ServiceB] [Information] SkyApm.InstrumentStartup : Initializing ...
2020-02-05 01:59:35.856 +08:00 [Denggaopan.SkywalkingDemo.ServiceB] [Information] SkyApm.Service.RegisterService : Loaded instrument service [SkyApm.Service.RegisterService].
2020-02-05 01:59:35.856 +08:00 [Denggaopan.SkywalkingDemo.ServiceB] [Information] SkyApm.Service.PingService : Loaded instrument service [SkyApm.Service.PingService].
2020-02-05 01:59:35.856 +08:00 [Denggaopan.SkywalkingDemo.ServiceB] [Information] SkyApm.Service.ServiceDiscoveryV5Service : Loaded instrument service [SkyApm.Service.ServiceDiscoveryV5Service].
2020-02-05 01:59:35.857 +08:00 [Denggaopan.SkywalkingDemo.ServiceB] [Information] SkyApm.Service.SegmentReportService : Loaded instrument service [SkyApm.Service.SegmentReportService].
2020-02-05 01:59:35.857 +08:00 [Denggaopan.SkywalkingDemo.ServiceB] [Information] SkyApm.Service.CLRStatsService : Loaded instrument service [SkyApm.Service.CLRStatsService].
2020-02-05 01:59:35.857 +08:00 [Denggaopan.SkywalkingDemo.ServiceB] [Information] SkyApm.Sampling.SimpleCountSamplingInterceptor : Loaded instrument service [SkyApm.Sampling.SimpleCountSamplingInterceptor].
2020-02-05 01:59:35.857 +08:00 [Denggaopan.SkywalkingDemo.ServiceB] [Information] SkyApm.Transport.Grpc.V6.ConnectService : Loaded instrument service [SkyApm.Transport.Grpc.V6.ConnectService].
2020-02-05 01:59:35.906 +08:00 [Denggaopan.SkywalkingDemo.ServiceB] [Information] SkyApm.Diagnostics.TracingDiagnosticProcessorObserver : Loaded diagnostic listener [Microsoft.AspNetCore].
2020-02-05 01:59:35.907 +08:00 [Denggaopan.SkywalkingDemo.ServiceB] [Information] SkyApm.InstrumentStartup : Started SkyAPM .NET Core Agent.
2020-02-05 01:59:36.138 +08:00 [Denggaopan.SkywalkingDemo.ServiceB] [Information] SkyApm.Diagnostics.TracingDiagnosticProcessorObserver : Loaded diagnostic listener [HttpHandlerDiagnosticListener].
2020-02-05 01:59:46.078 +08:00 [Denggaopan.SkywalkingDemo.ServiceB] [Error] SkyApm.Transport.Grpc.ConnectionManager : Connect server timeout.
System.Threading.Tasks.TaskCanceledException: Reached deadline.
   at Grpc.Core.Channel.WaitForStateChangedAsync(ChannelState lastObservedState, Nullable`1 deadline)
   at Grpc.Core.Channel.ConnectAsync(Nullable`1 deadline)
   at SkyApm.Transport.Grpc.ConnectionManager.ConnectAsync()
2020-02-05 01:59:50.878 +08:00 [Denggaopan.SkywalkingDemo.ServiceB] [Information] SkyApm.Transport.Grpc.ConnectionManager : Shutdown connection[192.168.10.50:11800].
2020-02-05 02:00:00.883 +08:00 [Denggaopan.SkywalkingDemo.ServiceB] [Error] SkyApm.Transport.Grpc.ConnectionManager : Connect server timeout.
System.Threading.Tasks.TaskCanceledException: Reached deadline.
   at Grpc.Core.Channel.WaitForStateChangedAsync(ChannelState lastObservedState, Nullable`1 deadline)
   at Grpc.Core.Channel.ConnectAsync(Nullable`1 deadline)
   at SkyApm.Transport.Grpc.ConnectionManager.ConnectAsync()
2020-02-05 02:03:01.129 +08:00 [Denggaopan.SkywalkingDemo.ServiceB] [Information] SkyApm.InstrumentStartup : Initializing ...
2020-02-05 02:03:01.173 +08:00 [Denggaopan.SkywalkingDemo.ServiceB] [Information] SkyApm.Service.RegisterService : Loaded instrument service [SkyApm.Service.RegisterService].
2020-02-05 02:03:01.173 +08:00 [Denggaopan.SkywalkingDemo.ServiceB] [Information] SkyApm.Service.PingService : Loaded instrument service [SkyApm.Service.PingService].
2020-02-05 02:03:01.173 +08:00 [Denggaopan.SkywalkingDemo.ServiceB] [Information] SkyApm.Service.ServiceDiscoveryV5Service : Loaded instrument service [SkyApm.Service.ServiceDiscoveryV5Service].
2020-02-05 02:03:01.174 +08:00 [Denggaopan.SkywalkingDemo.ServiceB] [Information] SkyApm.Service.SegmentReportService : Loaded instrument service [SkyApm.Service.SegmentReportService].
2020-02-05 02:03:01.174 +08:00 [Denggaopan.SkywalkingDemo.ServiceB] [Information] SkyApm.Service.CLRStatsService : Loaded instrument service [SkyApm.Service.CLRStatsService].
2020-02-05 02:03:01.174 +08:00 [Denggaopan.SkywalkingDemo.ServiceB] [Information] SkyApm.Sampling.SimpleCountSamplingInterceptor : Loaded instrument service [SkyApm.Sampling.SimpleCountSamplingInterceptor].
2020-02-05 02:03:01.174 +08:00 [Denggaopan.SkywalkingDemo.ServiceB] [Information] SkyApm.Transport.Grpc.V6.ConnectService : Loaded instrument service [SkyApm.Transport.Grpc.V6.ConnectService].
2020-02-05 02:03:01.211 +08:00 [Denggaopan.SkywalkingDemo.ServiceB] [Information] SkyApm.Diagnostics.TracingDiagnosticProcessorObserver : Loaded diagnostic listener [Microsoft.AspNetCore].
2020-02-05 02:03:01.211 +08:00 [Denggaopan.SkywalkingDemo.ServiceB] [Information] SkyApm.InstrumentStartup : Started SkyAPM .NET Core Agent.
2020-02-05 02:03:02.433 +08:00 [Denggaopan.SkywalkingDemo.ServiceB] [Information] SkyApm.Diagnostics.TracingDiagnosticProcessorObserver : Loaded diagnostic listener [HttpHandlerDiagnosticListener].
2020-02-05 02:03:11.329 +08:00 [Denggaopan.SkywalkingDemo.ServiceB] [Error] SkyApm.Transport.Grpc.ConnectionManager : Connect server timeout.
System.Threading.Tasks.TaskCanceledException: Reached deadline.
   at Grpc.Core.Channel.WaitForStateChangedAsync(ChannelState lastObservedState, Nullable`1 deadline)
   at Grpc.Core.Channel.ConnectAsync(Nullable`1 deadline)
   at SkyApm.Transport.Grpc.ConnectionManager.ConnectAsync()
2020-02-05 02:03:16.198 +08:00 [Denggaopan.SkywalkingDemo.ServiceB] [Information] SkyApm.Transport.Grpc.ConnectionManager : Shutdown connection[192.168.10.50:11800].
2020-02-05 02:03:26.201 +08:00 [Denggaopan.SkywalkingDemo.ServiceB] [Error] SkyApm.Transport.Grpc.ConnectionManager : Connect server timeout.
System.Threading.Tasks.TaskCanceledException: Reached deadline.
   at Grpc.Core.Channel.WaitForStateChangedAsync(ChannelState lastObservedState, Nullable`1 deadline)
   at Grpc.Core.Channel.ConnectAsync(Nullable`1 deadline)
   at SkyApm.Transport.Grpc.ConnectionManager.ConnectAsync()
2020-02-05 02:03:31.182 +08:00 [Denggaopan.SkywalkingDemo.ServiceB] [Information] SkyApm.Transport.Grpc.ConnectionManager : Shutdown connection[192.168.10.50:11800].
2020-02-05 02:03:41.186 +08:00 [Denggaopan.SkywalkingDemo.ServiceB] [Error] SkyApm.Transport.Grpc.ConnectionManager : Connect server timeout.
System.Threading.Tasks.TaskCanceledException: Reached deadline.
   at Grpc.Core.Channel.WaitForStateChangedAsync(ChannelState lastObservedState, Nullable`1 deadline)
   at Grpc.Core.Channel.ConnectAsync(Nullable`1 deadline)
   at SkyApm.Transport.Grpc.ConnectionManager.ConnectAsync()
2020-02-05 02:03:46.184 +08:00 [Denggaopan.SkywalkingDemo.ServiceB] [Information] SkyApm.Transport.Grpc.ConnectionManager : Shutdown connection[192.168.10.50:11800].
2020-02-05 02:03:56.188 +08:00 [Denggaopan.SkywalkingDemo.ServiceB] [Error] SkyApm.Transport.Grpc.ConnectionManager : Connect server timeout.
System.Threading.Tasks.TaskCanceledException: Reached deadline.
   at Grpc.Core.Channel.WaitForStateChangedAsync(ChannelState lastObservedState, Nullable`1 deadline)
   at Grpc.Core.Channel.ConnectAsync(Nullable`1 deadline)
   at SkyApm.Transport.Grpc.ConnectionManager.ConnectAsync()
2020-02-05 02:04:01.181 +08:00 [Denggaopan.SkywalkingDemo.ServiceB] [Information] SkyApm.Transport.Grpc.ConnectionManager : Shutdown connection[192.168.10.50:11800].
2020-02-05 02:04:11.186 +08:00 [Denggaopan.SkywalkingDemo.ServiceB] [Error] SkyApm.Transport.Grpc.ConnectionManager : Connect server timeout.
System.Threading.Tasks.TaskCanceledException: Reached deadline.
   at Grpc.Core.Channel.WaitForStateChangedAsync(ChannelState lastObservedState, Nullable`1 deadline)
   at Grpc.Core.Channel.ConnectAsync(Nullable`1 deadline)
   at SkyApm.Transport.Grpc.ConnectionManager.ConnectAsync()
2020-02-05 02:04:16.185 +08:00 [Denggaopan.SkywalkingDemo.ServiceB] [Information] SkyApm.Transport.Grpc.ConnectionManager : Shutdown connection[192.168.10.50:11800].
2020-02-05 02:04:26.192 +08:00 [Denggaopan.SkywalkingDemo.ServiceB] [Error] SkyApm.Transport.Grpc.ConnectionManager : Connect server timeout.
System.Threading.Tasks.TaskCanceledException: Reached deadline.
   at Grpc.Core.Channel.WaitForStateChangedAsync(ChannelState lastObservedState, Nullable`1 deadline)
   at Grpc.Core.Channel.ConnectAsync(Nullable`1 deadline)
   at SkyApm.Transport.Grpc.ConnectionManager.ConnectAsync()
2020-02-05 02:04:31.187 +08:00 [Denggaopan.SkywalkingDemo.ServiceB] [Information] SkyApm.Transport.Grpc.ConnectionManager : Shutdown connection[192.168.10.50:11800].
2020-02-05 02:04:41.195 +08:00 [Denggaopan.SkywalkingDemo.ServiceB] [Error] SkyApm.Transport.Grpc.ConnectionManager : Connect server timeout.
System.Threading.Tasks.TaskCanceledException: Reached deadline.
   at Grpc.Core.Channel.WaitForStateChangedAsync(ChannelState lastObservedState, Nullable`1 deadline)
   at Grpc.Core.Channel.ConnectAsync(Nullable`1 deadline)
   at SkyApm.Transport.Grpc.ConnectionManager.ConnectAsync()
2020-02-05 02:04:46.183 +08:00 [Denggaopan.SkywalkingDemo.ServiceB] [Information] SkyApm.Transport.Grpc.ConnectionManager : Shutdown connection[192.168.10.50:11800].
2020-02-05 02:04:56.188 +08:00 [Denggaopan.SkywalkingDemo.ServiceB] [Error] SkyApm.Transport.Grpc.ConnectionManager : Connect server timeout.
System.Threading.Tasks.TaskCanceledException: Reached deadline.
   at Grpc.Core.Channel.WaitForStateChangedAsync(ChannelState lastObservedState, Nullable`1 deadline)
   at Grpc.Core.Channel.ConnectAsync(Nullable`1 deadline)
   at SkyApm.Transport.Grpc.ConnectionManager.ConnectAsync()
2020-02-05 02:05:01.181 +08:00 [Denggaopan.SkywalkingDemo.ServiceB] [Information] SkyApm.Transport.Grpc.ConnectionManager : Shutdown connection[192.168.10.50:11800].
2020-02-05 02:05:11.184 +08:00 [Denggaopan.SkywalkingDemo.ServiceB] [Error] SkyApm.Transport.Grpc.ConnectionManager : Connect server timeout.
System.Threading.Tasks.TaskCanceledException: Reached deadline.
   at Grpc.Core.Channel.WaitForStateChangedAsync(ChannelState lastObservedState, Nullable`1 deadline)
   at Grpc.Core.Channel.ConnectAsync(Nullable`1 deadline)
   at SkyApm.Transport.Grpc.ConnectionManager.ConnectAsync()
2020-02-05 02:05:16.182 +08:00 [Denggaopan.SkywalkingDemo.ServiceB] [Information] SkyApm.Transport.Grpc.ConnectionManager : Shutdown connection[192.168.10.50:11800].
2020-02-05 02:05:26.238 +08:00 [Denggaopan.SkywalkingDemo.ServiceB] [Error] SkyApm.Transport.Grpc.ConnectionManager : Connect server timeout.
System.Threading.Tasks.TaskCanceledException: Reached deadline.
   at Grpc.Core.Channel.WaitForStateChangedAsync(ChannelState lastObservedState, Nullable`1 deadline)
   at Grpc.Core.Channel.ConnectAsync(Nullable`1 deadline)
   at SkyApm.Transport.Grpc.ConnectionManager.ConnectAsync()
2020-02-05 02:05:31.185 +08:00 [Denggaopan.SkywalkingDemo.ServiceB] [Information] SkyApm.Transport.Grpc.ConnectionManager : Shutdown connection[192.168.10.50:11800].
2020-02-05 02:05:41.194 +08:00 [Denggaopan.SkywalkingDemo.ServiceB] [Error] SkyApm.Transport.Grpc.ConnectionManager : Connect server timeout.
System.Threading.Tasks.TaskCanceledException: Reached deadline.
   at Grpc.Core.Channel.WaitForStateChangedAsync(ChannelState lastObservedState, Nullable`1 deadline)
   at Grpc.Core.Channel.ConnectAsync(Nullable`1 deadline)
   at SkyApm.Transport.Grpc.ConnectionManager.ConnectAsync()
2020-02-05 02:05:46.186 +08:00 [Denggaopan.SkywalkingDemo.ServiceB] [Information] SkyApm.Transport.Grpc.ConnectionManager : Shutdown connection[192.168.10.50:11800].
2020-02-05 02:05:56.193 +08:00 [Denggaopan.SkywalkingDemo.ServiceB] [Error] SkyApm.Transport.Grpc.ConnectionManager : Connect server timeout.
System.Threading.Tasks.TaskCanceledException: Reached deadline.
   at Grpc.Core.Channel.WaitForStateChangedAsync(ChannelState lastObservedState, Nullable`1 deadline)
   at Grpc.Core.Channel.ConnectAsync(Nullable`1 deadline)
   at SkyApm.Transport.Grpc.ConnectionManager.ConnectAsync()
2020-02-05 02:06:01.182 +08:00 [Denggaopan.SkywalkingDemo.ServiceB] [Information] SkyApm.Transport.Grpc.ConnectionManager : Shutdown connection[192.168.10.50:11800].
2020-02-05 02:06:11.185 +08:00 [Denggaopan.SkywalkingDemo.ServiceB] [Error] SkyApm.Transport.Grpc.ConnectionManager : Connect server timeout.
System.Threading.Tasks.TaskCanceledException: Reached deadline.
   at Grpc.Core.Channel.WaitForStateChangedAsync(ChannelState lastObservedState, Nullable`1 deadline)
   at Grpc.Core.Channel.ConnectAsync(Nullable`1 deadline)
   at SkyApm.Transport.Grpc.ConnectionManager.ConnectAsync()
2020-02-05 02:06:16.187 +08:00 [Denggaopan.SkywalkingDemo.ServiceB] [Information] SkyApm.Transport.Grpc.ConnectionManager : Shutdown connection[192.168.10.50:11800].
2020-02-05 02:06:26.190 +08:00 [Denggaopan.SkywalkingDemo.ServiceB] [Error] SkyApm.Transport.Grpc.ConnectionManager : Connect server timeout.
System.Threading.Tasks.TaskCanceledException: Reached deadline.
   at Grpc.Core.Channel.WaitForStateChangedAsync(ChannelState lastObservedState, Nullable`1 deadline)
   at Grpc.Core.Channel.ConnectAsync(Nullable`1 deadline)
   at SkyApm.Transport.Grpc.ConnectionManager.ConnectAsync()
2020-02-05 02:06:31.188 +08:00 [Denggaopan.SkywalkingDemo.ServiceB] [Information] SkyApm.Transport.Grpc.ConnectionManager : Shutdown connection[192.168.10.50:11800].
2020-02-05 02:06:41.199 +08:00 [Denggaopan.SkywalkingDemo.ServiceB] [Error] SkyApm.Transport.Grpc.ConnectionManager : Connect server timeout.
System.Threading.Tasks.TaskCanceledException: Reached deadline.
   at Grpc.Core.Channel.WaitForStateChangedAsync(ChannelState lastObservedState, Nullable`1 deadline)
   at Grpc.Core.Channel.ConnectAsync(Nullable`1 deadline)
   at SkyApm.Transport.Grpc.ConnectionManager.ConnectAsync()
2020-02-05 02:06:46.186 +08:00 [Denggaopan.SkywalkingDemo.ServiceB] [Information] SkyApm.Transport.Grpc.ConnectionManager : Shutdown connection[192.168.10.50:11800].
2020-02-05 02:06:56.192 +08:00 [Denggaopan.SkywalkingDemo.ServiceB] [Error] SkyApm.Transport.Grpc.ConnectionManager : Connect server timeout.
System.Threading.Tasks.TaskCanceledException: Reached deadline.
   at Grpc.Core.Channel.WaitForStateChangedAsync(ChannelState lastObservedState, Nullable`1 deadline)
   at Grpc.Core.Channel.ConnectAsync(Nullable`1 deadline)
   at SkyApm.Transport.Grpc.ConnectionManager.ConnectAsync()
2020-02-05 02:07:01.185 +08:00 [Denggaopan.SkywalkingDemo.ServiceB] [Information] SkyApm.Transport.Grpc.ConnectionManager : Shutdown connection[192.168.10.50:11800].
2020-02-05 02:07:11.193 +08:00 [Denggaopan.SkywalkingDemo.ServiceB] [Error] SkyApm.Transport.Grpc.ConnectionManager : Connect server timeout.
System.Threading.Tasks.TaskCanceledException: Reached deadline.
   at Grpc.Core.Channel.WaitForStateChangedAsync(ChannelState lastObservedState, Nullable`1 deadline)
   at Grpc.Core.Channel.ConnectAsync(Nullable`1 deadline)
   at SkyApm.Transport.Grpc.ConnectionManager.ConnectAsync()
2020-02-05 02:07:16.183 +08:00 [Denggaopan.SkywalkingDemo.ServiceB] [Information] SkyApm.Transport.Grpc.ConnectionManager : Shutdown connection[192.168.10.50:11800].
2020-02-05 02:07:26.187 +08:00 [Denggaopan.SkywalkingDemo.ServiceB] [Error] SkyApm.Transport.Grpc.ConnectionManager : Connect server timeout.
System.Threading.Tasks.TaskCanceledException: Reached deadline.
   at Grpc.Core.Channel.WaitForStateChangedAsync(ChannelState lastObservedState, Nullable`1 deadline)
   at Grpc.Core.Channel.ConnectAsync(Nullable`1 deadline)
   at SkyApm.Transport.Grpc.ConnectionManager.ConnectAsync()
2020-02-05 02:07:31.184 +08:00 [Denggaopan.SkywalkingDemo.ServiceB] [Information] SkyApm.Transport.Grpc.ConnectionManager : Shutdown connection[192.168.10.50:11800].
2020-02-05 02:07:41.192 +08:00 [Denggaopan.SkywalkingDemo.ServiceB] [Error] SkyApm.Transport.Grpc.ConnectionManager : Connect server timeout.
System.Threading.Tasks.TaskCanceledException: Reached deadline.
   at Grpc.Core.Channel.WaitForStateChangedAsync(ChannelState lastObservedState, Nullable`1 deadline)
   at Grpc.Core.Channel.ConnectAsync(Nullable`1 deadline)
   at SkyApm.Transport.Grpc.ConnectionManager.ConnectAsync()
2020-02-05 02:07:46.184 +08:00 [Denggaopan.SkywalkingDemo.ServiceB] [Information] SkyApm.Transport.Grpc.ConnectionManager : Shutdown connection[192.168.10.50:11800].
2020-02-05 02:07:56.186 +08:00 [Denggaopan.SkywalkingDemo.ServiceB] [Error] SkyApm.Transport.Grpc.ConnectionManager : Connect server timeout.
System.Threading.Tasks.TaskCanceledException: Reached deadline.
   at Grpc.Core.Channel.WaitForStateChangedAsync(ChannelState lastObservedState, Nullable`1 deadline)
   at Grpc.Core.Channel.ConnectAsync(Nullable`1 deadline)
   at SkyApm.Transport.Grpc.ConnectionManager.ConnectAsync()
2020-02-05 02:08:01.182 +08:00 [Denggaopan.SkywalkingDemo.ServiceB] [Information] SkyApm.Transport.Grpc.ConnectionManager : Shutdown connection[192.168.10.50:11800].
2020-02-05 02:08:11.190 +08:00 [Denggaopan.SkywalkingDemo.ServiceB] [Error] SkyApm.Transport.Grpc.ConnectionManager : Connect server timeout.
System.Threading.Tasks.TaskCanceledException: Reached deadline.
   at Grpc.Core.Channel.WaitForStateChangedAsync(ChannelState lastObservedState, Nullable`1 deadline)
   at Grpc.Core.Channel.ConnectAsync(Nullable`1 deadline)
   at SkyApm.Transport.Grpc.ConnectionManager.ConnectAsync()
2020-02-05 02:08:16.184 +08:00 [Denggaopan.SkywalkingDemo.ServiceB] [Information] SkyApm.Transport.Grpc.ConnectionManager : Shutdown connection[192.168.10.50:11800].
2020-02-05 02:08:26.190 +08:00 [Denggaopan.SkywalkingDemo.ServiceB] [Error] SkyApm.Transport.Grpc.ConnectionManager : Connect server timeout.
System.Threading.Tasks.TaskCanceledException: Reached deadline.
   at Grpc.Core.Channel.WaitForStateChangedAsync(ChannelState lastObservedState, Nullable`1 deadline)
   at Grpc.Core.Channel.ConnectAsync(Nullable`1 deadline)
   at SkyApm.Transport.Grpc.ConnectionManager.ConnectAsync()
2020-02-05 02:08:31.182 +08:00 [Denggaopan.SkywalkingDemo.ServiceB] [Information] SkyApm.Transport.Grpc.ConnectionManager : Shutdown connection[192.168.10.50:11800].
2020-02-05 02:08:41.185 +08:00 [Denggaopan.SkywalkingDemo.ServiceB] [Error] SkyApm.Transport.Grpc.ConnectionManager : Connect server timeout.
System.Threading.Tasks.TaskCanceledException: Reached deadline.
   at Grpc.Core.Channel.WaitForStateChangedAsync(ChannelState lastObservedState, Nullable`1 deadline)
   at Grpc.Core.Channel.ConnectAsync(Nullable`1 deadline)
   at SkyApm.Transport.Grpc.ConnectionManager.ConnectAsync()
2020-02-05 02:08:46.182 +08:00 [Denggaopan.SkywalkingDemo.ServiceB] [Information] SkyApm.Transport.Grpc.ConnectionManager : Shutdown connection[192.168.10.50:11800].
2020-02-05 02:08:56.186 +08:00 [Denggaopan.SkywalkingDemo.ServiceB] [Error] SkyApm.Transport.Grpc.ConnectionManager : Connect server timeout.
System.Threading.Tasks.TaskCanceledException: Reached deadline.
   at Grpc.Core.Channel.WaitForStateChangedAsync(ChannelState lastObservedState, Nullable`1 deadline)
   at Grpc.Core.Channel.ConnectAsync(Nullable`1 deadline)
   at SkyApm.Transport.Grpc.ConnectionManager.ConnectAsync()
2020-02-05 02:09:01.182 +08:00 [Denggaopan.SkywalkingDemo.ServiceB] [Information] SkyApm.Transport.Grpc.ConnectionManager : Shutdown connection[192.168.10.50:11800].
2020-02-05 02:09:11.186 +08:00 [Denggaopan.SkywalkingDemo.ServiceB] [Error] SkyApm.Transport.Grpc.ConnectionManager : Connect server timeout.
System.Threading.Tasks.TaskCanceledException: Reached deadline.
   at Grpc.Core.Channel.WaitForStateChangedAsync(ChannelState lastObservedState, Nullable`1 deadline)
   at Grpc.Core.Channel.ConnectAsync(Nullable`1 deadline)
   at SkyApm.Transport.Grpc.ConnectionManager.ConnectAsync()
2020-02-05 02:09:16.182 +08:00 [Denggaopan.SkywalkingDemo.ServiceB] [Information] SkyApm.Transport.Grpc.ConnectionManager : Shutdown connection[192.168.10.50:11800].
2020-02-05 02:09:26.185 +08:00 [Denggaopan.SkywalkingDemo.ServiceB] [Error] SkyApm.Transport.Grpc.ConnectionManager : Connect server timeout.
System.Threading.Tasks.TaskCanceledException: Reached deadline.
   at Grpc.Core.Channel.WaitForStateChangedAsync(ChannelState lastObservedState, Nullable`1 deadline)
   at Grpc.Core.Channel.ConnectAsync(Nullable`1 deadline)
   at SkyApm.Transport.Grpc.ConnectionManager.ConnectAsync()
2020-02-05 02:09:31.182 +08:00 [Denggaopan.SkywalkingDemo.ServiceB] [Information] SkyApm.Transport.Grpc.ConnectionManager : Shutdown connection[192.168.10.50:11800].
2020-02-05 02:09:41.185 +08:00 [Denggaopan.SkywalkingDemo.ServiceB] [Error] SkyApm.Transport.Grpc.ConnectionManager : Connect server timeout.
System.Threading.Tasks.TaskCanceledException: Reached deadline.
   at Grpc.Core.Channel.WaitForStateChangedAsync(ChannelState lastObservedState, Nullable`1 deadline)
   at Grpc.Core.Channel.ConnectAsync(Nullable`1 deadline)
   at SkyApm.Transport.Grpc.ConnectionManager.ConnectAsync()
2020-02-05 02:09:46.184 +08:00 [Denggaopan.SkywalkingDemo.ServiceB] [Information] SkyApm.Transport.Grpc.ConnectionManager : Shutdown connection[192.168.10.50:11800].
2020-02-05 02:09:56.191 +08:00 [Denggaopan.SkywalkingDemo.ServiceB] [Error] SkyApm.Transport.Grpc.ConnectionManager : Connect server timeout.
System.Threading.Tasks.TaskCanceledException: Reached deadline.
   at Grpc.Core.Channel.WaitForStateChangedAsync(ChannelState lastObservedState, Nullable`1 deadline)
   at Grpc.Core.Channel.ConnectAsync(Nullable`1 deadline)
   at SkyApm.Transport.Grpc.ConnectionManager.ConnectAsync()
2020-02-05 02:10:01.185 +08:00 [Denggaopan.SkywalkingDemo.ServiceB] [Information] SkyApm.Transport.Grpc.ConnectionManager : Shutdown connection[192.168.10.50:11800].
2020-02-05 02:10:11.191 +08:00 [Denggaopan.SkywalkingDemo.ServiceB] [Error] SkyApm.Transport.Grpc.ConnectionManager : Connect server timeout.
System.Threading.Tasks.TaskCanceledException: Reached deadline.
   at Grpc.Core.Channel.WaitForStateChangedAsync(ChannelState lastObservedState, Nullable`1 deadline)
   at Grpc.Core.Channel.ConnectAsync(Nullable`1 deadline)
   at SkyApm.Transport.Grpc.ConnectionManager.ConnectAsync()
2020-02-05 02:10:16.188 +08:00 [Denggaopan.SkywalkingDemo.ServiceB] [Information] SkyApm.Transport.Grpc.ConnectionManager : Shutdown connection[192.168.10.50:11800].
2020-02-05 02:10:26.195 +08:00 [Denggaopan.SkywalkingDemo.ServiceB] [Error] SkyApm.Transport.Grpc.ConnectionManager : Connect server timeout.
System.Threading.Tasks.TaskCanceledException: Reached deadline.
   at Grpc.Core.Channel.WaitForStateChangedAsync(ChannelState lastObservedState, Nullable`1 deadline)
   at Grpc.Core.Channel.ConnectAsync(Nullable`1 deadline)
   at SkyApm.Transport.Grpc.ConnectionManager.ConnectAsync()
2020-02-05 02:10:31.183 +08:00 [Denggaopan.SkywalkingDemo.ServiceB] [Information] SkyApm.Transport.Grpc.ConnectionManager : Shutdown connection[192.168.10.50:11800].
2020-02-05 02:10:41.192 +08:00 [Denggaopan.SkywalkingDemo.ServiceB] [Error] SkyApm.Transport.Grpc.ConnectionManager : Connect server timeout.
System.Threading.Tasks.TaskCanceledException: Reached deadline.
   at Grpc.Core.Channel.WaitForStateChangedAsync(ChannelState lastObservedState, Nullable`1 deadline)
   at Grpc.Core.Channel.ConnectAsync(Nullable`1 deadline)
   at SkyApm.Transport.Grpc.ConnectionManager.ConnectAsync()
2020-02-05 02:10:46.184 +08:00 [Denggaopan.SkywalkingDemo.ServiceB] [Information] SkyApm.Transport.Grpc.ConnectionManager : Shutdown connection[192.168.10.50:11800].
2020-02-05 02:10:56.187 +08:00 [Denggaopan.SkywalkingDemo.ServiceB] [Error] SkyApm.Transport.Grpc.ConnectionManager : Connect server timeout.
System.Threading.Tasks.TaskCanceledException: Reached deadline.
   at Grpc.Core.Channel.WaitForStateChangedAsync(ChannelState lastObservedState, Nullable`1 deadline)
   at Grpc.Core.Channel.ConnectAsync(Nullable`1 deadline)
   at SkyApm.Transport.Grpc.ConnectionManager.ConnectAsync()
2020-02-05 02:11:01.186 +08:00 [Denggaopan.SkywalkingDemo.ServiceB] [Information] SkyApm.Transport.Grpc.ConnectionManager : Shutdown connection[192.168.10.50:11800].
2020-02-05 02:11:11.195 +08:00 [Denggaopan.SkywalkingDemo.ServiceB] [Error] SkyApm.Transport.Grpc.ConnectionManager : Connect server timeout.
System.Threading.Tasks.TaskCanceledException: Reached deadline.
   at Grpc.Core.Channel.WaitForStateChangedAsync(ChannelState lastObservedState, Nullable`1 deadline)
   at Grpc.Core.Channel.ConnectAsync(Nullable`1 deadline)
   at SkyApm.Transport.Grpc.ConnectionManager.ConnectAsync()
2020-02-05 02:11:16.184 +08:00 [Denggaopan.SkywalkingDemo.ServiceB] [Information] SkyApm.Transport.Grpc.ConnectionManager : Shutdown connection[192.168.10.50:11800].
2020-02-05 02:11:26.187 +08:00 [Denggaopan.SkywalkingDemo.ServiceB] [Error] SkyApm.Transport.Grpc.ConnectionManager : Connect server timeout.
System.Threading.Tasks.TaskCanceledException: Reached deadline.
   at Grpc.Core.Channel.WaitForStateChangedAsync(ChannelState lastObservedState, Nullable`1 deadline)
   at Grpc.Core.Channel.ConnectAsync(Nullable`1 deadline)
   at SkyApm.Transport.Grpc.ConnectionManager.ConnectAsync()
2020-02-05 02:11:31.184 +08:00 [Denggaopan.SkywalkingDemo.ServiceB] [Information] SkyApm.Transport.Grpc.ConnectionManager : Shutdown connection[192.168.10.50:11800].
2020-02-05 02:11:41.188 +08:00 [Denggaopan.SkywalkingDemo.ServiceB] [Error] SkyApm.Transport.Grpc.ConnectionManager : Connect server timeout.
System.Threading.Tasks.TaskCanceledException: Reached deadline.
   at Grpc.Core.Channel.WaitForStateChangedAsync(ChannelState lastObservedState, Nullable`1 deadline)
   at Grpc.Core.Channel.ConnectAsync(Nullable`1 deadline)
   at SkyApm.Transport.Grpc.ConnectionManager.ConnectAsync()
2020-02-05 02:11:46.185 +08:00 [Denggaopan.SkywalkingDemo.ServiceB] [Information] SkyApm.Transport.Grpc.ConnectionManager : Shutdown connection[192.168.10.50:11800].
2020-02-05 02:11:56.193 +08:00 [Denggaopan.SkywalkingDemo.ServiceB] [Error] SkyApm.Transport.Grpc.ConnectionManager : Connect server timeout.
System.Threading.Tasks.TaskCanceledException: Reached deadline.
   at Grpc.Core.Channel.WaitForStateChangedAsync(ChannelState lastObservedState, Nullable`1 deadline)
   at Grpc.Core.Channel.ConnectAsync(Nullable`1 deadline)
   at SkyApm.Transport.Grpc.ConnectionManager.ConnectAsync()
2020-02-05 02:12:01.188 +08:00 [Denggaopan.SkywalkingDemo.ServiceB] [Information] SkyApm.Transport.Grpc.ConnectionManager : Shutdown connection[192.168.10.50:11800].
2020-02-05 02:12:11.196 +08:00 [Denggaopan.SkywalkingDemo.ServiceB] [Error] SkyApm.Transport.Grpc.ConnectionManager : Connect server timeout.
System.Threading.Tasks.TaskCanceledException: Reached deadline.
   at Grpc.Core.Channel.WaitForStateChangedAsync(ChannelState lastObservedState, Nullable`1 deadline)
   at Grpc.Core.Channel.ConnectAsync(Nullable`1 deadline)
   at SkyApm.Transport.Grpc.ConnectionManager.ConnectAsync()
2020-02-05 02:12:16.183 +08:00 [Denggaopan.SkywalkingDemo.ServiceB] [Information] SkyApm.Transport.Grpc.ConnectionManager : Shutdown connection[192.168.10.50:11800].
2020-02-05 02:12:26.185 +08:00 [Denggaopan.SkywalkingDemo.ServiceB] [Error] SkyApm.Transport.Grpc.ConnectionManager : Connect server timeout.
System.Threading.Tasks.TaskCanceledException: Reached deadline.
   at Grpc.Core.Channel.WaitForStateChangedAsync(ChannelState lastObservedState, Nullable`1 deadline)
   at Grpc.Core.Channel.ConnectAsync(Nullable`1 deadline)
   at SkyApm.Transport.Grpc.ConnectionManager.ConnectAsync()
2020-02-05 02:12:31.182 +08:00 [Denggaopan.SkywalkingDemo.ServiceB] [Information] SkyApm.Transport.Grpc.ConnectionManager : Shutdown connection[192.168.10.50:11800].
2020-02-05 02:12:41.185 +08:00 [Denggaopan.SkywalkingDemo.ServiceB] [Error] SkyApm.Transport.Grpc.ConnectionManager : Connect server timeout.
System.Threading.Tasks.TaskCanceledException: Reached deadline.
   at Grpc.Core.Channel.WaitForStateChangedAsync(ChannelState lastObservedState, Nullable`1 deadline)
   at Grpc.Core.Channel.ConnectAsync(Nullable`1 deadline)
   at SkyApm.Transport.Grpc.ConnectionManager.ConnectAsync()
2020-02-05 02:12:46.184 +08:00 [Denggaopan.SkywalkingDemo.ServiceB] [Information] SkyApm.Transport.Grpc.ConnectionManager : Shutdown connection[192.168.10.50:11800].
2020-02-05 02:12:56.189 +08:00 [Denggaopan.SkywalkingDemo.ServiceB] [Error] SkyApm.Transport.Grpc.ConnectionManager : Connect server timeout.
System.Threading.Tasks.TaskCanceledException: Reached deadline.
   at Grpc.Core.Channel.WaitForStateChangedAsync(ChannelState lastObservedState, Nullable`1 deadline)
   at Grpc.Core.Channel.ConnectAsync(Nullable`1 deadline)
   at SkyApm.Transport.Grpc.ConnectionManager.ConnectAsync()
2020-02-05 02:13:01.183 +08:00 [Denggaopan.SkywalkingDemo.ServiceB] [Information] SkyApm.Transport.Grpc.ConnectionManager : Shutdown connection[192.168.10.50:11800].
2020-02-05 02:13:11.189 +08:00 [Denggaopan.SkywalkingDemo.ServiceB] [Error] SkyApm.Transport.Grpc.ConnectionManager : Connect server timeout.
System.Threading.Tasks.TaskCanceledException: Reached deadline.
   at Grpc.Core.Channel.WaitForStateChangedAsync(ChannelState lastObservedState, Nullable`1 deadline)
   at Grpc.Core.Channel.ConnectAsync(Nullable`1 deadline)
   at SkyApm.Transport.Grpc.ConnectionManager.ConnectAsync()
2020-02-05 02:13:16.185 +08:00 [Denggaopan.SkywalkingDemo.ServiceB] [Information] SkyApm.Transport.Grpc.ConnectionManager : Shutdown connection[192.168.10.50:11800].
2020-02-05 02:13:26.190 +08:00 [Denggaopan.SkywalkingDemo.ServiceB] [Error] SkyApm.Transport.Grpc.ConnectionManager : Connect server timeout.
System.Threading.Tasks.TaskCanceledException: Reached deadline.
   at Grpc.Core.Channel.WaitForStateChangedAsync(ChannelState lastObservedState, Nullable`1 deadline)
   at Grpc.Core.Channel.ConnectAsync(Nullable`1 deadline)
   at SkyApm.Transport.Grpc.ConnectionManager.ConnectAsync()
2020-02-05 02:13:31.180 +08:00 [Denggaopan.SkywalkingDemo.ServiceB] [Information] SkyApm.Transport.Grpc.ConnectionManager : Shutdown connection[192.168.10.50:11800].
2020-02-05 02:13:41.185 +08:00 [Denggaopan.SkywalkingDemo.ServiceB] [Error] SkyApm.Transport.Grpc.ConnectionManager : Connect server timeout.
System.Threading.Tasks.TaskCanceledException: Reached deadline.
   at Grpc.Core.Channel.WaitForStateChangedAsync(ChannelState lastObservedState, Nullable`1 deadline)
   at Grpc.Core.Channel.ConnectAsync(Nullable`1 deadline)
   at SkyApm.Transport.Grpc.ConnectionManager.ConnectAsync()
2020-02-05 02:13:46.182 +08:00 [Denggaopan.SkywalkingDemo.ServiceB] [Information] SkyApm.Transport.Grpc.ConnectionManager : Shutdown connection[192.168.10.50:11800].
2020-02-05 02:13:56.188 +08:00 [Denggaopan.SkywalkingDemo.ServiceB] [Error] SkyApm.Transport.Grpc.ConnectionManager : Connect server timeout.
System.Threading.Tasks.TaskCanceledException: Reached deadline.
   at Grpc.Core.Channel.WaitForStateChangedAsync(ChannelState lastObservedState, Nullable`1 deadline)
   at Grpc.Core.Channel.ConnectAsync(Nullable`1 deadline)
   at SkyApm.Transport.Grpc.ConnectionManager.ConnectAsync()
2020-02-05 02:14:01.182 +08:00 [Denggaopan.SkywalkingDemo.ServiceB] [Information] SkyApm.Transport.Grpc.ConnectionManager : Shutdown connection[192.168.10.50:11800].
2020-02-05 02:14:11.190 +08:00 [Denggaopan.SkywalkingDemo.ServiceB] [Error] SkyApm.Transport.Grpc.ConnectionManager : Connect server timeout.
System.Threading.Tasks.TaskCanceledException: Reached deadline.
   at Grpc.Core.Channel.WaitForStateChangedAsync(ChannelState lastObservedState, Nullable`1 deadline)
   at Grpc.Core.Channel.ConnectAsync(Nullable`1 deadline)
   at SkyApm.Transport.Grpc.ConnectionManager.ConnectAsync()
2020-02-05 02:14:16.186 +08:00 [Denggaopan.SkywalkingDemo.ServiceB] [Information] SkyApm.Transport.Grpc.ConnectionManager : Shutdown connection[192.168.10.50:11800].
2020-02-05 02:14:26.191 +08:00 [Denggaopan.SkywalkingDemo.ServiceB] [Error] SkyApm.Transport.Grpc.ConnectionManager : Connect server timeout.
System.Threading.Tasks.TaskCanceledException: Reached deadline.
   at Grpc.Core.Channel.WaitForStateChangedAsync(ChannelState lastObservedState, Nullable`1 deadline)
   at Grpc.Core.Channel.ConnectAsync(Nullable`1 deadline)
   at SkyApm.Transport.Grpc.ConnectionManager.ConnectAsync()
2020-02-05 02:14:31.186 +08:00 [Denggaopan.SkywalkingDemo.ServiceB] [Information] SkyApm.Transport.Grpc.ConnectionManager : Shutdown connection[192.168.10.50:11800].
2020-02-05 02:14:41.188 +08:00 [Denggaopan.SkywalkingDemo.ServiceB] [Error] SkyApm.Transport.Grpc.ConnectionManager : Connect server timeout.
System.Threading.Tasks.TaskCanceledException: Reached deadline.
   at Grpc.Core.Channel.WaitForStateChangedAsync(ChannelState lastObservedState, Nullable`1 deadline)
   at Grpc.Core.Channel.ConnectAsync(Nullable`1 deadline)
   at SkyApm.Transport.Grpc.ConnectionManager.ConnectAsync()
2020-02-05 02:14:46.189 +08:00 [Denggaopan.SkywalkingDemo.ServiceB] [Information] SkyApm.Transport.Grpc.ConnectionManager : Shutdown connection[192.168.10.50:11800].
2020-02-05 02:14:56.196 +08:00 [Denggaopan.SkywalkingDemo.ServiceB] [Error] SkyApm.Transport.Grpc.ConnectionManager : Connect server timeout.
System.Threading.Tasks.TaskCanceledException: Reached deadline.
   at Grpc.Core.Channel.WaitForStateChangedAsync(ChannelState lastObservedState, Nullable`1 deadline)
   at Grpc.Core.Channel.ConnectAsync(Nullable`1 deadline)
   at SkyApm.Transport.Grpc.ConnectionManager.ConnectAsync()
2020-02-05 02:15:01.181 +08:00 [Denggaopan.SkywalkingDemo.ServiceB] [Information] SkyApm.Transport.Grpc.ConnectionManager : Shutdown connection[192.168.10.50:11800].
2020-02-05 02:15:11.188 +08:00 [Denggaopan.SkywalkingDemo.ServiceB] [Error] SkyApm.Transport.Grpc.ConnectionManager : Connect server timeout.
System.Threading.Tasks.TaskCanceledException: Reached deadline.
   at Grpc.Core.Channel.WaitForStateChangedAsync(ChannelState lastObservedState, Nullable`1 deadline)
   at Grpc.Core.Channel.ConnectAsync(Nullable`1 deadline)
   at SkyApm.Transport.Grpc.ConnectionManager.ConnectAsync()
2020-02-05 02:15:16.187 +08:00 [Denggaopan.SkywalkingDemo.ServiceB] [Information] SkyApm.Transport.Grpc.ConnectionManager : Shutdown connection[192.168.10.50:11800].
2020-02-05 02:15:26.194 +08:00 [Denggaopan.SkywalkingDemo.ServiceB] [Error] SkyApm.Transport.Grpc.ConnectionManager : Connect server timeout.
System.Threading.Tasks.TaskCanceledException: Reached deadline.
   at Grpc.Core.Channel.WaitForStateChangedAsync(ChannelState lastObservedState, Nullable`1 deadline)
   at Grpc.Core.Channel.ConnectAsync(Nullable`1 deadline)
   at SkyApm.Transport.Grpc.ConnectionManager.ConnectAsync()
2020-02-05 02:15:31.186 +08:00 [Denggaopan.SkywalkingDemo.ServiceB] [Information] SkyApm.Transport.Grpc.ConnectionManager : Shutdown connection[192.168.10.50:11800].
2020-02-05 02:15:41.193 +08:00 [Denggaopan.SkywalkingDemo.ServiceB] [Error] SkyApm.Transport.Grpc.ConnectionManager : Connect server timeout.
System.Threading.Tasks.TaskCanceledException: Reached deadline.
   at Grpc.Core.Channel.WaitForStateChangedAsync(ChannelState lastObservedState, Nullable`1 deadline)
   at Grpc.Core.Channel.ConnectAsync(Nullable`1 deadline)
   at SkyApm.Transport.Grpc.ConnectionManager.ConnectAsync()
2020-02-05 02:15:46.183 +08:00 [Denggaopan.SkywalkingDemo.ServiceB] [Information] SkyApm.Transport.Grpc.ConnectionManager : Shutdown connection[192.168.10.50:11800].
2020-02-05 02:15:56.187 +08:00 [Denggaopan.SkywalkingDemo.ServiceB] [Error] SkyApm.Transport.Grpc.ConnectionManager : Connect server timeout.
System.Threading.Tasks.TaskCanceledException: Reached deadline.
   at Grpc.Core.Channel.WaitForStateChangedAsync(ChannelState lastObservedState, Nullable`1 deadline)
   at Grpc.Core.Channel.ConnectAsync(Nullable`1 deadline)
   at SkyApm.Transport.Grpc.ConnectionManager.ConnectAsync()
2020-02-05 02:16:01.180 +08:00 [Denggaopan.SkywalkingDemo.ServiceB] [Information] SkyApm.Transport.Grpc.ConnectionManager : Shutdown connection[192.168.10.50:11800].
2020-02-05 02:16:11.184 +08:00 [Denggaopan.SkywalkingDemo.ServiceB] [Error] SkyApm.Transport.Grpc.ConnectionManager : Connect server timeout.
System.Threading.Tasks.TaskCanceledException: Reached deadline.
   at Grpc.Core.Channel.WaitForStateChangedAsync(ChannelState lastObservedState, Nullable`1 deadline)
   at Grpc.Core.Channel.ConnectAsync(Nullable`1 deadline)
   at SkyApm.Transport.Grpc.ConnectionManager.ConnectAsync()
2020-02-05 02:16:16.182 +08:00 [Denggaopan.SkywalkingDemo.ServiceB] [Information] SkyApm.Transport.Grpc.ConnectionManager : Shutdown connection[192.168.10.50:11800].
2020-02-05 02:16:26.185 +08:00 [Denggaopan.SkywalkingDemo.ServiceB] [Error] SkyApm.Transport.Grpc.ConnectionManager : Connect server timeout.
System.Threading.Tasks.TaskCanceledException: Reached deadline.
   at Grpc.Core.Channel.WaitForStateChangedAsync(ChannelState lastObservedState, Nullable`1 deadline)
   at Grpc.Core.Channel.ConnectAsync(Nullable`1 deadline)
   at SkyApm.Transport.Grpc.ConnectionManager.ConnectAsync()
2020-02-05 02:16:31.188 +08:00 [Denggaopan.SkywalkingDemo.ServiceB] [Information] SkyApm.Transport.Grpc.ConnectionManager : Shutdown connection[192.168.10.50:11800].
2020-02-05 02:16:41.195 +08:00 [Denggaopan.SkywalkingDemo.ServiceB] [Error] SkyApm.Transport.Grpc.ConnectionManager : Connect server timeout.
System.Threading.Tasks.TaskCanceledException: Reached deadline.
   at Grpc.Core.Channel.WaitForStateChangedAsync(ChannelState lastObservedState, Nullable`1 deadline)
   at Grpc.Core.Channel.ConnectAsync(Nullable`1 deadline)
   at SkyApm.Transport.Grpc.ConnectionManager.ConnectAsync()
2020-02-05 02:16:46.184 +08:00 [Denggaopan.SkywalkingDemo.ServiceB] [Information] SkyApm.Transport.Grpc.ConnectionManager : Shutdown connection[192.168.10.50:11800].
2020-02-05 02:16:56.189 +08:00 [Denggaopan.SkywalkingDemo.ServiceB] [Error] SkyApm.Transport.Grpc.ConnectionManager : Connect server timeout.
System.Threading.Tasks.TaskCanceledException: Reached deadline.
   at Grpc.Core.Channel.WaitForStateChangedAsync(ChannelState lastObservedState, Nullable`1 deadline)
   at Grpc.Core.Channel.ConnectAsync(Nullable`1 deadline)
   at SkyApm.Transport.Grpc.ConnectionManager.ConnectAsync()
2020-02-05 02:17:01.184 +08:00 [Denggaopan.SkywalkingDemo.ServiceB] [Information] SkyApm.Transport.Grpc.ConnectionManager : Shutdown connection[192.168.10.50:11800].
2020-02-05 02:17:11.189 +08:00 [Denggaopan.SkywalkingDemo.ServiceB] [Error] SkyApm.Transport.Grpc.ConnectionManager : Connect server timeout.
System.Threading.Tasks.TaskCanceledException: Reached deadline.
   at Grpc.Core.Channel.WaitForStateChangedAsync(ChannelState lastObservedState, Nullable`1 deadline)
   at Grpc.Core.Channel.ConnectAsync(Nullable`1 deadline)
   at SkyApm.Transport.Grpc.ConnectionManager.ConnectAsync()
2020-02-05 02:17:16.183 +08:00 [Denggaopan.SkywalkingDemo.ServiceB] [Information] SkyApm.Transport.Grpc.ConnectionManager : Shutdown connection[192.168.10.50:11800].
2020-02-05 02:17:26.190 +08:00 [Denggaopan.SkywalkingDemo.ServiceB] [Error] SkyApm.Transport.Grpc.ConnectionManager : Connect server timeout.
System.Threading.Tasks.TaskCanceledException: Reached deadline.
   at Grpc.Core.Channel.WaitForStateChangedAsync(ChannelState lastObservedState, Nullable`1 deadline)
   at Grpc.Core.Channel.ConnectAsync(Nullable`1 deadline)
   at SkyApm.Transport.Grpc.ConnectionManager.ConnectAsync()
2020-02-05 02:17:31.180 +08:00 [Denggaopan.SkywalkingDemo.ServiceB] [Information] SkyApm.Transport.Grpc.ConnectionManager : Shutdown connection[192.168.10.50:11800].
2020-02-05 02:17:41.185 +08:00 [Denggaopan.SkywalkingDemo.ServiceB] [Error] SkyApm.Transport.Grpc.ConnectionManager : Connect server timeout.
System.Threading.Tasks.TaskCanceledException: Reached deadline.
   at Grpc.Core.Channel.WaitForStateChangedAsync(ChannelState lastObservedState, Nullable`1 deadline)
   at Grpc.Core.Channel.ConnectAsync(Nullable`1 deadline)
   at SkyApm.Transport.Grpc.ConnectionManager.ConnectAsync()
2020-02-05 02:17:46.183 +08:00 [Denggaopan.SkywalkingDemo.ServiceB] [Information] SkyApm.Transport.Grpc.ConnectionManager : Shutdown connection[192.168.10.50:11800].
2020-02-05 02:17:56.187 +08:00 [Denggaopan.SkywalkingDemo.ServiceB] [Error] SkyApm.Transport.Grpc.ConnectionManager : Connect server timeout.
System.Threading.Tasks.TaskCanceledException: Reached deadline.
   at Grpc.Core.Channel.WaitForStateChangedAsync(ChannelState lastObservedState, Nullable`1 deadline)
   at Grpc.Core.Channel.ConnectAsync(Nullable`1 deadline)
   at SkyApm.Transport.Grpc.ConnectionManager.ConnectAsync()
2020-02-05 02:18:01.183 +08:00 [Denggaopan.SkywalkingDemo.ServiceB] [Information] SkyApm.Transport.Grpc.ConnectionManager : Shutdown connection[192.168.10.50:11800].
2020-02-05 02:18:11.190 +08:00 [Denggaopan.SkywalkingDemo.ServiceB] [Error] SkyApm.Transport.Grpc.ConnectionManager : Connect server timeout.
System.Threading.Tasks.TaskCanceledException: Reached deadline.
   at Grpc.Core.Channel.WaitForStateChangedAsync(ChannelState lastObservedState, Nullable`1 deadline)
   at Grpc.Core.Channel.ConnectAsync(Nullable`1 deadline)
   at SkyApm.Transport.Grpc.ConnectionManager.ConnectAsync()
2020-02-05 02:18:16.183 +08:00 [Denggaopan.SkywalkingDemo.ServiceB] [Information] SkyApm.Transport.Grpc.ConnectionManager : Shutdown connection[192.168.10.50:11800].
2020-02-05 02:18:26.187 +08:00 [Denggaopan.SkywalkingDemo.ServiceB] [Error] SkyApm.Transport.Grpc.ConnectionManager : Connect server timeout.
System.Threading.Tasks.TaskCanceledException: Reached deadline.
   at Grpc.Core.Channel.WaitForStateChangedAsync(ChannelState lastObservedState, Nullable`1 deadline)
   at Grpc.Core.Channel.ConnectAsync(Nullable`1 deadline)
   at SkyApm.Transport.Grpc.ConnectionManager.ConnectAsync()
2020-02-05 02:18:31.184 +08:00 [Denggaopan.SkywalkingDemo.ServiceB] [Information] SkyApm.Transport.Grpc.ConnectionManager : Shutdown connection[192.168.10.50:11800].
2020-02-05 02:18:41.193 +08:00 [Denggaopan.SkywalkingDemo.ServiceB] [Error] SkyApm.Transport.Grpc.ConnectionManager : Connect server timeout.
System.Threading.Tasks.TaskCanceledException: Reached deadline.
   at Grpc.Core.Channel.WaitForStateChangedAsync(ChannelState lastObservedState, Nullable`1 deadline)
   at Grpc.Core.Channel.ConnectAsync(Nullable`1 deadline)
   at SkyApm.Transport.Grpc.ConnectionManager.ConnectAsync()
2020-02-05 02:18:46.186 +08:00 [Denggaopan.SkywalkingDemo.ServiceB] [Information] SkyApm.Transport.Grpc.ConnectionManager : Shutdown connection[192.168.10.50:11800].
2020-02-05 02:18:56.193 +08:00 [Denggaopan.SkywalkingDemo.ServiceB] [Error] SkyApm.Transport.Grpc.ConnectionManager : Connect server timeout.
System.Threading.Tasks.TaskCanceledException: Reached deadline.
   at Grpc.Core.Channel.WaitForStateChangedAsync(ChannelState lastObservedState, Nullable`1 deadline)
   at Grpc.Core.Channel.ConnectAsync(Nullable`1 deadline)
   at SkyApm.Transport.Grpc.ConnectionManager.ConnectAsync()
2020-02-05 02:19:01.182 +08:00 [Denggaopan.SkywalkingDemo.ServiceB] [Information] SkyApm.Transport.Grpc.ConnectionManager : Shutdown connection[192.168.10.50:11800].
2020-02-05 02:19:11.188 +08:00 [Denggaopan.SkywalkingDemo.ServiceB] [Error] SkyApm.Transport.Grpc.ConnectionManager : Connect server timeout.
System.Threading.Tasks.TaskCanceledException: Reached deadline.
   at Grpc.Core.Channel.WaitForStateChangedAsync(ChannelState lastObservedState, Nullable`1 deadline)
   at Grpc.Core.Channel.ConnectAsync(Nullable`1 deadline)
   at SkyApm.Transport.Grpc.ConnectionManager.ConnectAsync()
2020-02-05 02:19:16.186 +08:00 [Denggaopan.SkywalkingDemo.ServiceB] [Information] SkyApm.Transport.Grpc.ConnectionManager : Shutdown connection[192.168.10.50:11800].
2020-02-05 02:19:26.194 +08:00 [Denggaopan.SkywalkingDemo.ServiceB] [Error] SkyApm.Transport.Grpc.ConnectionManager : Connect server timeout.
System.Threading.Tasks.TaskCanceledException: Reached deadline.
   at Grpc.Core.Channel.WaitForStateChangedAsync(ChannelState lastObservedState, Nullable`1 deadline)
   at Grpc.Core.Channel.ConnectAsync(Nullable`1 deadline)
   at SkyApm.Transport.Grpc.ConnectionManager.ConnectAsync()
2020-02-05 02:19:31.181 +08:00 [Denggaopan.SkywalkingDemo.ServiceB] [Information] SkyApm.Transport.Grpc.ConnectionManager : Shutdown connection[192.168.10.50:11800].
2020-02-05 02:19:41.185 +08:00 [Denggaopan.SkywalkingDemo.ServiceB] [Error] SkyApm.Transport.Grpc.ConnectionManager : Connect server timeout.
System.Threading.Tasks.TaskCanceledException: Reached deadline.
   at Grpc.Core.Channel.WaitForStateChangedAsync(ChannelState lastObservedState, Nullable`1 deadline)
   at Grpc.Core.Channel.ConnectAsync(Nullable`1 deadline)
   at SkyApm.Transport.Grpc.ConnectionManager.ConnectAsync()
2020-02-05 02:19:46.183 +08:00 [Denggaopan.SkywalkingDemo.ServiceB] [Information] SkyApm.Transport.Grpc.ConnectionManager : Shutdown connection[192.168.10.50:11800].
2020-02-05 02:19:56.185 +08:00 [Denggaopan.SkywalkingDemo.ServiceB] [Error] SkyApm.Transport.Grpc.ConnectionManager : Connect server timeout.
System.Threading.Tasks.TaskCanceledException: Reached deadline.
   at Grpc.Core.Channel.WaitForStateChangedAsync(ChannelState lastObservedState, Nullable`1 deadline)
   at Grpc.Core.Channel.ConnectAsync(Nullable`1 deadline)
   at SkyApm.Transport.Grpc.ConnectionManager.ConnectAsync()
2020-02-05 02:20:01.182 +08:00 [Denggaopan.SkywalkingDemo.ServiceB] [Information] SkyApm.Transport.Grpc.ConnectionManager : Shutdown connection[192.168.10.50:11800].
2020-02-05 02:20:11.185 +08:00 [Denggaopan.SkywalkingDemo.ServiceB] [Error] SkyApm.Transport.Grpc.ConnectionManager : Connect server timeout.
System.Threading.Tasks.TaskCanceledException: Reached deadline.
   at Grpc.Core.Channel.WaitForStateChangedAsync(ChannelState lastObservedState, Nullable`1 deadline)
   at Grpc.Core.Channel.ConnectAsync(Nullable`1 deadline)
   at SkyApm.Transport.Grpc.ConnectionManager.ConnectAsync()
2020-02-05 02:20:16.185 +08:00 [Denggaopan.SkywalkingDemo.ServiceB] [Information] SkyApm.Transport.Grpc.ConnectionManager : Shutdown connection[192.168.10.50:11800].
2020-02-05 02:20:26.192 +08:00 [Denggaopan.SkywalkingDemo.ServiceB] [Error] SkyApm.Transport.Grpc.ConnectionManager : Connect server timeout.
System.Threading.Tasks.TaskCanceledException: Reached deadline.
   at Grpc.Core.Channel.WaitForStateChangedAsync(ChannelState lastObservedState, Nullable`1 deadline)
   at Grpc.Core.Channel.ConnectAsync(Nullable`1 deadline)
   at SkyApm.Transport.Grpc.ConnectionManager.ConnectAsync()
2020-02-05 02:20:31.181 +08:00 [Denggaopan.SkywalkingDemo.ServiceB] [Information] SkyApm.Transport.Grpc.ConnectionManager : Shutdown connection[192.168.10.50:11800].
2020-02-05 02:20:41.184 +08:00 [Denggaopan.SkywalkingDemo.ServiceB] [Error] SkyApm.Transport.Grpc.ConnectionManager : Connect server timeout.
System.Threading.Tasks.TaskCanceledException: Reached deadline.
   at Grpc.Core.Channel.WaitForStateChangedAsync(ChannelState lastObservedState, Nullable`1 deadline)
   at Grpc.Core.Channel.ConnectAsync(Nullable`1 deadline)
   at SkyApm.Transport.Grpc.ConnectionManager.ConnectAsync()
2020-02-05 02:20:46.360 +08:00 [Denggaopan.SkywalkingDemo.ServiceB] [Information] SkyApm.Transport.Grpc.ConnectionManager : Shutdown connection[192.168.10.50:11800].
2020-02-05 02:22:04.983 +08:00 [Denggaopan.SkywalkingDemo.ServiceB] [Error] SkyApm.Transport.Grpc.ConnectionManager : Connect server timeout.
System.Threading.Tasks.TaskCanceledException: Reached deadline.
   at Grpc.Core.Channel.WaitForStateChangedAsync(ChannelState lastObservedState, Nullable`1 deadline)
   at Grpc.Core.Channel.ConnectAsync(Nullable`1 deadline)
   at SkyApm.Transport.Grpc.ConnectionManager.ConnectAsync()
2020-02-05 02:22:17.260 +08:00 [Denggaopan.SkywalkingDemo.ServiceB] [Information] SkyApm.Transport.Grpc.ConnectionManager : Shutdown connection[192.168.10.50:11800].
